CRITICAL - 2023-11-29 23:42:13 --> Undefined array key "Paciente_ID"
in APPPATH\Controllers\DatosGenerales.php on line 36.
 1 APPPATH\Controllers\DatosGenerales.php(36): CodeIgniter\Debug\Exceptions->errorHandler(2, 'Undefined array key "Paciente_ID"', 'C:\\Users\\ED HER EST\\Documents\\proyectoFisio\\app\\Controllers\\DatosGenerales.php', 36)
 2 SYSTEMPATH\CodeIgniter.php(919): App\Controllers\DatosGenerales->insert()
 3 SYSTEMPATH\CodeIgniter.php(494): CodeIgniter\CodeIgniter->runController(Object(App\Controllers\DatosGenerales))
 4 SYSTEMPATH\CodeIgniter.php(353): CodeIgniter\CodeIgniter->handleRequest(null, Object(Config\Cache), false)
 5 FCPATH\index.php(79): CodeIgniter\CodeIgniter->run()
 6 SYSTEMPATH\Commands\Server\rewrite.php(47): require_once('C:\\Users\\ED HER EST\\Documents\\proyectoFisio\\public\\index.php')
CRITICAL - 2023-11-29 23:42:23 --> Undefined array key "Paciente_ID"
in APPPATH\Controllers\DatosGenerales.php on line 36.
 1 APPPATH\Controllers\DatosGenerales.php(36): CodeIgniter\Debug\Exceptions->errorHandler(2, 'Undefined array key "Paciente_ID"', 'C:\\Users\\ED HER EST\\Documents\\proyectoFisio\\app\\Controllers\\DatosGenerales.php', 36)
 2 SYSTEMPATH\CodeIgniter.php(919): App\Controllers\DatosGenerales->insert()
 3 SYSTEMPATH\CodeIgniter.php(494): CodeIgniter\CodeIgniter->runController(Object(App\Controllers\DatosGenerales))
 4 SYSTEMPATH\CodeIgniter.php(353): CodeIgniter\CodeIgniter->handleRequest(null, Object(Config\Cache), false)
 5 FCPATH\index.php(79): CodeIgniter\CodeIgniter->run()
 6 SYSTEMPATH\Commands\Server\rewrite.php(47): require_once('C:\\Users\\ED HER EST\\Documents\\proyectoFisio\\public\\index.php')
CRITICAL - 2023-11-29 23:54:52 --> Undefined array key "Paciente_ID"
in APPPATH\Controllers\DatosGenerales.php on line 74.
 1 APPPATH\Controllers\DatosGenerales.php(74): CodeIgniter\Debug\Exceptions->errorHandler(2, 'Undefined array key "Paciente_ID"', 'C:\\Users\\ED HER EST\\Documents\\proyectoFisio\\app\\Controllers\\DatosGenerales.php', 74)
 2 SYSTEMPATH\CodeIgniter.php(919): App\Controllers\DatosGenerales->update()
 3 SYSTEMPATH\CodeIgniter.php(494): CodeIgniter\CodeIgniter->runController(Object(App\Controllers\DatosGenerales))
 4 SYSTEMPATH\CodeIgniter.php(353): CodeIgniter\CodeIgniter->handleRequest(null, Object(Config\Cache), false)
 5 FCPATH\index.php(79): CodeIgniter\CodeIgniter->run()
 6 SYSTEMPATH\Commands\Server\rewrite.php(47): require_once('C:\\Users\\ED HER EST\\Documents\\proyectoFisio\\public\\index.php')
CRITICAL - 2023-11-29 23:56:51 --> Undefined array key "Paciente_ID"
in APPPATH\Controllers\DatosGenerales.php on line 74.
 1 APPPATH\Controllers\DatosGenerales.php(74): CodeIgniter\Debug\Exceptions->errorHandler(2, 'Undefined array key "Paciente_ID"', 'C:\\Users\\ED HER EST\\Documents\\proyectoFisio\\app\\Controllers\\DatosGenerales.php', 74)
 2 SYSTEMPATH\CodeIgniter.php(919): App\Controllers\DatosGenerales->update()
 3 SYSTEMPATH\CodeIgniter.php(494): CodeIgniter\CodeIgniter->runController(Object(App\Controllers\DatosGenerales))
 4 SYSTEMPATH\CodeIgniter.php(353): CodeIgniter\CodeIgniter->handleRequest(null, Object(Config\Cache), false)
 5 FCPATH\index.php(79): CodeIgniter\CodeIgniter->run()
 6 SYSTEMPATH\Commands\Server\rewrite.php(47): require_once('C:\\Users\\ED HER EST\\Documents\\proyectoFisio\\public\\index.php')
