CRITICAL - 2023-11-22 01:04:58 --> Attempt to read property "nombre" on array
in APPPATH\Views\paciente\mostrar.php on line 61.
 1 APPPATH\Views\paciente\mostrar.php(61): CodeIgniter\Debug\Exceptions->errorHandler(2, 'Attempt to read property "nombre" on array', 'C:\\Users\\ED HER EST\\Documents\\proyectoFisio\\app\\Views\\paciente\\mostrar.php', 61)
 2 SYSTEMPATH\View\View.php(226): include('C:\\Users\\ED HER EST\\Documents\\proyectoFisio\\app\\Views\\paciente\\mostrar.php')
 3 SYSTEMPATH\View\View.php(229): CodeIgniter\View\View->CodeIgniter\View\{closure}()
 4 SYSTEMPATH\Common.php(1188): CodeIgniter\View\View->render('paciente/mostrar', [], true)
 5 APPPATH\Controllers\Paciente.php(20): view('paciente/mostrar', [...])
 6 SYSTEMPATH\CodeIgniter.php(919): App\Controllers\Paciente->mostrar()
 7 SYSTEMPATH\CodeIgniter.php(494): CodeIgniter\CodeIgniter->runController(Object(App\Controllers\Paciente))
 8 SYSTEMPATH\CodeIgniter.php(353): CodeIgniter\CodeIgniter->handleRequest(null, Object(Config\Cache), false)
 9 FCPATH\index.php(79): CodeIgniter\CodeIgniter->run()
10 SYSTEMPATH\Commands\Server\rewrite.php(47): require_once('C:\\Users\\ED HER EST\\Documents\\proyectoFisio\\public\\index.php')
CRITICAL - 2023-11-22 01:06:10 --> Attempt to read property "ID_Paciente" on array
in APPPATH\Views\paciente\mostrar.php on line 69.
 1 APPPATH\Views\paciente\mostrar.php(69): CodeIgniter\Debug\Exceptions->errorHandler(2, 'Attempt to read property "ID_Paciente" on array', 'C:\\Users\\ED HER EST\\Documents\\proyectoFisio\\app\\Views\\paciente\\mostrar.php', 69)
 2 SYSTEMPATH\View\View.php(226): include('C:\\Users\\ED HER EST\\Documents\\proyectoFisio\\app\\Views\\paciente\\mostrar.php')
 3 SYSTEMPATH\View\View.php(229): CodeIgniter\View\View->CodeIgniter\View\{closure}()
 4 SYSTEMPATH\Common.php(1188): CodeIgniter\View\View->render('paciente/mostrar', [], true)
 5 APPPATH\Controllers\Paciente.php(20): view('paciente/mostrar', [...])
 6 SYSTEMPATH\CodeIgniter.php(919): App\Controllers\Paciente->mostrar()
 7 SYSTEMPATH\CodeIgniter.php(494): CodeIgniter\CodeIgniter->runController(Object(App\Controllers\Paciente))
 8 SYSTEMPATH\CodeIgniter.php(353): CodeIgniter\CodeIgniter->handleRequest(null, Object(Config\Cache), false)
 9 FCPATH\index.php(79): CodeIgniter\CodeIgniter->run()
10 SYSTEMPATH\Commands\Server\rewrite.php(47): require_once('C:\\Users\\ED HER EST\\Documents\\proyectoFisio\\public\\index.php')
CRITICAL - 2023-11-22 01:11:14 --> Attempt to read property "ID_Paciente" on array
in APPPATH\Views\paciente\mostrar.php on line 69.
 1 APPPATH\Views\paciente\mostrar.php(69): CodeIgniter\Debug\Exceptions->errorHandler(2, 'Attempt to read property "ID_Paciente" on array', 'C:\\Users\\ED HER EST\\Documents\\proyectoFisio\\app\\Views\\paciente\\mostrar.php', 69)
 2 SYSTEMPATH\View\View.php(226): include('C:\\Users\\ED HER EST\\Documents\\proyectoFisio\\app\\Views\\paciente\\mostrar.php')
 3 SYSTEMPATH\View\View.php(229): CodeIgniter\View\View->CodeIgniter\View\{closure}()
 4 SYSTEMPATH\Common.php(1188): CodeIgniter\View\View->render('paciente/mostrar', [], true)
 5 APPPATH\Controllers\Paciente.php(20): view('paciente/mostrar', [...])
 6 SYSTEMPATH\CodeIgniter.php(919): App\Controllers\Paciente->mostrar()
 7 SYSTEMPATH\CodeIgniter.php(494): CodeIgniter\CodeIgniter->runController(Object(App\Controllers\Paciente))
 8 SYSTEMPATH\CodeIgniter.php(353): CodeIgniter\CodeIgniter->handleRequest(null, Object(Config\Cache), false)
 9 FCPATH\index.php(79): CodeIgniter\CodeIgniter->run()
10 SYSTEMPATH\Commands\Server\rewrite.php(47): require_once('C:\\Users\\ED HER EST\\Documents\\proyectoFisio\\public\\index.php')
CRITICAL - 2023-11-22 01:19:30 --> Attempt to read property "nombre" on array
in APPPATH\Views\paciente\buscar.php on line 116.
 1 APPPATH\Views\paciente\buscar.php(116): CodeIgniter\Debug\Exceptions->errorHandler(2, 'Attempt to read property "nombre" on array', 'C:\\Users\\ED HER EST\\Documents\\proyectoFisio\\app\\Views\\paciente\\buscar.php', 116)
 2 SYSTEMPATH\View\View.php(226): include('C:\\Users\\ED HER EST\\Documents\\proyectoFisio\\app\\Views\\paciente\\buscar.php')
 3 SYSTEMPATH\View\View.php(229): CodeIgniter\View\View->CodeIgniter\View\{closure}()
 4 SYSTEMPATH\Common.php(1188): CodeIgniter\View\View->render('paciente/buscar', [], true)
 5 APPPATH\Controllers\Paciente.php(106): view('paciente/buscar', [...])
 6 SYSTEMPATH\CodeIgniter.php(919): App\Controllers\Paciente->buscar()
 7 SYSTEMPATH\CodeIgniter.php(494): CodeIgniter\CodeIgniter->runController(Object(App\Controllers\Paciente))
 8 SYSTEMPATH\CodeIgniter.php(353): CodeIgniter\CodeIgniter->handleRequest(null, Object(Config\Cache), false)
 9 FCPATH\index.php(79): CodeIgniter\CodeIgniter->run()
10 SYSTEMPATH\Commands\Server\rewrite.php(47): require_once('C:\\Users\\ED HER EST\\Documents\\proyectoFisio\\public\\index.php')
CRITICAL - 2023-11-22 01:20:40 --> Undefined array key "usuario"
in APPPATH\Views\paciente\buscar.php on line 117.
 1 APPPATH\Views\paciente\buscar.php(117): CodeIgniter\Debug\Exceptions->errorHandler(2, 'Undefined array key "usuario"', 'C:\\Users\\ED HER EST\\Documents\\proyectoFisio\\app\\Views\\paciente\\buscar.php', 117)
 2 SYSTEMPATH\View\View.php(226): include('C:\\Users\\ED HER EST\\Documents\\proyectoFisio\\app\\Views\\paciente\\buscar.php')
 3 SYSTEMPATH\View\View.php(229): CodeIgniter\View\View->CodeIgniter\View\{closure}()
 4 SYSTEMPATH\Common.php(1188): CodeIgniter\View\View->render('paciente/buscar', [], true)
 5 APPPATH\Controllers\Paciente.php(106): view('paciente/buscar', [...])
 6 SYSTEMPATH\CodeIgniter.php(919): App\Controllers\Paciente->buscar()
 7 SYSTEMPATH\CodeIgniter.php(494): CodeIgniter\CodeIgniter->runController(Object(App\Controllers\Paciente))
 8 SYSTEMPATH\CodeIgniter.php(353): CodeIgniter\CodeIgniter->handleRequest(null, Object(Config\Cache), false)
 9 FCPATH\index.php(79): CodeIgniter\CodeIgniter->run()
10 SYSTEMPATH\Commands\Server\rewrite.php(47): require_once('C:\\Users\\ED HER EST\\Documents\\proyectoFisio\\public\\index.php')
CRITICAL - 2023-11-22 01:25:49 --> Undefined variable $pacientes
in APPPATH\Views\paciente\editar.php on line 104.
 1 APPPATH\Views\paciente\editar.php(104): CodeIgniter\Debug\Exceptions->errorHandler(2, 'Undefined variable $pacientes', 'C:\\Users\\ED HER EST\\Documents\\proyectoFisio\\app\\Views\\paciente\\editar.php', 104)
 2 SYSTEMPATH\View\View.php(226): include('C:\\Users\\ED HER EST\\Documents\\proyectoFisio\\app\\Views\\paciente\\editar.php')
 3 SYSTEMPATH\View\View.php(229): CodeIgniter\View\View->CodeIgniter\View\{closure}()
 4 SYSTEMPATH\Common.php(1188): CodeIgniter\View\View->render('paciente/editar', [], true)
 5 APPPATH\Controllers\Paciente.php(64): view('paciente/editar', [...])
 6 SYSTEMPATH\CodeIgniter.php(919): App\Controllers\Paciente->editar('1')
 7 SYSTEMPATH\CodeIgniter.php(494): CodeIgniter\CodeIgniter->runController(Object(App\Controllers\Paciente))
 8 SYSTEMPATH\CodeIgniter.php(353): CodeIgniter\CodeIgniter->handleRequest(null, Object(Config\Cache), false)
 9 FCPATH\index.php(79): CodeIgniter\CodeIgniter->run()
10 SYSTEMPATH\Commands\Server\rewrite.php(47): require_once('C:\\Users\\ED HER EST\\Documents\\proyectoFisio\\public\\index.php')
CRITICAL - 2023-11-22 01:32:46 --> Undefined array key "usuario"
in APPPATH\Views\paciente\editar.php on line 117.
 1 APPPATH\Views\paciente\editar.php(117): CodeIgniter\Debug\Exceptions->errorHandler(2, 'Undefined array key "usuario"', 'C:\\Users\\ED HER EST\\Documents\\proyectoFisio\\app\\Views\\paciente\\editar.php', 117)
 2 SYSTEMPATH\View\View.php(226): include('C:\\Users\\ED HER EST\\Documents\\proyectoFisio\\app\\Views\\paciente\\editar.php')
 3 SYSTEMPATH\View\View.php(229): CodeIgniter\View\View->CodeIgniter\View\{closure}()
 4 SYSTEMPATH\Common.php(1188): CodeIgniter\View\View->render('paciente/editar', [], true)
 5 APPPATH\Controllers\Paciente.php(64): view('paciente/editar', [...])
 6 SYSTEMPATH\CodeIgniter.php(919): App\Controllers\Paciente->editar('1')
 7 SYSTEMPATH\CodeIgniter.php(494): CodeIgniter\CodeIgniter->runController(Object(App\Controllers\Paciente))
 8 SYSTEMPATH\CodeIgniter.php(353): CodeIgniter\CodeIgniter->handleRequest(null, Object(Config\Cache), false)
 9 FCPATH\index.php(79): CodeIgniter\CodeIgniter->run()
10 SYSTEMPATH\Commands\Server\rewrite.php(47): require_once('C:\\Users\\ED HER EST\\Documents\\proyectoFisio\\public\\index.php')
CRITICAL - 2023-11-22 02:20:39 --> Undefined array key "ine"
in APPPATH\Controllers\Paciente.php on line 40.
 1 APPPATH\Controllers\Paciente.php(40): CodeIgniter\Debug\Exceptions->errorHandler(2, 'Undefined array key "ine"', 'C:\\Users\\ED HER EST\\Documents\\proyectoFisio\\app\\Controllers\\Paciente.php', 40)
 2 SYSTEMPATH\CodeIgniter.php(919): App\Controllers\Paciente->insert()
 3 SYSTEMPATH\CodeIgniter.php(494): CodeIgniter\CodeIgniter->runController(Object(App\Controllers\Paciente))
 4 SYSTEMPATH\CodeIgniter.php(353): CodeIgniter\CodeIgniter->handleRequest(null, Object(Config\Cache), false)
 5 FCPATH\index.php(79): CodeIgniter\CodeIgniter->run()
 6 SYSTEMPATH\Commands\Server\rewrite.php(47): require_once('C:\\Users\\ED HER EST\\Documents\\proyectoFisio\\public\\index.php')
CRITICAL - 2023-11-22 02:30:14 --> Undefined array key "ine"
in APPPATH\Controllers\Paciente.php on line 40.
 1 APPPATH\Controllers\Paciente.php(40): CodeIgniter\Debug\Exceptions->errorHandler(2, 'Undefined array key "ine"', 'C:\\Users\\ED HER EST\\Documents\\proyectoFisio\\app\\Controllers\\Paciente.php', 40)
 2 SYSTEMPATH\CodeIgniter.php(919): App\Controllers\Paciente->insert()
 3 SYSTEMPATH\CodeIgniter.php(494): CodeIgniter\CodeIgniter->runController(Object(App\Controllers\Paciente))
 4 SYSTEMPATH\CodeIgniter.php(353): CodeIgniter\CodeIgniter->handleRequest(null, Object(Config\Cache), false)
 5 FCPATH\index.php(79): CodeIgniter\CodeIgniter->run()
 6 SYSTEMPATH\Commands\Server\rewrite.php(47): require_once('C:\\Users\\ED HER EST\\Documents\\proyectoFisio\\public\\index.php')
CRITICAL - 2023-11-22 02:32:38 --> Undefined array key "ine"
in APPPATH\Controllers\Paciente.php on line 40.
 1 APPPATH\Controllers\Paciente.php(40): CodeIgniter\Debug\Exceptions->errorHandler(2, 'Undefined array key "ine"', 'C:\\Users\\ED HER EST\\Documents\\proyectoFisio\\app\\Controllers\\Paciente.php', 40)
 2 SYSTEMPATH\CodeIgniter.php(919): App\Controllers\Paciente->insert()
 3 SYSTEMPATH\CodeIgniter.php(494): CodeIgniter\CodeIgniter->runController(Object(App\Controllers\Paciente))
 4 SYSTEMPATH\CodeIgniter.php(353): CodeIgniter\CodeIgniter->handleRequest(null, Object(Config\Cache), false)
 5 FCPATH\index.php(79): CodeIgniter\CodeIgniter->run()
 6 SYSTEMPATH\Commands\Server\rewrite.php(47): require_once('C:\\Users\\ED HER EST\\Documents\\proyectoFisio\\public\\index.php')
CRITICAL - 2023-11-22 02:35:17 --> Undefined array key "ine"
in APPPATH\Controllers\Paciente.php on line 78.
 1 APPPATH\Controllers\Paciente.php(78): CodeIgniter\Debug\Exceptions->errorHandler(2, 'Undefined array key "ine"', 'C:\\Users\\ED HER EST\\Documents\\proyectoFisio\\app\\Controllers\\Paciente.php', 78)
 2 SYSTEMPATH\CodeIgniter.php(919): App\Controllers\Paciente->update()
 3 SYSTEMPATH\CodeIgniter.php(494): CodeIgniter\CodeIgniter->runController(Object(App\Controllers\Paciente))
 4 SYSTEMPATH\CodeIgniter.php(353): CodeIgniter\CodeIgniter->handleRequest(null, Object(Config\Cache), false)
 5 FCPATH\index.php(79): CodeIgniter\CodeIgniter->run()
 6 SYSTEMPATH\Commands\Server\rewrite.php(47): require_once('C:\\Users\\ED HER EST\\Documents\\proyectoFisio\\public\\index.php')
CRITICAL - 2023-11-22 02:49:08 --> Undefined variable $fisioterapeuta
in APPPATH\Views\paciente\editar.php on line 94.
 1 APPPATH\Views\paciente\editar.php(94): CodeIgniter\Debug\Exceptions->errorHandler(2, 'Undefined variable $fisioterapeuta', 'C:\\Users\\ED HER EST\\Documents\\proyectoFisio\\app\\Views\\paciente\\editar.php', 94)
 2 SYSTEMPATH\View\View.php(226): include('C:\\Users\\ED HER EST\\Documents\\proyectoFisio\\app\\Views\\paciente\\editar.php')
 3 SYSTEMPATH\View\View.php(229): CodeIgniter\View\View->CodeIgniter\View\{closure}()
 4 SYSTEMPATH\Common.php(1188): CodeIgniter\View\View->render('paciente/editar', [], true)
 5 APPPATH\Controllers\Paciente.php(66): view('paciente/editar', [...])
 6 SYSTEMPATH\CodeIgniter.php(919): App\Controllers\Paciente->editar('1')
 7 SYSTEMPATH\CodeIgniter.php(494): CodeIgniter\CodeIgniter->runController(Object(App\Controllers\Paciente))
 8 SYSTEMPATH\CodeIgniter.php(353): CodeIgniter\CodeIgniter->handleRequest(null, Object(Config\Cache), false)
 9 FCPATH\index.php(79): CodeIgniter\CodeIgniter->run()
10 SYSTEMPATH\Commands\Server\rewrite.php(47): require_once('C:\\Users\\ED HER EST\\Documents\\proyectoFisio\\public\\index.php')
CRITICAL - 2023-11-22 03:39:04 --> Undefined array key "ine"
in APPPATH\Controllers\Paciente.php on line 97.
 1 APPPATH\Controllers\Paciente.php(97): CodeIgniter\Debug\Exceptions->errorHandler(2, 'Undefined array key "ine"', 'C:\\Users\\ED HER EST\\Documents\\proyectoFisio\\app\\Controllers\\Paciente.php', 97)
 2 SYSTEMPATH\CodeIgniter.php(919): App\Controllers\Paciente->buscar()
 3 SYSTEMPATH\CodeIgniter.php(494): CodeIgniter\CodeIgniter->runController(Object(App\Controllers\Paciente))
 4 SYSTEMPATH\CodeIgniter.php(353): CodeIgniter\CodeIgniter->handleRequest(null, Object(Config\Cache), false)
 5 FCPATH\index.php(79): CodeIgniter\CodeIgniter->run()
 6 SYSTEMPATH\Commands\Server\rewrite.php(47): require_once('C:\\Users\\ED HER EST\\Documents\\proyectoFisio\\public\\index.php')
CRITICAL - 2023-11-22 03:40:42 --> Undefined array key "ine"
in APPPATH\Controllers\Paciente.php on line 97.
 1 APPPATH\Controllers\Paciente.php(97): CodeIgniter\Debug\Exceptions->errorHandler(2, 'Undefined array key "ine"', 'C:\\Users\\ED HER EST\\Documents\\proyectoFisio\\app\\Controllers\\Paciente.php', 97)
 2 SYSTEMPATH\CodeIgniter.php(919): App\Controllers\Paciente->buscar()
 3 SYSTEMPATH\CodeIgniter.php(494): CodeIgniter\CodeIgniter->runController(Object(App\Controllers\Paciente))
 4 SYSTEMPATH\CodeIgniter.php(353): CodeIgniter\CodeIgniter->handleRequest(null, Object(Config\Cache), false)
 5 FCPATH\index.php(79): CodeIgniter\CodeIgniter->run()
 6 SYSTEMPATH\Commands\Server\rewrite.php(47): require_once('C:\\Users\\ED HER EST\\Documents\\proyectoFisio\\public\\index.php')
CRITICAL - 2023-11-22 06:20:55 --> Undefined array key "status"
in APPPATH\Views\consultorio\buscar.php on line 116.
 1 APPPATH\Views\consultorio\buscar.php(116): CodeIgniter\Debug\Exceptions->errorHandler(2, 'Undefined array key "status"', 'C:\\Users\\ED HER EST\\Documents\\proyectoFisio\\app\\Views\\consultorio\\buscar.php', 116)
 2 SYSTEMPATH\View\View.php(226): include('C:\\Users\\ED HER EST\\Documents\\proyectoFisio\\app\\Views\\consultorio\\buscar.php')
 3 SYSTEMPATH\View\View.php(229): CodeIgniter\View\View->CodeIgniter\View\{closure}()
 4 SYSTEMPATH\Common.php(1188): CodeIgniter\View\View->render('consultorio/buscar', [], true)
 5 APPPATH\Controllers\Consultorio.php(94): view('consultorio/buscar', [...])
 6 SYSTEMPATH\CodeIgniter.php(919): App\Controllers\Consultorio->buscar()
 7 SYSTEMPATH\CodeIgniter.php(494): CodeIgniter\CodeIgniter->runController(Object(App\Controllers\Consultorio))
 8 SYSTEMPATH\CodeIgniter.php(353): CodeIgniter\CodeIgniter->handleRequest(null, Object(Config\Cache), false)
 9 FCPATH\index.php(79): CodeIgniter\CodeIgniter->run()
10 SYSTEMPATH\Commands\Server\rewrite.php(47): require_once('C:\\Users\\ED HER EST\\Documents\\proyectoFisio\\public\\index.php')
CRITICAL - 2023-11-22 06:22:54 --> Undefined array key "status"
in APPPATH\Views\consultorio\buscar.php on line 123.
 1 APPPATH\Views\consultorio\buscar.php(123): CodeIgniter\Debug\Exceptions->errorHandler(2, 'Undefined array key "status"', 'C:\\Users\\ED HER EST\\Documents\\proyectoFisio\\app\\Views\\consultorio\\buscar.php', 123)
 2 SYSTEMPATH\View\View.php(226): include('C:\\Users\\ED HER EST\\Documents\\proyectoFisio\\app\\Views\\consultorio\\buscar.php')
 3 SYSTEMPATH\View\View.php(229): CodeIgniter\View\View->CodeIgniter\View\{closure}()
 4 SYSTEMPATH\Common.php(1188): CodeIgniter\View\View->render('consultorio/buscar', [], true)
 5 APPPATH\Controllers\Consultorio.php(94): view('consultorio/buscar', [...])
 6 SYSTEMPATH\CodeIgniter.php(919): App\Controllers\Consultorio->buscar()
 7 SYSTEMPATH\CodeIgniter.php(494): CodeIgniter\CodeIgniter->runController(Object(App\Controllers\Consultorio))
 8 SYSTEMPATH\CodeIgniter.php(353): CodeIgniter\CodeIgniter->handleRequest(null, Object(Config\Cache), false)
 9 FCPATH\index.php(79): CodeIgniter\CodeIgniter->run()
10 SYSTEMPATH\Commands\Server\rewrite.php(47): require_once('C:\\Users\\ED HER EST\\Documents\\proyectoFisio\\public\\index.php')
CRITICAL - 2023-11-22 06:22:56 --> Undefined array key "status"
in APPPATH\Views\consultorio\buscar.php on line 123.
 1 APPPATH\Views\consultorio\buscar.php(123): CodeIgniter\Debug\Exceptions->errorHandler(2, 'Undefined array key "status"', 'C:\\Users\\ED HER EST\\Documents\\proyectoFisio\\app\\Views\\consultorio\\buscar.php', 123)
 2 SYSTEMPATH\View\View.php(226): include('C:\\Users\\ED HER EST\\Documents\\proyectoFisio\\app\\Views\\consultorio\\buscar.php')
 3 SYSTEMPATH\View\View.php(229): CodeIgniter\View\View->CodeIgniter\View\{closure}()
 4 SYSTEMPATH\Common.php(1188): CodeIgniter\View\View->render('consultorio/buscar', [], true)
 5 APPPATH\Controllers\Consultorio.php(94): view('consultorio/buscar', [...])
 6 SYSTEMPATH\CodeIgniter.php(919): App\Controllers\Consultorio->buscar()
 7 SYSTEMPATH\CodeIgniter.php(494): CodeIgniter\CodeIgniter->runController(Object(App\Controllers\Consultorio))
 8 SYSTEMPATH\CodeIgniter.php(353): CodeIgniter\CodeIgniter->handleRequest(null, Object(Config\Cache), false)
 9 FCPATH\index.php(79): CodeIgniter\CodeIgniter->run()
10 SYSTEMPATH\Commands\Server\rewrite.php(47): require_once('C:\\Users\\ED HER EST\\Documents\\proyectoFisio\\public\\index.php')
CRITICAL - 2023-11-22 06:24:43 --> Undefined array key "status"
in APPPATH\Views\consultorio\buscar.php on line 116.
 1 APPPATH\Views\consultorio\buscar.php(116): CodeIgniter\Debug\Exceptions->errorHandler(2, 'Undefined array key "status"', 'C:\\Users\\ED HER EST\\Documents\\proyectoFisio\\app\\Views\\consultorio\\buscar.php', 116)
 2 SYSTEMPATH\View\View.php(226): include('C:\\Users\\ED HER EST\\Documents\\proyectoFisio\\app\\Views\\consultorio\\buscar.php')
 3 SYSTEMPATH\View\View.php(229): CodeIgniter\View\View->CodeIgniter\View\{closure}()
 4 SYSTEMPATH\Common.php(1188): CodeIgniter\View\View->render('consultorio/buscar', [], true)
 5 APPPATH\Controllers\Consultorio.php(94): view('consultorio/buscar', [...])
 6 SYSTEMPATH\CodeIgniter.php(919): App\Controllers\Consultorio->buscar()
 7 SYSTEMPATH\CodeIgniter.php(494): CodeIgniter\CodeIgniter->runController(Object(App\Controllers\Consultorio))
 8 SYSTEMPATH\CodeIgniter.php(353): CodeIgniter\CodeIgniter->handleRequest(null, Object(Config\Cache), false)
 9 FCPATH\index.php(79): CodeIgniter\CodeIgniter->run()
10 SYSTEMPATH\Commands\Server\rewrite.php(47): require_once('C:\\Users\\ED HER EST\\Documents\\proyectoFisio\\public\\index.php')
CRITICAL - 2023-11-22 06:24:44 --> Undefined array key "status"
in APPPATH\Views\consultorio\buscar.php on line 116.
 1 APPPATH\Views\consultorio\buscar.php(116): CodeIgniter\Debug\Exceptions->errorHandler(2, 'Undefined array key "status"', 'C:\\Users\\ED HER EST\\Documents\\proyectoFisio\\app\\Views\\consultorio\\buscar.php', 116)
 2 SYSTEMPATH\View\View.php(226): include('C:\\Users\\ED HER EST\\Documents\\proyectoFisio\\app\\Views\\consultorio\\buscar.php')
 3 SYSTEMPATH\View\View.php(229): CodeIgniter\View\View->CodeIgniter\View\{closure}()
 4 SYSTEMPATH\Common.php(1188): CodeIgniter\View\View->render('consultorio/buscar', [], true)
 5 APPPATH\Controllers\Consultorio.php(94): view('consultorio/buscar', [...])
 6 SYSTEMPATH\CodeIgniter.php(919): App\Controllers\Consultorio->buscar()
 7 SYSTEMPATH\CodeIgniter.php(494): CodeIgniter\CodeIgniter->runController(Object(App\Controllers\Consultorio))
 8 SYSTEMPATH\CodeIgniter.php(353): CodeIgniter\CodeIgniter->handleRequest(null, Object(Config\Cache), false)
 9 FCPATH\index.php(79): CodeIgniter\CodeIgniter->run()
10 SYSTEMPATH\Commands\Server\rewrite.php(47): require_once('C:\\Users\\ED HER EST\\Documents\\proyectoFisio\\public\\index.php')
CRITICAL - 2023-11-22 06:24:50 --> Undefined array key "status"
in APPPATH\Views\consultorio\buscar.php on line 116.
 1 APPPATH\Views\consultorio\buscar.php(116): CodeIgniter\Debug\Exceptions->errorHandler(2, 'Undefined array key "status"', 'C:\\Users\\ED HER EST\\Documents\\proyectoFisio\\app\\Views\\consultorio\\buscar.php', 116)
 2 SYSTEMPATH\View\View.php(226): include('C:\\Users\\ED HER EST\\Documents\\proyectoFisio\\app\\Views\\consultorio\\buscar.php')
 3 SYSTEMPATH\View\View.php(229): CodeIgniter\View\View->CodeIgniter\View\{closure}()
 4 SYSTEMPATH\Common.php(1188): CodeIgniter\View\View->render('consultorio/buscar', [], true)
 5 APPPATH\Controllers\Consultorio.php(94): view('consultorio/buscar', [...])
 6 SYSTEMPATH\CodeIgniter.php(919): App\Controllers\Consultorio->buscar()
 7 SYSTEMPATH\CodeIgniter.php(494): CodeIgniter\CodeIgniter->runController(Object(App\Controllers\Consultorio))
 8 SYSTEMPATH\CodeIgniter.php(353): CodeIgniter\CodeIgniter->handleRequest(null, Object(Config\Cache), false)
 9 FCPATH\index.php(79): CodeIgniter\CodeIgniter->run()
10 SYSTEMPATH\Commands\Server\rewrite.php(47): require_once('C:\\Users\\ED HER EST\\Documents\\proyectoFisio\\public\\index.php')
