CRITICAL - 2023-11-26 19:38:59 --> Undefined variable $exploracionFisica
in APPPATH\Views\exploracionFisica\mostrar.php on line 62.
 1 APPPATH\Views\exploracionFisica\mostrar.php(62): CodeIgniter\Debug\Exceptions->errorHandler(2, 'Undefined variable $exploracionFisica', 'C:\\Users\\ED HER EST\\Documents\\proyectoFisio\\app\\Views\\exploracionFisica\\mostrar.php', 62)
 2 SYSTEMPATH\View\View.php(226): include('C:\\Users\\ED HER EST\\Documents\\proyectoFisio\\app\\Views\\exploracionFisica\\mostrar.php')
 3 SYSTEMPATH\View\View.php(229): CodeIgniter\View\View->CodeIgniter\View\{closure}()
 4 SYSTEMPATH\Common.php(1188): CodeIgniter\View\View->render('exploracionfisica/mostrar', [], true)
 5 APPPATH\Controllers\ExploracionFisica.php(30): view('exploracionfisica/mostrar', [...])
 6 SYSTEMPATH\CodeIgniter.php(919): App\Controllers\ExploracionFisica->mostrar()
 7 SYSTEMPATH\CodeIgniter.php(494): CodeIgniter\CodeIgniter->runController(Object(App\Controllers\ExploracionFisica))
 8 SYSTEMPATH\CodeIgniter.php(353): CodeIgniter\CodeIgniter->handleRequest(null, Object(Config\Cache), false)
 9 FCPATH\index.php(79): CodeIgniter\CodeIgniter->run()
10 SYSTEMPATH\Commands\Server\rewrite.php(47): require_once('C:\\Users\\ED HER EST\\Documents\\proyectoFisio\\public\\index.php')
CRITICAL - 2023-11-26 19:40:28 --> Undefined variable $exploracioFisica
in APPPATH\Controllers\ExploracionFisica.php on line 23.
 1 APPPATH\Controllers\ExploracionFisica.php(23): CodeIgniter\Debug\Exceptions->errorHandler(2, 'Undefined variable $exploracioFisica', 'C:\\Users\\ED HER EST\\Documents\\proyectoFisio\\app\\Controllers\\ExploracionFisica.php', 23)
 2 SYSTEMPATH\CodeIgniter.php(919): App\Controllers\ExploracionFisica->mostrar()
 3 SYSTEMPATH\CodeIgniter.php(494): CodeIgniter\CodeIgniter->runController(Object(App\Controllers\ExploracionFisica))
 4 SYSTEMPATH\CodeIgniter.php(353): CodeIgniter\CodeIgniter->handleRequest(null, Object(Config\Cache), false)
 5 FCPATH\index.php(79): CodeIgniter\CodeIgniter->run()
 6 SYSTEMPATH\Commands\Server\rewrite.php(47): require_once('C:\\Users\\ED HER EST\\Documents\\proyectoFisio\\public\\index.php')
CRITICAL - 2023-11-26 19:41:03 --> Undefined variable $exploracionFisica
in APPPATH\Views\exploracionFisica\mostrar.php on line 62.
 1 APPPATH\Views\exploracionFisica\mostrar.php(62): CodeIgniter\Debug\Exceptions->errorHandler(2, 'Undefined variable $exploracionFisica', 'C:\\Users\\ED HER EST\\Documents\\proyectoFisio\\app\\Views\\exploracionFisica\\mostrar.php', 62)
 2 SYSTEMPATH\View\View.php(226): include('C:\\Users\\ED HER EST\\Documents\\proyectoFisio\\app\\Views\\exploracionFisica\\mostrar.php')
 3 SYSTEMPATH\View\View.php(229): CodeIgniter\View\View->CodeIgniter\View\{closure}()
 4 SYSTEMPATH\Common.php(1188): CodeIgniter\View\View->render('exploracionfisica/mostrar', [], true)
 5 APPPATH\Controllers\ExploracionFisica.php(30): view('exploracionfisica/mostrar', [...])
 6 SYSTEMPATH\CodeIgniter.php(919): App\Controllers\ExploracionFisica->mostrar()
 7 SYSTEMPATH\CodeIgniter.php(494): CodeIgniter\CodeIgniter->runController(Object(App\Controllers\ExploracionFisica))
 8 SYSTEMPATH\CodeIgniter.php(353): CodeIgniter\CodeIgniter->handleRequest(null, Object(Config\Cache), false)
 9 FCPATH\index.php(79): CodeIgniter\CodeIgniter->run()
10 SYSTEMPATH\Commands\Server\rewrite.php(47): require_once('C:\\Users\\ED HER EST\\Documents\\proyectoFisio\\public\\index.php')
CRITICAL - 2023-11-26 19:41:14 --> Undefined variable $exploracionFisica
in APPPATH\Views\exploracionFisica\mostrar.php on line 62.
 1 APPPATH\Views\exploracionFisica\mostrar.php(62): CodeIgniter\Debug\Exceptions->errorHandler(2, 'Undefined variable $exploracionFisica', 'C:\\Users\\ED HER EST\\Documents\\proyectoFisio\\app\\Views\\exploracionFisica\\mostrar.php', 62)
 2 SYSTEMPATH\View\View.php(226): include('C:\\Users\\ED HER EST\\Documents\\proyectoFisio\\app\\Views\\exploracionFisica\\mostrar.php')
 3 SYSTEMPATH\View\View.php(229): CodeIgniter\View\View->CodeIgniter\View\{closure}()
 4 SYSTEMPATH\Common.php(1188): CodeIgniter\View\View->render('exploracionfisica/mostrar', [], true)
 5 APPPATH\Controllers\ExploracionFisica.php(30): view('exploracionfisica/mostrar', [...])
 6 SYSTEMPATH\CodeIgniter.php(919): App\Controllers\ExploracionFisica->mostrar()
 7 SYSTEMPATH\CodeIgniter.php(494): CodeIgniter\CodeIgniter->runController(Object(App\Controllers\ExploracionFisica))
 8 SYSTEMPATH\CodeIgniter.php(353): CodeIgniter\CodeIgniter->handleRequest(null, Object(Config\Cache), false)
 9 FCPATH\index.php(79): CodeIgniter\CodeIgniter->run()
10 SYSTEMPATH\Commands\Server\rewrite.php(47): require_once('C:\\Users\\ED HER EST\\Documents\\proyectoFisio\\public\\index.php')
CRITICAL - 2023-11-26 19:41:15 --> Undefined variable $exploracionFisica
in APPPATH\Views\exploracionFisica\mostrar.php on line 62.
 1 APPPATH\Views\exploracionFisica\mostrar.php(62): CodeIgniter\Debug\Exceptions->errorHandler(2, 'Undefined variable $exploracionFisica', 'C:\\Users\\ED HER EST\\Documents\\proyectoFisio\\app\\Views\\exploracionFisica\\mostrar.php', 62)
 2 SYSTEMPATH\View\View.php(226): include('C:\\Users\\ED HER EST\\Documents\\proyectoFisio\\app\\Views\\exploracionFisica\\mostrar.php')
 3 SYSTEMPATH\View\View.php(229): CodeIgniter\View\View->CodeIgniter\View\{closure}()
 4 SYSTEMPATH\Common.php(1188): CodeIgniter\View\View->render('exploracionfisica/mostrar', [], true)
 5 APPPATH\Controllers\ExploracionFisica.php(30): view('exploracionfisica/mostrar', [...])
 6 SYSTEMPATH\CodeIgniter.php(919): App\Controllers\ExploracionFisica->mostrar()
 7 SYSTEMPATH\CodeIgniter.php(494): CodeIgniter\CodeIgniter->runController(Object(App\Controllers\ExploracionFisica))
 8 SYSTEMPATH\CodeIgniter.php(353): CodeIgniter\CodeIgniter->handleRequest(null, Object(Config\Cache), false)
 9 FCPATH\index.php(79): CodeIgniter\CodeIgniter->run()
10 SYSTEMPATH\Commands\Server\rewrite.php(47): require_once('C:\\Users\\ED HER EST\\Documents\\proyectoFisio\\public\\index.php')
CRITICAL - 2023-11-26 19:41:34 --> Undefined variable $exploracionFisica
in APPPATH\Controllers\ExploracionFisica.php on line 23.
 1 APPPATH\Controllers\ExploracionFisica.php(23): CodeIgniter\Debug\Exceptions->errorHandler(2, 'Undefined variable $exploracionFisica', 'C:\\Users\\ED HER EST\\Documents\\proyectoFisio\\app\\Controllers\\ExploracionFisica.php', 23)
 2 SYSTEMPATH\CodeIgniter.php(919): App\Controllers\ExploracionFisica->mostrar()
 3 SYSTEMPATH\CodeIgniter.php(494): CodeIgniter\CodeIgniter->runController(Object(App\Controllers\ExploracionFisica))
 4 SYSTEMPATH\CodeIgniter.php(353): CodeIgniter\CodeIgniter->handleRequest(null, Object(Config\Cache), false)
 5 FCPATH\index.php(79): CodeIgniter\CodeIgniter->run()
 6 SYSTEMPATH\Commands\Server\rewrite.php(47): require_once('C:\\Users\\ED HER EST\\Documents\\proyectoFisio\\public\\index.php')
CRITICAL - 2023-11-26 19:46:24 --> Undefined array key "nombrePaciente"
in APPPATH\Views\exploracionFisica\mostrar.php on line 64.
 1 APPPATH\Views\exploracionFisica\mostrar.php(64): CodeIgniter\Debug\Exceptions->errorHandler(2, 'Undefined array key "nombrePaciente"', 'C:\\Users\\ED HER EST\\Documents\\proyectoFisio\\app\\Views\\exploracionFisica\\mostrar.php', 64)
 2 SYSTEMPATH\View\View.php(226): include('C:\\Users\\ED HER EST\\Documents\\proyectoFisio\\app\\Views\\exploracionFisica\\mostrar.php')
 3 SYSTEMPATH\View\View.php(229): CodeIgniter\View\View->CodeIgniter\View\{closure}()
 4 SYSTEMPATH\Common.php(1188): CodeIgniter\View\View->render('exploracionfisica/mostrar', [], true)
 5 APPPATH\Controllers\ExploracionFisica.php(20): view('exploracionfisica/mostrar', [...])
 6 SYSTEMPATH\CodeIgniter.php(919): App\Controllers\ExploracionFisica->mostrar()
 7 SYSTEMPATH\CodeIgniter.php(494): CodeIgniter\CodeIgniter->runController(Object(App\Controllers\ExploracionFisica))
 8 SYSTEMPATH\CodeIgniter.php(353): CodeIgniter\CodeIgniter->handleRequest(null, Object(Config\Cache), false)
 9 FCPATH\index.php(79): CodeIgniter\CodeIgniter->run()
10 SYSTEMPATH\Commands\Server\rewrite.php(47): require_once('C:\\Users\\ED HER EST\\Documents\\proyectoFisio\\public\\index.php')
CRITICAL - 2023-11-26 20:50:00 --> Undefined array key "fechaConsulta"
in APPPATH\Views\control\mostrar.php on line 62.
 1 APPPATH\Views\control\mostrar.php(62): CodeIgniter\Debug\Exceptions->errorHandler(2, 'Undefined array key "fechaConsulta"', 'C:\\Users\\ED HER EST\\Documents\\proyectoFisio\\app\\Views\\control\\mostrar.php', 62)
 2 SYSTEMPATH\View\View.php(226): include('C:\\Users\\ED HER EST\\Documents\\proyectoFisio\\app\\Views\\control\\mostrar.php')
 3 SYSTEMPATH\View\View.php(229): CodeIgniter\View\View->CodeIgniter\View\{closure}()
 4 SYSTEMPATH\Common.php(1188): CodeIgniter\View\View->render('control/mostrar', [], true)
 5 APPPATH\Controllers\Control.php(20): view('control/mostrar', [...])
 6 SYSTEMPATH\CodeIgniter.php(919): App\Controllers\Control->mostrar()
 7 SYSTEMPATH\CodeIgniter.php(494): CodeIgniter\CodeIgniter->runController(Object(App\Controllers\Control))
 8 SYSTEMPATH\CodeIgniter.php(353): CodeIgniter\CodeIgniter->handleRequest(null, Object(Config\Cache), false)
 9 FCPATH\index.php(79): CodeIgniter\CodeIgniter->run()
10 SYSTEMPATH\Commands\Server\rewrite.php(47): require_once('C:\\Users\\ED HER EST\\Documents\\proyectoFisio\\public\\index.php')
CRITICAL - 2023-11-26 20:52:56 --> Undefined array key "fechaConsulta"
in APPPATH\Views\control\mostrar.php on line 62.
 1 APPPATH\Views\control\mostrar.php(62): CodeIgniter\Debug\Exceptions->errorHandler(2, 'Undefined array key "fechaConsulta"', 'C:\\Users\\ED HER EST\\Documents\\proyectoFisio\\app\\Views\\control\\mostrar.php', 62)
 2 SYSTEMPATH\View\View.php(226): include('C:\\Users\\ED HER EST\\Documents\\proyectoFisio\\app\\Views\\control\\mostrar.php')
 3 SYSTEMPATH\View\View.php(229): CodeIgniter\View\View->CodeIgniter\View\{closure}()
 4 SYSTEMPATH\Common.php(1188): CodeIgniter\View\View->render('control/mostrar', [], true)
 5 APPPATH\Controllers\Control.php(20): view('control/mostrar', [...])
 6 SYSTEMPATH\CodeIgniter.php(919): App\Controllers\Control->mostrar()
 7 SYSTEMPATH\CodeIgniter.php(494): CodeIgniter\CodeIgniter->runController(Object(App\Controllers\Control))
 8 SYSTEMPATH\CodeIgniter.php(353): CodeIgniter\CodeIgniter->handleRequest(null, Object(Config\Cache), false)
 9 FCPATH\index.php(79): CodeIgniter\CodeIgniter->run()
10 SYSTEMPATH\Commands\Server\rewrite.php(47): require_once('C:\\Users\\ED HER EST\\Documents\\proyectoFisio\\public\\index.php')
CRITICAL - 2023-11-26 20:55:18 --> Undefined array key "telefono"
in APPPATH\Views\control\mostrar.php on line 32.
 1 APPPATH\Views\control\mostrar.php(32): CodeIgniter\Debug\Exceptions->errorHandler(2, 'Undefined array key "telefono"', 'C:\\Users\\ED HER EST\\Documents\\proyectoFisio\\app\\Views\\control\\mostrar.php', 32)
 2 SYSTEMPATH\View\View.php(226): include('C:\\Users\\ED HER EST\\Documents\\proyectoFisio\\app\\Views\\control\\mostrar.php')
 3 SYSTEMPATH\View\View.php(229): CodeIgniter\View\View->CodeIgniter\View\{closure}()
 4 SYSTEMPATH\Common.php(1188): CodeIgniter\View\View->render('control/mostrar', [], true)
 5 APPPATH\Controllers\Control.php(20): view('control/mostrar', [...])
 6 SYSTEMPATH\CodeIgniter.php(919): App\Controllers\Control->mostrar()
 7 SYSTEMPATH\CodeIgniter.php(494): CodeIgniter\CodeIgniter->runController(Object(App\Controllers\Control))
 8 SYSTEMPATH\CodeIgniter.php(353): CodeIgniter\CodeIgniter->handleRequest(null, Object(Config\Cache), false)
 9 FCPATH\index.php(79): CodeIgniter\CodeIgniter->run()
10 SYSTEMPATH\Commands\Server\rewrite.php(47): require_once('C:\\Users\\ED HER EST\\Documents\\proyectoFisio\\public\\index.php')
CRITICAL - 2023-11-26 20:58:29 --> Undefined array key "fechaConsulta"
in APPPATH\Views\control\mostrar.php on line 120.
 1 APPPATH\Views\control\mostrar.php(120): CodeIgniter\Debug\Exceptions->errorHandler(2, 'Undefined array key "fechaConsulta"', 'C:\\Users\\ED HER EST\\Documents\\proyectoFisio\\app\\Views\\control\\mostrar.php', 120)
 2 SYSTEMPATH\View\View.php(226): include('C:\\Users\\ED HER EST\\Documents\\proyectoFisio\\app\\Views\\control\\mostrar.php')
 3 SYSTEMPATH\View\View.php(229): CodeIgniter\View\View->CodeIgniter\View\{closure}()
 4 SYSTEMPATH\Common.php(1188): CodeIgniter\View\View->render('control/mostrar', [], true)
 5 APPPATH\Controllers\Control.php(20): view('control/mostrar', [...])
 6 SYSTEMPATH\CodeIgniter.php(919): App\Controllers\Control->mostrar()
 7 SYSTEMPATH\CodeIgniter.php(494): CodeIgniter\CodeIgniter->runController(Object(App\Controllers\Control))
 8 SYSTEMPATH\CodeIgniter.php(353): CodeIgniter\CodeIgniter->handleRequest(null, Object(Config\Cache), false)
 9 FCPATH\index.php(79): CodeIgniter\CodeIgniter->run()
10 SYSTEMPATH\Commands\Server\rewrite.php(47): require_once('C:\\Users\\ED HER EST\\Documents\\proyectoFisio\\public\\index.php')
CRITICAL - 2023-11-26 21:00:09 --> Undefined array key "telefono"
in APPPATH\Views\control\mostrar.php on line 122.
 1 APPPATH\Views\control\mostrar.php(122): CodeIgniter\Debug\Exceptions->errorHandler(2, 'Undefined array key "telefono"', 'C:\\Users\\ED HER EST\\Documents\\proyectoFisio\\app\\Views\\control\\mostrar.php', 122)
 2 SYSTEMPATH\View\View.php(226): include('C:\\Users\\ED HER EST\\Documents\\proyectoFisio\\app\\Views\\control\\mostrar.php')
 3 SYSTEMPATH\View\View.php(229): CodeIgniter\View\View->CodeIgniter\View\{closure}()
 4 SYSTEMPATH\Common.php(1188): CodeIgniter\View\View->render('control/mostrar', [], true)
 5 APPPATH\Controllers\Control.php(20): view('control/mostrar', [...])
 6 SYSTEMPATH\CodeIgniter.php(919): App\Controllers\Control->mostrar()
 7 SYSTEMPATH\CodeIgniter.php(494): CodeIgniter\CodeIgniter->runController(Object(App\Controllers\Control))
 8 SYSTEMPATH\CodeIgniter.php(353): CodeIgniter\CodeIgniter->handleRequest(null, Object(Config\Cache), false)
 9 FCPATH\index.php(79): CodeIgniter\CodeIgniter->run()
10 SYSTEMPATH\Commands\Server\rewrite.php(47): require_once('C:\\Users\\ED HER EST\\Documents\\proyectoFisio\\public\\index.php')
CRITICAL - 2023-11-26 21:20:42 --> Undefined array key "fechaConsulta"
in APPPATH\Views\control\mostrar.php on line 63.
 1 APPPATH\Views\control\mostrar.php(63): CodeIgniter\Debug\Exceptions->errorHandler(2, 'Undefined array key "fechaConsulta"', 'C:\\Users\\ED HER EST\\Documents\\proyectoFisio\\app\\Views\\control\\mostrar.php', 63)
 2 SYSTEMPATH\View\View.php(226): include('C:\\Users\\ED HER EST\\Documents\\proyectoFisio\\app\\Views\\control\\mostrar.php')
 3 SYSTEMPATH\View\View.php(229): CodeIgniter\View\View->CodeIgniter\View\{closure}()
 4 SYSTEMPATH\Common.php(1188): CodeIgniter\View\View->render('control/mostrar', [], true)
 5 APPPATH\Controllers\Control.php(20): view('control/mostrar', [...])
 6 SYSTEMPATH\CodeIgniter.php(919): App\Controllers\Control->mostrar()
 7 SYSTEMPATH\CodeIgniter.php(494): CodeIgniter\CodeIgniter->runController(Object(App\Controllers\Control))
 8 SYSTEMPATH\CodeIgniter.php(353): CodeIgniter\CodeIgniter->handleRequest(null, Object(Config\Cache), false)
 9 FCPATH\index.php(79): CodeIgniter\CodeIgniter->run()
10 SYSTEMPATH\Commands\Server\rewrite.php(47): require_once('C:\\Users\\ED HER EST\\Documents\\proyectoFisio\\public\\index.php')
CRITICAL - 2023-11-26 21:22:17 --> Undefined array key "ID_Control"
in APPPATH\Views\control\mostrar.php on line 70.
 1 APPPATH\Views\control\mostrar.php(70): CodeIgniter\Debug\Exceptions->errorHandler(2, 'Undefined array key "ID_Control"', 'C:\\Users\\ED HER EST\\Documents\\proyectoFisio\\app\\Views\\control\\mostrar.php', 70)
 2 SYSTEMPATH\View\View.php(226): include('C:\\Users\\ED HER EST\\Documents\\proyectoFisio\\app\\Views\\control\\mostrar.php')
 3 SYSTEMPATH\View\View.php(229): CodeIgniter\View\View->CodeIgniter\View\{closure}()
 4 SYSTEMPATH\Common.php(1188): CodeIgniter\View\View->render('control/mostrar', [], true)
 5 APPPATH\Controllers\Control.php(20): view('control/mostrar', [...])
 6 SYSTEMPATH\CodeIgniter.php(919): App\Controllers\Control->mostrar()
 7 SYSTEMPATH\CodeIgniter.php(494): CodeIgniter\CodeIgniter->runController(Object(App\Controllers\Control))
 8 SYSTEMPATH\CodeIgniter.php(353): CodeIgniter\CodeIgniter->handleRequest(null, Object(Config\Cache), false)
 9 FCPATH\index.php(79): CodeIgniter\CodeIgniter->run()
10 SYSTEMPATH\Commands\Server\rewrite.php(47): require_once('C:\\Users\\ED HER EST\\Documents\\proyectoFisio\\public\\index.php')
CRITICAL - 2023-11-26 21:43:00 --> Undefined variable $controles
in APPPATH\Views\control\mostrar.php on line 62.
 1 APPPATH\Views\control\mostrar.php(62): CodeIgniter\Debug\Exceptions->errorHandler(2, 'Undefined variable $controles', 'C:\\Users\\ED HER EST\\Documents\\proyectoFisio\\app\\Views\\control\\mostrar.php', 62)
 2 SYSTEMPATH\View\View.php(226): include('C:\\Users\\ED HER EST\\Documents\\proyectoFisio\\app\\Views\\control\\mostrar.php')
 3 SYSTEMPATH\View\View.php(229): CodeIgniter\View\View->CodeIgniter\View\{closure}()
 4 SYSTEMPATH\Common.php(1188): CodeIgniter\View\View->render('control/mostrar', [], true)
 5 APPPATH\Controllers\Control.php(20): view('control/mostrar', [...])
 6 SYSTEMPATH\CodeIgniter.php(919): App\Controllers\Control->mostrar()
 7 SYSTEMPATH\CodeIgniter.php(494): CodeIgniter\CodeIgniter->runController(Object(App\Controllers\Control))
 8 SYSTEMPATH\CodeIgniter.php(353): CodeIgniter\CodeIgniter->handleRequest(null, Object(Config\Cache), false)
 9 FCPATH\index.php(79): CodeIgniter\CodeIgniter->run()
10 SYSTEMPATH\Commands\Server\rewrite.php(47): require_once('C:\\Users\\ED HER EST\\Documents\\proyectoFisio\\public\\index.php')
CRITICAL - 2023-11-26 21:43:47 --> Undefined variable $controles
in APPPATH\Views\control\mostrar.php on line 62.
 1 APPPATH\Views\control\mostrar.php(62): CodeIgniter\Debug\Exceptions->errorHandler(2, 'Undefined variable $controles', 'C:\\Users\\ED HER EST\\Documents\\proyectoFisio\\app\\Views\\control\\mostrar.php', 62)
 2 SYSTEMPATH\View\View.php(226): include('C:\\Users\\ED HER EST\\Documents\\proyectoFisio\\app\\Views\\control\\mostrar.php')
 3 SYSTEMPATH\View\View.php(229): CodeIgniter\View\View->CodeIgniter\View\{closure}()
 4 SYSTEMPATH\Common.php(1188): CodeIgniter\View\View->render('control/mostrar', [], true)
 5 APPPATH\Controllers\Control.php(20): view('control/mostrar', [...])
 6 SYSTEMPATH\CodeIgniter.php(919): App\Controllers\Control->mostrar()
 7 SYSTEMPATH\CodeIgniter.php(494): CodeIgniter\CodeIgniter->runController(Object(App\Controllers\Control))
 8 SYSTEMPATH\CodeIgniter.php(353): CodeIgniter\CodeIgniter->handleRequest(null, Object(Config\Cache), false)
 9 FCPATH\index.php(79): CodeIgniter\CodeIgniter->run()
10 SYSTEMPATH\Commands\Server\rewrite.php(47): require_once('C:\\Users\\ED HER EST\\Documents\\proyectoFisio\\public\\index.php')
CRITICAL - 2023-11-26 22:27:47 --> Undefined variable $expedientes
in APPPATH\Views\expediente\mostrar.php on line 59.
 1 APPPATH\Views\expediente\mostrar.php(59): CodeIgniter\Debug\Exceptions->errorHandler(2, 'Undefined variable $expedientes', 'C:\\Users\\ED HER EST\\Documents\\proyectoFisio\\app\\Views\\expediente\\mostrar.php', 59)
 2 SYSTEMPATH\View\View.php(226): include('C:\\Users\\ED HER EST\\Documents\\proyectoFisio\\app\\Views\\expediente\\mostrar.php')
 3 SYSTEMPATH\View\View.php(229): CodeIgniter\View\View->CodeIgniter\View\{closure}()
 4 SYSTEMPATH\Common.php(1188): CodeIgniter\View\View->render('expediente/mostrar', [], true)
 5 APPPATH\Controllers\Expediente.php(20): view('expediente/mostrar', [...])
 6 SYSTEMPATH\CodeIgniter.php(919): App\Controllers\Expediente->mostrar()
 7 SYSTEMPATH\CodeIgniter.php(494): CodeIgniter\CodeIgniter->runController(Object(App\Controllers\Expediente))
 8 SYSTEMPATH\CodeIgniter.php(353): CodeIgniter\CodeIgniter->handleRequest(null, Object(Config\Cache), false)
 9 FCPATH\index.php(79): CodeIgniter\CodeIgniter->run()
10 SYSTEMPATH\Commands\Server\rewrite.php(47): require_once('C:\\Users\\ED HER EST\\Documents\\proyectoFisio\\public\\index.php')
CRITICAL - 2023-11-26 22:36:21 --> Undefined variable $expedientes
in APPPATH\Views\expediente\buscar.php on line 59.
 1 APPPATH\Views\expediente\buscar.php(59): CodeIgniter\Debug\Exceptions->errorHandler(2, 'Undefined variable $expedientes', 'C:\\Users\\ED HER EST\\Documents\\proyectoFisio\\app\\Views\\expediente\\buscar.php', 59)
 2 SYSTEMPATH\View\View.php(226): include('C:\\Users\\ED HER EST\\Documents\\proyectoFisio\\app\\Views\\expediente\\buscar.php')
 3 SYSTEMPATH\View\View.php(229): CodeIgniter\View\View->CodeIgniter\View\{closure}()
 4 SYSTEMPATH\Common.php(1188): CodeIgniter\View\View->render('expediente/buscar', [], true)
 5 APPPATH\Controllers\Expediente.php(92): view('expediente/buscar', [...])
 6 SYSTEMPATH\CodeIgniter.php(919): App\Controllers\Expediente->buscar()
 7 SYSTEMPATH\CodeIgniter.php(494): CodeIgniter\CodeIgniter->runController(Object(App\Controllers\Expediente))
 8 SYSTEMPATH\CodeIgniter.php(353): CodeIgniter\CodeIgniter->handleRequest(null, Object(Config\Cache), false)
 9 FCPATH\index.php(79): CodeIgniter\CodeIgniter->run()
10 SYSTEMPATH\Commands\Server\rewrite.php(47): require_once('C:\\Users\\ED HER EST\\Documents\\proyectoFisio\\public\\index.php')
CRITICAL - 2023-11-26 22:46:54 --> Undefined variable $control
in APPPATH\Views\control\buscar.php on line 117.
 1 APPPATH\Views\control\buscar.php(117): CodeIgniter\Debug\Exceptions->errorHandler(2, 'Undefined variable $control', 'C:\\Users\\ED HER EST\\Documents\\proyectoFisio\\app\\Views\\control\\buscar.php', 117)
 2 SYSTEMPATH\View\View.php(226): include('C:\\Users\\ED HER EST\\Documents\\proyectoFisio\\app\\Views\\control\\buscar.php')
 3 SYSTEMPATH\View\View.php(229): CodeIgniter\View\View->CodeIgniter\View\{closure}()
 4 SYSTEMPATH\Common.php(1188): CodeIgniter\View\View->render('control/buscar', [], true)
 5 APPPATH\Controllers\Control.php(92): view('control/buscar', [...])
 6 SYSTEMPATH\CodeIgniter.php(919): App\Controllers\Control->buscar()
 7 SYSTEMPATH\CodeIgniter.php(494): CodeIgniter\CodeIgniter->runController(Object(App\Controllers\Control))
 8 SYSTEMPATH\CodeIgniter.php(353): CodeIgniter\CodeIgniter->handleRequest(null, Object(Config\Cache), false)
 9 FCPATH\index.php(79): CodeIgniter\CodeIgniter->run()
10 SYSTEMPATH\Commands\Server\rewrite.php(47): require_once('C:\\Users\\ED HER EST\\Documents\\proyectoFisio\\public\\index.php')
CRITICAL - 2023-11-26 22:49:51 --> Undefined variable $control
in APPPATH\Views\control\buscar.php on line 117.
 1 APPPATH\Views\control\buscar.php(117): CodeIgniter\Debug\Exceptions->errorHandler(2, 'Undefined variable $control', 'C:\\Users\\ED HER EST\\Documents\\proyectoFisio\\app\\Views\\control\\buscar.php', 117)
 2 SYSTEMPATH\View\View.php(226): include('C:\\Users\\ED HER EST\\Documents\\proyectoFisio\\app\\Views\\control\\buscar.php')
 3 SYSTEMPATH\View\View.php(229): CodeIgniter\View\View->CodeIgniter\View\{closure}()
 4 SYSTEMPATH\Common.php(1188): CodeIgniter\View\View->render('control/buscar', [], true)
 5 APPPATH\Controllers\Control.php(92): view('control/buscar', [...])
 6 SYSTEMPATH\CodeIgniter.php(919): App\Controllers\Control->buscar()
 7 SYSTEMPATH\CodeIgniter.php(494): CodeIgniter\CodeIgniter->runController(Object(App\Controllers\Control))
 8 SYSTEMPATH\CodeIgniter.php(353): CodeIgniter\CodeIgniter->handleRequest(null, Object(Config\Cache), false)
 9 FCPATH\index.php(79): CodeIgniter\CodeIgniter->run()
10 SYSTEMPATH\Commands\Server\rewrite.php(47): require_once('C:\\Users\\ED HER EST\\Documents\\proyectoFisio\\public\\index.php')
CRITICAL - 2023-11-26 22:50:32 --> Undefined variable $control
in APPPATH\Views\control\buscar.php on line 117.
 1 APPPATH\Views\control\buscar.php(117): CodeIgniter\Debug\Exceptions->errorHandler(2, 'Undefined variable $control', 'C:\\Users\\ED HER EST\\Documents\\proyectoFisio\\app\\Views\\control\\buscar.php', 117)
 2 SYSTEMPATH\View\View.php(226): include('C:\\Users\\ED HER EST\\Documents\\proyectoFisio\\app\\Views\\control\\buscar.php')
 3 SYSTEMPATH\View\View.php(229): CodeIgniter\View\View->CodeIgniter\View\{closure}()
 4 SYSTEMPATH\Common.php(1188): CodeIgniter\View\View->render('control/buscar', [], true)
 5 APPPATH\Controllers\Control.php(92): view('control/buscar', [...])
 6 SYSTEMPATH\CodeIgniter.php(919): App\Controllers\Control->buscar()
 7 SYSTEMPATH\CodeIgniter.php(494): CodeIgniter\CodeIgniter->runController(Object(App\Controllers\Control))
 8 SYSTEMPATH\CodeIgniter.php(353): CodeIgniter\CodeIgniter->handleRequest(null, Object(Config\Cache), false)
 9 FCPATH\index.php(79): CodeIgniter\CodeIgniter->run()
10 SYSTEMPATH\Commands\Server\rewrite.php(47): require_once('C:\\Users\\ED HER EST\\Documents\\proyectoFisio\\public\\index.php')
CRITICAL - 2023-11-26 22:57:30 --> Undefined variable $exploracionFisica
in APPPATH\Views\expediente\editar.php on line 96.
 1 APPPATH\Views\expediente\editar.php(96): CodeIgniter\Debug\Exceptions->errorHandler(2, 'Undefined variable $exploracionFisica', 'C:\\Users\\ED HER EST\\Documents\\proyectoFisio\\app\\Views\\expediente\\editar.php', 96)
 2 SYSTEMPATH\View\View.php(226): include('C:\\Users\\ED HER EST\\Documents\\proyectoFisio\\app\\Views\\expediente\\editar.php')
 3 SYSTEMPATH\View\View.php(229): CodeIgniter\View\View->CodeIgniter\View\{closure}()
 4 SYSTEMPATH\Common.php(1188): CodeIgniter\View\View->render('expediente/editar', [], true)
 5 APPPATH\Controllers\Expediente.php(60): view('expediente/editar', [...])
 6 SYSTEMPATH\CodeIgniter.php(919): App\Controllers\Expediente->editar('1')
 7 SYSTEMPATH\CodeIgniter.php(494): CodeIgniter\CodeIgniter->runController(Object(App\Controllers\Expediente))
 8 SYSTEMPATH\CodeIgniter.php(353): CodeIgniter\CodeIgniter->handleRequest(null, Object(Config\Cache), false)
 9 FCPATH\index.php(79): CodeIgniter\CodeIgniter->run()
10 SYSTEMPATH\Commands\Server\rewrite.php(47): require_once('C:\\Users\\ED HER EST\\Documents\\proyectoFisio\\public\\index.php')
CRITICAL - 2023-11-26 23:04:06 --> Trying to access array offset on value of type null
in APPPATH\Views\expediente\editar.php on line 101.
 1 APPPATH\Views\expediente\editar.php(101): CodeIgniter\Debug\Exceptions->errorHandler(2, 'Trying to access array offset on value of type null', 'C:\\Users\\ED HER EST\\Documents\\proyectoFisio\\app\\Views\\expediente\\editar.php', 101)
 2 SYSTEMPATH\View\View.php(226): include('C:\\Users\\ED HER EST\\Documents\\proyectoFisio\\app\\Views\\expediente\\editar.php')
 3 SYSTEMPATH\View\View.php(229): CodeIgniter\View\View->CodeIgniter\View\{closure}()
 4 SYSTEMPATH\Common.php(1188): CodeIgniter\View\View->render('expediente/editar', [], true)
 5 APPPATH\Controllers\Expediente.php(60): view('expediente/editar', [...])
 6 SYSTEMPATH\CodeIgniter.php(919): App\Controllers\Expediente->editar('1')
 7 SYSTEMPATH\CodeIgniter.php(494): CodeIgniter\CodeIgniter->runController(Object(App\Controllers\Expediente))
 8 SYSTEMPATH\CodeIgniter.php(353): CodeIgniter\CodeIgniter->handleRequest(null, Object(Config\Cache), false)
 9 FCPATH\index.php(79): CodeIgniter\CodeIgniter->run()
10 SYSTEMPATH\Commands\Server\rewrite.php(47): require_once('C:\\Users\\ED HER EST\\Documents\\proyectoFisio\\public\\index.php')
CRITICAL - 2023-11-26 23:06:31 --> Undefined variable $controles
in APPPATH\Views\control\mostrar.php on line 58.
 1 APPPATH\Views\control\mostrar.php(58): CodeIgniter\Debug\Exceptions->errorHandler(2, 'Undefined variable $controles', 'C:\\Users\\ED HER EST\\Documents\\proyectoFisio\\app\\Views\\control\\mostrar.php', 58)
 2 SYSTEMPATH\View\View.php(226): include('C:\\Users\\ED HER EST\\Documents\\proyectoFisio\\app\\Views\\control\\mostrar.php')
 3 SYSTEMPATH\View\View.php(229): CodeIgniter\View\View->CodeIgniter\View\{closure}()
 4 SYSTEMPATH\Common.php(1188): CodeIgniter\View\View->render('control/mostrar', [], true)
 5 APPPATH\Controllers\Control.php(20): view('control/mostrar', [...])
 6 SYSTEMPATH\CodeIgniter.php(919): App\Controllers\Control->mostrar()
 7 SYSTEMPATH\CodeIgniter.php(494): CodeIgniter\CodeIgniter->runController(Object(App\Controllers\Control))
 8 SYSTEMPATH\CodeIgniter.php(353): CodeIgniter\CodeIgniter->handleRequest(null, Object(Config\Cache), false)
 9 FCPATH\index.php(79): CodeIgniter\CodeIgniter->run()
10 SYSTEMPATH\Commands\Server\rewrite.php(47): require_once('C:\\Users\\ED HER EST\\Documents\\proyectoFisio\\public\\index.php')
