INFO - 2023-12-05 16:03:50 --> Session: Class initialized using 'CodeIgniter\Session\Handlers\FileHandler' driver.
INFO - 2023-12-05 16:06:04 --> Session: Class initialized using 'CodeIgniter\Session\Handlers\FileHandler' driver.
ERROR - 2023-12-05 16:43:34 --> Error connecting to the database: mysqli_sql_exception: No se puede establecer una conexión ya que el equipo de destino denegó expresamente dicha conexión in C:\Users\ED HER EST\Documents\proyectoFisio\system\Database\MySQLi\Connection.php:185
Stack trace:
#0 C:\Users\ED HER EST\Documents\proyectoFisio\system\Database\MySQLi\Connection.php(185): mysqli->real_connect('localhost', 'root', '', 'clinica', 3306, '', 0)
#1 C:\Users\ED HER EST\Documents\proyectoFisio\system\Database\BaseConnection.php(391): CodeIgniter\Database\MySQLi\Connection->connect(false)
#2 C:\Users\ED HER EST\Documents\proyectoFisio\system\Database\BaseConnection.php(574): CodeIgniter\Database\BaseConnection->initialize()
#3 C:\Users\ED HER EST\Documents\proyectoFisio\system\Database\BaseBuilder.php(1615): CodeIgniter\Database\BaseConnection->query('SELECT *\nFROM `...', Array, false)
#4 C:\Users\ED HER EST\Documents\proyectoFisio\system\Model.php(264): CodeIgniter\Database\BaseBuilder->get()
#5 C:\Users\ED HER EST\Documents\proyectoFisio\system\BaseModel.php(662): CodeIgniter\Model->doFirst()
#6 C:\Users\ED HER EST\Documents\proyectoFisio\app\Controllers\UserController.php(41): CodeIgniter\BaseModel->first()
#7 C:\Users\ED HER EST\Documents\proyectoFisio\system\CodeIgniter.php(919): App\Controllers\UserController->index()
#8 C:\Users\ED HER EST\Documents\proyectoFisio\system\CodeIgniter.php(494): CodeIgniter\CodeIgniter->runController(Object(App\Controllers\UserController))
#9 C:\Users\ED HER EST\Documents\proyectoFisio\system\CodeIgniter.php(353): CodeIgniter\CodeIgniter->handleRequest(NULL, Object(Config\Cache), false)
#10 C:\Users\ED HER EST\Documents\proyectoFisio\public\index.php(79): CodeIgniter\CodeIgniter->run()
#11 C:\Users\ED HER EST\Documents\proyectoFisio\system\Commands\Server\rewrite.php(47): require_once('C:\\Users\\ED HER...')
#12 {main}

Next CodeIgniter\Database\Exceptions\DatabaseException: No se puede establecer una conexión ya que el equipo de destino denegó expresamente dicha conexión in C:\Users\ED HER EST\Documents\proyectoFisio\system\Database\MySQLi\Connection.php:229
Stack trace:
#0 C:\Users\ED HER EST\Documents\proyectoFisio\system\Database\BaseConnection.php(391): CodeIgniter\Database\MySQLi\Connection->connect(false)
#1 C:\Users\ED HER EST\Documents\proyectoFisio\system\Database\BaseConnection.php(574): CodeIgniter\Database\BaseConnection->initialize()
#2 C:\Users\ED HER EST\Documents\proyectoFisio\system\Database\BaseBuilder.php(1615): CodeIgniter\Database\BaseConnection->query('SELECT *\nFROM `...', Array, false)
#3 C:\Users\ED HER EST\Documents\proyectoFisio\system\Model.php(264): CodeIgniter\Database\BaseBuilder->get()
#4 C:\Users\ED HER EST\Documents\proyectoFisio\system\BaseModel.php(662): CodeIgniter\Model->doFirst()
#5 C:\Users\ED HER EST\Documents\proyectoFisio\app\Controllers\UserController.php(41): CodeIgniter\BaseModel->first()
#6 C:\Users\ED HER EST\Documents\proyectoFisio\system\CodeIgniter.php(919): App\Controllers\UserController->index()
#7 C:\Users\ED HER EST\Documents\proyectoFisio\system\CodeIgniter.php(494): CodeIgniter\CodeIgniter->runController(Object(App\Controllers\UserController))
#8 C:\Users\ED HER EST\Documents\proyectoFisio\system\CodeIgniter.php(353): CodeIgniter\CodeIgniter->handleRequest(NULL, Object(Config\Cache), false)
#9 C:\Users\ED HER EST\Documents\proyectoFisio\public\index.php(79): CodeIgniter\CodeIgniter->run()
#10 C:\Users\ED HER EST\Documents\proyectoFisio\system\Commands\Server\rewrite.php(47): require_once('C:\\Users\\ED HER...')
#11 {main}
CRITICAL - 2023-12-05 16:43:34 --> Unable to connect to the database.
Main connection [MySQLi]: No se puede establecer una conexión ya que el equipo de destino denegó expresamente dicha conexión
in SYSTEMPATH\Database\BaseConnection.php on line 427.
 1 SYSTEMPATH\Database\BaseConnection.php(574): CodeIgniter\Database\BaseConnection->initialize()
 2 SYSTEMPATH\Database\BaseBuilder.php(1615): CodeIgniter\Database\BaseConnection->query('SELECT *
FROM `Usuario`
WHERE `usuario` = :usuario:
AND `contrasenia` = :contrasenia:
 LIMIT 1', [...], false)
 3 SYSTEMPATH\Model.php(264): CodeIgniter\Database\BaseBuilder->get()
 4 SYSTEMPATH\BaseModel.php(662): CodeIgniter\Model->doFirst()
 5 APPPATH\Controllers\UserController.php(41): CodeIgniter\BaseModel->first()
 6 SYSTEMPATH\CodeIgniter.php(919): App\Controllers\UserController->index()
 7 SYSTEMPATH\CodeIgniter.php(494): CodeIgniter\CodeIgniter->runController(Object(App\Controllers\UserController))
 8 SYSTEMPATH\CodeIgniter.php(353): CodeIgniter\CodeIgniter->handleRequest(null, Object(Config\Cache), false)
 9 FCPATH\index.php(79): CodeIgniter\CodeIgniter->run()
10 SYSTEMPATH\Commands\Server\rewrite.php(47): require_once('C:\\Users\\ED HER EST\\Documents\\proyectoFisio\\public\\index.php')
INFO - 2023-12-05 16:44:05 --> Session: Class initialized using 'CodeIgniter\Session\Handlers\FileHandler' driver.
INFO - 2023-12-05 16:45:54 --> Session: Class initialized using 'CodeIgniter\Session\Handlers\FileHandler' driver.
