CRITICAL - 2023-11-24 00:48:25 --> Undefined variable $idDelPaciente
in APPPATH\Views\datosGenerales\agregar.php on line 94.
 1 APPPATH\Views\datosGenerales\agregar.php(94): CodeIgniter\Debug\Exceptions->errorHandler(2, 'Undefined variable $idDelPaciente', 'C:\\Users\\ED HER EST\\Documents\\proyectoFisio\\app\\Views\\datosGenerales\\agregar.php', 94)
 2 SYSTEMPATH\View\View.php(226): include('C:\\Users\\ED HER EST\\Documents\\proyectoFisio\\app\\Views\\datosGenerales\\agregar.php')
 3 SYSTEMPATH\View\View.php(229): CodeIgniter\View\View->CodeIgniter\View\{closure}()
 4 SYSTEMPATH\Common.php(1188): CodeIgniter\View\View->render('datosgenerales/agregar', [], true)
 5 APPPATH\Controllers\DatosGenerales.php(28): view('datosgenerales/agregar')
 6 SYSTEMPATH\CodeIgniter.php(919): App\Controllers\DatosGenerales->agregar()
 7 SYSTEMPATH\CodeIgniter.php(494): CodeIgniter\CodeIgniter->runController(Object(App\Controllers\DatosGenerales))
 8 SYSTEMPATH\CodeIgniter.php(353): CodeIgniter\CodeIgniter->handleRequest(null, Object(Config\Cache), false)
 9 FCPATH\index.php(79): CodeIgniter\CodeIgniter->run()
10 SYSTEMPATH\Commands\Server\rewrite.php(47): require_once('C:\\Users\\ED HER EST\\Documents\\proyectoFisio\\public\\index.php')
CRITICAL - 2023-11-24 00:50:28 --> Undefined variable $ID_Paciente
in APPPATH\Views\datosGenerales\agregar.php on line 94.
 1 APPPATH\Views\datosGenerales\agregar.php(94): CodeIgniter\Debug\Exceptions->errorHandler(2, 'Undefined variable $ID_Paciente', 'C:\\Users\\ED HER EST\\Documents\\proyectoFisio\\app\\Views\\datosGenerales\\agregar.php', 94)
 2 SYSTEMPATH\View\View.php(226): include('C:\\Users\\ED HER EST\\Documents\\proyectoFisio\\app\\Views\\datosGenerales\\agregar.php')
 3 SYSTEMPATH\View\View.php(229): CodeIgniter\View\View->CodeIgniter\View\{closure}()
 4 SYSTEMPATH\Common.php(1188): CodeIgniter\View\View->render('datosgenerales/agregar', [], true)
 5 APPPATH\Controllers\DatosGenerales.php(28): view('datosgenerales/agregar')
 6 SYSTEMPATH\CodeIgniter.php(919): App\Controllers\DatosGenerales->agregar()
 7 SYSTEMPATH\CodeIgniter.php(494): CodeIgniter\CodeIgniter->runController(Object(App\Controllers\DatosGenerales))
 8 SYSTEMPATH\CodeIgniter.php(353): CodeIgniter\CodeIgniter->handleRequest(null, Object(Config\Cache), false)
 9 FCPATH\index.php(79): CodeIgniter\CodeIgniter->run()
10 SYSTEMPATH\Commands\Server\rewrite.php(47): require_once('C:\\Users\\ED HER EST\\Documents\\proyectoFisio\\public\\index.php')
CRITICAL - 2023-11-24 00:50:38 --> Undefined variable $Paciente_ID
in APPPATH\Views\datosGenerales\agregar.php on line 94.
 1 APPPATH\Views\datosGenerales\agregar.php(94): CodeIgniter\Debug\Exceptions->errorHandler(2, 'Undefined variable $Paciente_ID', 'C:\\Users\\ED HER EST\\Documents\\proyectoFisio\\app\\Views\\datosGenerales\\agregar.php', 94)
 2 SYSTEMPATH\View\View.php(226): include('C:\\Users\\ED HER EST\\Documents\\proyectoFisio\\app\\Views\\datosGenerales\\agregar.php')
 3 SYSTEMPATH\View\View.php(229): CodeIgniter\View\View->CodeIgniter\View\{closure}()
 4 SYSTEMPATH\Common.php(1188): CodeIgniter\View\View->render('datosgenerales/agregar', [], true)
 5 APPPATH\Controllers\DatosGenerales.php(28): view('datosgenerales/agregar')
 6 SYSTEMPATH\CodeIgniter.php(919): App\Controllers\DatosGenerales->agregar()
 7 SYSTEMPATH\CodeIgniter.php(494): CodeIgniter\CodeIgniter->runController(Object(App\Controllers\DatosGenerales))
 8 SYSTEMPATH\CodeIgniter.php(353): CodeIgniter\CodeIgniter->handleRequest(null, Object(Config\Cache), false)
 9 FCPATH\index.php(79): CodeIgniter\CodeIgniter->run()
10 SYSTEMPATH\Commands\Server\rewrite.php(47): require_once('C:\\Users\\ED HER EST\\Documents\\proyectoFisio\\public\\index.php')
CRITICAL - 2023-11-24 01:43:34 --> Call to a member function findAll() on null
in APPPATH\Controllers\Aphf.php on line 17.
 1 SYSTEMPATH\CodeIgniter.php(919): App\Controllers\Aphf->mostrar()
 2 SYSTEMPATH\CodeIgniter.php(494): CodeIgniter\CodeIgniter->runController(Object(App\Controllers\Aphf))
 3 SYSTEMPATH\CodeIgniter.php(353): CodeIgniter\CodeIgniter->handleRequest(null, Object(Config\Cache), false)
 4 FCPATH\index.php(79): CodeIgniter\CodeIgniter->run()
 5 SYSTEMPATH\Commands\Server\rewrite.php(47): require_once('C:\\Users\\ED HER EST\\Documents\\proyectoFisio\\public\\index.php')
CRITICAL - 2023-11-24 03:01:14 --> Undefined variable $aphf
in APPPATH\Views\aphf\mostrar.php on line 60.
 1 APPPATH\Views\aphf\mostrar.php(60): CodeIgniter\Debug\Exceptions->errorHandler(2, 'Undefined variable $aphf', 'C:\\Users\\ED HER EST\\Documents\\proyectoFisio\\app\\Views\\aphf\\mostrar.php', 60)
 2 SYSTEMPATH\View\View.php(226): include('C:\\Users\\ED HER EST\\Documents\\proyectoFisio\\app\\Views\\aphf\\mostrar.php')
 3 SYSTEMPATH\View\View.php(229): CodeIgniter\View\View->CodeIgniter\View\{closure}()
 4 SYSTEMPATH\Common.php(1188): CodeIgniter\View\View->render('aphf/mostrar', [], true)
 5 APPPATH\Controllers\Aphf.php(20): view('aphf/mostrar', [...])
 6 SYSTEMPATH\CodeIgniter.php(919): App\Controllers\Aphf->mostrar()
 7 SYSTEMPATH\CodeIgniter.php(494): CodeIgniter\CodeIgniter->runController(Object(App\Controllers\Aphf))
 8 SYSTEMPATH\CodeIgniter.php(353): CodeIgniter\CodeIgniter->handleRequest(null, Object(Config\Cache), false)
 9 FCPATH\index.php(79): CodeIgniter\CodeIgniter->run()
10 SYSTEMPATH\Commands\Server\rewrite.php(47): require_once('C:\\Users\\ED HER EST\\Documents\\proyectoFisio\\public\\index.php')
CRITICAL - 2023-11-24 03:02:20 --> Undefined variable $aphf
in APPPATH\Views\aphf\mostrar.php on line 60.
 1 APPPATH\Views\aphf\mostrar.php(60): CodeIgniter\Debug\Exceptions->errorHandler(2, 'Undefined variable $aphf', 'C:\\Users\\ED HER EST\\Documents\\proyectoFisio\\app\\Views\\aphf\\mostrar.php', 60)
 2 SYSTEMPATH\View\View.php(226): include('C:\\Users\\ED HER EST\\Documents\\proyectoFisio\\app\\Views\\aphf\\mostrar.php')
 3 SYSTEMPATH\View\View.php(229): CodeIgniter\View\View->CodeIgniter\View\{closure}()
 4 SYSTEMPATH\Common.php(1188): CodeIgniter\View\View->render('aphf/mostrar', [], true)
 5 APPPATH\Controllers\Aphf.php(20): view('aphf/mostrar', [...])
 6 SYSTEMPATH\CodeIgniter.php(919): App\Controllers\Aphf->mostrar()
 7 SYSTEMPATH\CodeIgniter.php(494): CodeIgniter\CodeIgniter->runController(Object(App\Controllers\Aphf))
 8 SYSTEMPATH\CodeIgniter.php(353): CodeIgniter\CodeIgniter->handleRequest(null, Object(Config\Cache), false)
 9 FCPATH\index.php(79): CodeIgniter\CodeIgniter->run()
10 SYSTEMPATH\Commands\Server\rewrite.php(47): require_once('C:\\Users\\ED HER EST\\Documents\\proyectoFisio\\public\\index.php')
CRITICAL - 2023-11-24 03:03:55 --> Undefined variable $aphf
in APPPATH\Views\aphf\mostrar.php on line 60.
 1 APPPATH\Views\aphf\mostrar.php(60): CodeIgniter\Debug\Exceptions->errorHandler(2, 'Undefined variable $aphf', 'C:\\Users\\ED HER EST\\Documents\\proyectoFisio\\app\\Views\\aphf\\mostrar.php', 60)
 2 SYSTEMPATH\View\View.php(226): include('C:\\Users\\ED HER EST\\Documents\\proyectoFisio\\app\\Views\\aphf\\mostrar.php')
 3 SYSTEMPATH\View\View.php(229): CodeIgniter\View\View->CodeIgniter\View\{closure}()
 4 SYSTEMPATH\Common.php(1188): CodeIgniter\View\View->render('aphf/mostrar', [], true)
 5 APPPATH\Controllers\Aphf.php(20): view('aphf/mostrar', [...])
 6 SYSTEMPATH\CodeIgniter.php(919): App\Controllers\Aphf->mostrar()
 7 SYSTEMPATH\CodeIgniter.php(494): CodeIgniter\CodeIgniter->runController(Object(App\Controllers\Aphf))
 8 SYSTEMPATH\CodeIgniter.php(353): CodeIgniter\CodeIgniter->handleRequest(null, Object(Config\Cache), false)
 9 FCPATH\index.php(79): CodeIgniter\CodeIgniter->run()
10 SYSTEMPATH\Commands\Server\rewrite.php(47): require_once('C:\\Users\\ED HER EST\\Documents\\proyectoFisio\\public\\index.php')
CRITICAL - 2023-11-24 03:06:27 --> Undefined array key "hta"
in APPPATH\Views\aphf\mostrar.php on line 64.
 1 APPPATH\Views\aphf\mostrar.php(64): CodeIgniter\Debug\Exceptions->errorHandler(2, 'Undefined array key "hta"', 'C:\\Users\\ED HER EST\\Documents\\proyectoFisio\\app\\Views\\aphf\\mostrar.php', 64)
 2 SYSTEMPATH\View\View.php(226): include('C:\\Users\\ED HER EST\\Documents\\proyectoFisio\\app\\Views\\aphf\\mostrar.php')
 3 SYSTEMPATH\View\View.php(229): CodeIgniter\View\View->CodeIgniter\View\{closure}()
 4 SYSTEMPATH\Common.php(1188): CodeIgniter\View\View->render('aphf/mostrar', [], true)
 5 APPPATH\Controllers\Aphf.php(20): view('aphf/mostrar', [...])
 6 SYSTEMPATH\CodeIgniter.php(919): App\Controllers\Aphf->mostrar()
 7 SYSTEMPATH\CodeIgniter.php(494): CodeIgniter\CodeIgniter->runController(Object(App\Controllers\Aphf))
 8 SYSTEMPATH\CodeIgniter.php(353): CodeIgniter\CodeIgniter->handleRequest(null, Object(Config\Cache), false)
 9 FCPATH\index.php(79): CodeIgniter\CodeIgniter->run()
10 SYSTEMPATH\Commands\Server\rewrite.php(47): require_once('C:\\Users\\ED HER EST\\Documents\\proyectoFisio\\public\\index.php')
CRITICAL - 2023-11-24 03:08:36 --> Undefined array key "ID_Aphf"
in APPPATH\Views\aphf\editar.php on line 73.
 1 APPPATH\Views\aphf\editar.php(73): CodeIgniter\Debug\Exceptions->errorHandler(2, 'Undefined array key "ID_Aphf"', 'C:\\Users\\ED HER EST\\Documents\\proyectoFisio\\app\\Views\\aphf\\editar.php', 73)
 2 SYSTEMPATH\View\View.php(226): include('C:\\Users\\ED HER EST\\Documents\\proyectoFisio\\app\\Views\\aphf\\editar.php')
 3 SYSTEMPATH\View\View.php(229): CodeIgniter\View\View->CodeIgniter\View\{closure}()
 4 SYSTEMPATH\Common.php(1188): CodeIgniter\View\View->render('aphf/editar', [], true)
 5 APPPATH\Controllers\Aphf.php(60): view('aphf/editar', [...])
 6 SYSTEMPATH\CodeIgniter.php(919): App\Controllers\Aphf->editar('1')
 7 SYSTEMPATH\CodeIgniter.php(494): CodeIgniter\CodeIgniter->runController(Object(App\Controllers\Aphf))
 8 SYSTEMPATH\CodeIgniter.php(353): CodeIgniter\CodeIgniter->handleRequest(null, Object(Config\Cache), false)
 9 FCPATH\index.php(79): CodeIgniter\CodeIgniter->run()
10 SYSTEMPATH\Commands\Server\rewrite.php(47): require_once('C:\\Users\\ED HER EST\\Documents\\proyectoFisio\\public\\index.php')
CRITICAL - 2023-11-24 03:10:20 --> Undefined array key "hta"
in APPPATH\Views\aphf\editar.php on line 85.
 1 APPPATH\Views\aphf\editar.php(85): CodeIgniter\Debug\Exceptions->errorHandler(2, 'Undefined array key "hta"', 'C:\\Users\\ED HER EST\\Documents\\proyectoFisio\\app\\Views\\aphf\\editar.php', 85)
 2 SYSTEMPATH\View\View.php(226): include('C:\\Users\\ED HER EST\\Documents\\proyectoFisio\\app\\Views\\aphf\\editar.php')
 3 SYSTEMPATH\View\View.php(229): CodeIgniter\View\View->CodeIgniter\View\{closure}()
 4 SYSTEMPATH\Common.php(1188): CodeIgniter\View\View->render('aphf/editar', [], true)
 5 APPPATH\Controllers\Aphf.php(60): view('aphf/editar', [...])
 6 SYSTEMPATH\CodeIgniter.php(919): App\Controllers\Aphf->editar('1')
 7 SYSTEMPATH\CodeIgniter.php(494): CodeIgniter\CodeIgniter->runController(Object(App\Controllers\Aphf))
 8 SYSTEMPATH\CodeIgniter.php(353): CodeIgniter\CodeIgniter->handleRequest(null, Object(Config\Cache), false)
 9 FCPATH\index.php(79): CodeIgniter\CodeIgniter->run()
10 SYSTEMPATH\Commands\Server\rewrite.php(47): require_once('C:\\Users\\ED HER EST\\Documents\\proyectoFisio\\public\\index.php')
CRITICAL - 2023-11-24 03:10:48 --> Undefined array key "cardiopatia"
in APPPATH\Views\aphf\editar.php on line 90.
 1 APPPATH\Views\aphf\editar.php(90): CodeIgniter\Debug\Exceptions->errorHandler(2, 'Undefined array key "cardiopatia"', 'C:\\Users\\ED HER EST\\Documents\\proyectoFisio\\app\\Views\\aphf\\editar.php', 90)
 2 SYSTEMPATH\View\View.php(226): include('C:\\Users\\ED HER EST\\Documents\\proyectoFisio\\app\\Views\\aphf\\editar.php')
 3 SYSTEMPATH\View\View.php(229): CodeIgniter\View\View->CodeIgniter\View\{closure}()
 4 SYSTEMPATH\Common.php(1188): CodeIgniter\View\View->render('aphf/editar', [], true)
 5 APPPATH\Controllers\Aphf.php(60): view('aphf/editar', [...])
 6 SYSTEMPATH\CodeIgniter.php(919): App\Controllers\Aphf->editar('1')
 7 SYSTEMPATH\CodeIgniter.php(494): CodeIgniter\CodeIgniter->runController(Object(App\Controllers\Aphf))
 8 SYSTEMPATH\CodeIgniter.php(353): CodeIgniter\CodeIgniter->handleRequest(null, Object(Config\Cache), false)
 9 FCPATH\index.php(79): CodeIgniter\CodeIgniter->run()
10 SYSTEMPATH\Commands\Server\rewrite.php(47): require_once('C:\\Users\\ED HER EST\\Documents\\proyectoFisio\\public\\index.php')
CRITICAL - 2023-11-24 03:23:25 --> Undefined array key "Paciente_ID"
in APPPATH\Controllers\Aphf.php on line 36.
 1 APPPATH\Controllers\Aphf.php(36): CodeIgniter\Debug\Exceptions->errorHandler(2, 'Undefined array key "Paciente_ID"', 'C:\\Users\\ED HER EST\\Documents\\proyectoFisio\\app\\Controllers\\Aphf.php', 36)
 2 SYSTEMPATH\CodeIgniter.php(919): App\Controllers\Aphf->insert()
 3 SYSTEMPATH\CodeIgniter.php(494): CodeIgniter\CodeIgniter->runController(Object(App\Controllers\Aphf))
 4 SYSTEMPATH\CodeIgniter.php(353): CodeIgniter\CodeIgniter->handleRequest(null, Object(Config\Cache), false)
 5 FCPATH\index.php(79): CodeIgniter\CodeIgniter->run()
 6 SYSTEMPATH\Commands\Server\rewrite.php(47): require_once('C:\\Users\\ED HER EST\\Documents\\proyectoFisio\\public\\index.php')
CRITICAL - 2023-11-24 03:23:47 --> Undefined array key "Paciente_ID"
in APPPATH\Controllers\Aphf.php on line 36.
 1 APPPATH\Controllers\Aphf.php(36): CodeIgniter\Debug\Exceptions->errorHandler(2, 'Undefined array key "Paciente_ID"', 'C:\\Users\\ED HER EST\\Documents\\proyectoFisio\\app\\Controllers\\Aphf.php', 36)
 2 SYSTEMPATH\CodeIgniter.php(919): App\Controllers\Aphf->insert()
 3 SYSTEMPATH\CodeIgniter.php(494): CodeIgniter\CodeIgniter->runController(Object(App\Controllers\Aphf))
 4 SYSTEMPATH\CodeIgniter.php(353): CodeIgniter\CodeIgniter->handleRequest(null, Object(Config\Cache), false)
 5 FCPATH\index.php(79): CodeIgniter\CodeIgniter->run()
 6 SYSTEMPATH\Commands\Server\rewrite.php(47): require_once('C:\\Users\\ED HER EST\\Documents\\proyectoFisio\\public\\index.php')
CRITICAL - 2023-11-24 03:24:55 --> Undefined array key "Paciente_ID"
in APPPATH\Controllers\Aphf.php on line 36.
 1 APPPATH\Controllers\Aphf.php(36): CodeIgniter\Debug\Exceptions->errorHandler(2, 'Undefined array key "Paciente_ID"', 'C:\\Users\\ED HER EST\\Documents\\proyectoFisio\\app\\Controllers\\Aphf.php', 36)
 2 SYSTEMPATH\CodeIgniter.php(919): App\Controllers\Aphf->insert()
 3 SYSTEMPATH\CodeIgniter.php(494): CodeIgniter\CodeIgniter->runController(Object(App\Controllers\Aphf))
 4 SYSTEMPATH\CodeIgniter.php(353): CodeIgniter\CodeIgniter->handleRequest(null, Object(Config\Cache), false)
 5 FCPATH\index.php(79): CodeIgniter\CodeIgniter->run()
 6 SYSTEMPATH\Commands\Server\rewrite.php(47): require_once('C:\\Users\\ED HER EST\\Documents\\proyectoFisio\\public\\index.php')
CRITICAL - 2023-11-24 03:26:45 --> Undefined array key "Paciente_ID"
in APPPATH\Controllers\Aphf.php on line 68.
 1 APPPATH\Controllers\Aphf.php(68): CodeIgniter\Debug\Exceptions->errorHandler(2, 'Undefined array key "Paciente_ID"', 'C:\\Users\\ED HER EST\\Documents\\proyectoFisio\\app\\Controllers\\Aphf.php', 68)
 2 SYSTEMPATH\CodeIgniter.php(919): App\Controllers\Aphf->update()
 3 SYSTEMPATH\CodeIgniter.php(494): CodeIgniter\CodeIgniter->runController(Object(App\Controllers\Aphf))
 4 SYSTEMPATH\CodeIgniter.php(353): CodeIgniter\CodeIgniter->handleRequest(null, Object(Config\Cache), false)
 5 FCPATH\index.php(79): CodeIgniter\CodeIgniter->run()
 6 SYSTEMPATH\Commands\Server\rewrite.php(47): require_once('C:\\Users\\ED HER EST\\Documents\\proyectoFisio\\public\\index.php')
ERROR - 2023-11-24 03:27:10 --> mysqli_sql_exception: Unknown column 'enfermedadesReumaticas' in 'field list' in C:\Users\ED HER EST\Documents\proyectoFisio\system\Database\MySQLi\Connection.php:306
Stack trace:
#0 C:\Users\ED HER EST\Documents\proyectoFisio\system\Database\MySQLi\Connection.php(306): mysqli->query('UPDATE `APHF` S...', 0)
#1 C:\Users\ED HER EST\Documents\proyectoFisio\system\Database\BaseConnection.php(692): CodeIgniter\Database\MySQLi\Connection->execute('UPDATE `APHF` S...')
#2 C:\Users\ED HER EST\Documents\proyectoFisio\system\Database\BaseConnection.php(606): CodeIgniter\Database\BaseConnection->simpleQuery('UPDATE `APHF` S...')
#3 C:\Users\ED HER EST\Documents\proyectoFisio\system\Database\BaseBuilder.php(2475): CodeIgniter\Database\BaseConnection->query('UPDATE `APHF` S...', Array, false)
#4 C:\Users\ED HER EST\Documents\proyectoFisio\system\Model.php(385): CodeIgniter\Database\BaseBuilder->update()
#5 C:\Users\ED HER EST\Documents\proyectoFisio\system\BaseModel.php(949): CodeIgniter\Model->doUpdate(Array, Array)
#6 C:\Users\ED HER EST\Documents\proyectoFisio\system\Model.php(776): CodeIgniter\BaseModel->update(Array, Array)
#7 C:\Users\ED HER EST\Documents\proyectoFisio\app\Controllers\Aphf.php(75): CodeIgniter\Model->update('1', Array)
#8 C:\Users\ED HER EST\Documents\proyectoFisio\system\CodeIgniter.php(919): App\Controllers\Aphf->update()
#9 C:\Users\ED HER EST\Documents\proyectoFisio\system\CodeIgniter.php(494): CodeIgniter\CodeIgniter->runController(Object(App\Controllers\Aphf))
#10 C:\Users\ED HER EST\Documents\proyectoFisio\system\CodeIgniter.php(353): CodeIgniter\CodeIgniter->handleRequest(NULL, Object(Config\Cache), false)
#11 C:\Users\ED HER EST\Documents\proyectoFisio\public\index.php(79): CodeIgniter\CodeIgniter->run()
#12 C:\Users\ED HER EST\Documents\proyectoFisio\system\Commands\Server\rewrite.php(47): require_once('C:\\Users\\ED HER...')
#13 {main}
CRITICAL - 2023-11-24 03:27:10 --> Unknown column 'enfermedadesReumaticas' in 'field list'
in SYSTEMPATH\Database\BaseConnection.php on line 646.
 1 SYSTEMPATH\Database\BaseBuilder.php(2475): CodeIgniter\Database\BaseConnection->query('UPDATE `APHF` SET `diabetes` = :diabetes:, `hta` = :hta:, `cardiopatia` = :cardiopatia:, `enfermedadesReumaticas` = :enfermedadesReumaticas:, `updated_at` = :updated_at:
WHERE `APHF`.`ID_APHF` IN :APHF.ID_APHF:', [...], false)
 2 SYSTEMPATH\Model.php(385): CodeIgniter\Database\BaseBuilder->update()
 3 SYSTEMPATH\BaseModel.php(949): CodeIgniter\Model->doUpdate([...], [...])
 4 SYSTEMPATH\Model.php(776): CodeIgniter\BaseModel->update([...], [...])
 5 APPPATH\Controllers\Aphf.php(75): CodeIgniter\Model->update('1', [...])
 6 SYSTEMPATH\CodeIgniter.php(919): App\Controllers\Aphf->update()
 7 SYSTEMPATH\CodeIgniter.php(494): CodeIgniter\CodeIgniter->runController(Object(App\Controllers\Aphf))
 8 SYSTEMPATH\CodeIgniter.php(353): CodeIgniter\CodeIgniter->handleRequest(null, Object(Config\Cache), false)
 9 FCPATH\index.php(79): CodeIgniter\CodeIgniter->run()
10 SYSTEMPATH\Commands\Server\rewrite.php(47): require_once('C:\\Users\\ED HER EST\\Documents\\proyectoFisio\\public\\index.php')
CRITICAL - 2023-11-24 05:47:02 --> Undefined array key "ID_Paciente"
in APPPATH\Views\exploracionFisica\buscar.php on line 146.
 1 APPPATH\Views\exploracionFisica\buscar.php(146): CodeIgniter\Debug\Exceptions->errorHandler(2, 'Undefined array key "ID_Paciente"', 'C:\\Users\\ED HER EST\\Documents\\proyectoFisio\\app\\Views\\exploracionFisica\\buscar.php', 146)
 2 SYSTEMPATH\View\View.php(226): include('C:\\Users\\ED HER EST\\Documents\\proyectoFisio\\app\\Views\\exploracionFisica\\buscar.php')
 3 SYSTEMPATH\View\View.php(229): CodeIgniter\View\View->CodeIgniter\View\{closure}()
 4 SYSTEMPATH\Common.php(1188): CodeIgniter\View\View->render('exploracionfisica/buscar', [], true)
 5 APPPATH\Controllers\ExploracionFisica.php(98): view('exploracionfisica/buscar', [...])
 6 SYSTEMPATH\CodeIgniter.php(919): App\Controllers\ExploracionFisica->buscar()
 7 SYSTEMPATH\CodeIgniter.php(494): CodeIgniter\CodeIgniter->runController(Object(App\Controllers\ExploracionFisica))
 8 SYSTEMPATH\CodeIgniter.php(353): CodeIgniter\CodeIgniter->handleRequest(null, Object(Config\Cache), false)
 9 FCPATH\index.php(79): CodeIgniter\CodeIgniter->run()
10 SYSTEMPATH\Commands\Server\rewrite.php(47): require_once('C:\\Users\\ED HER EST\\Documents\\proyectoFisio\\public\\index.php')
CRITICAL - 2023-11-24 05:50:35 --> Undefined array key "rom"
in APPPATH\Controllers\ExploracionFisica.php on line 71.
 1 APPPATH\Controllers\ExploracionFisica.php(71): CodeIgniter\Debug\Exceptions->errorHandler(2, 'Undefined array key "rom"', 'C:\\Users\\ED HER EST\\Documents\\proyectoFisio\\app\\Controllers\\ExploracionFisica.php', 71)
 2 SYSTEMPATH\CodeIgniter.php(919): App\Controllers\ExploracionFisica->update()
 3 SYSTEMPATH\CodeIgniter.php(494): CodeIgniter\CodeIgniter->runController(Object(App\Controllers\ExploracionFisica))
 4 SYSTEMPATH\CodeIgniter.php(353): CodeIgniter\CodeIgniter->handleRequest(null, Object(Config\Cache), false)
 5 FCPATH\index.php(79): CodeIgniter\CodeIgniter->run()
 6 SYSTEMPATH\Commands\Server\rewrite.php(47): require_once('C:\\Users\\ED HER EST\\Documents\\proyectoFisio\\public\\index.php')
CRITICAL - 2023-11-24 05:51:43 --> Undefined array key "pacienteID"
in APPPATH\Controllers\ExploracionFisica.php on line 76.
 1 APPPATH\Controllers\ExploracionFisica.php(76): CodeIgniter\Debug\Exceptions->errorHandler(2, 'Undefined array key "pacienteID"', 'C:\\Users\\ED HER EST\\Documents\\proyectoFisio\\app\\Controllers\\ExploracionFisica.php', 76)
 2 SYSTEMPATH\CodeIgniter.php(919): App\Controllers\ExploracionFisica->update()
 3 SYSTEMPATH\CodeIgniter.php(494): CodeIgniter\CodeIgniter->runController(Object(App\Controllers\ExploracionFisica))
 4 SYSTEMPATH\CodeIgniter.php(353): CodeIgniter\CodeIgniter->handleRequest(null, Object(Config\Cache), false)
 5 FCPATH\index.php(79): CodeIgniter\CodeIgniter->run()
 6 SYSTEMPATH\Commands\Server\rewrite.php(47): require_once('C:\\Users\\ED HER EST\\Documents\\proyectoFisio\\public\\index.php')
CRITICAL - 2023-11-24 05:52:08 --> Undefined array key "id"
in APPPATH\Controllers\ExploracionFisica.php on line 79.
 1 APPPATH\Controllers\ExploracionFisica.php(79): CodeIgniter\Debug\Exceptions->errorHandler(2, 'Undefined array key "id"', 'C:\\Users\\ED HER EST\\Documents\\proyectoFisio\\app\\Controllers\\ExploracionFisica.php', 79)
 2 SYSTEMPATH\CodeIgniter.php(919): App\Controllers\ExploracionFisica->update()
 3 SYSTEMPATH\CodeIgniter.php(494): CodeIgniter\CodeIgniter->runController(Object(App\Controllers\ExploracionFisica))
 4 SYSTEMPATH\CodeIgniter.php(353): CodeIgniter\CodeIgniter->handleRequest(null, Object(Config\Cache), false)
 5 FCPATH\index.php(79): CodeIgniter\CodeIgniter->run()
 6 SYSTEMPATH\Commands\Server\rewrite.php(47): require_once('C:\\Users\\ED HER EST\\Documents\\proyectoFisio\\public\\index.php')
CRITICAL - 2023-11-24 05:55:52 --> Undefined array key "id"
in APPPATH\Controllers\ExploracionFisica.php on line 79.
 1 APPPATH\Controllers\ExploracionFisica.php(79): CodeIgniter\Debug\Exceptions->errorHandler(2, 'Undefined array key "id"', 'C:\\Users\\ED HER EST\\Documents\\proyectoFisio\\app\\Controllers\\ExploracionFisica.php', 79)
 2 SYSTEMPATH\CodeIgniter.php(919): App\Controllers\ExploracionFisica->update()
 3 SYSTEMPATH\CodeIgniter.php(494): CodeIgniter\CodeIgniter->runController(Object(App\Controllers\ExploracionFisica))
 4 SYSTEMPATH\CodeIgniter.php(353): CodeIgniter\CodeIgniter->handleRequest(null, Object(Config\Cache), false)
 5 FCPATH\index.php(79): CodeIgniter\CodeIgniter->run()
 6 SYSTEMPATH\Commands\Server\rewrite.php(47): require_once('C:\\Users\\ED HER EST\\Documents\\proyectoFisio\\public\\index.php')
CRITICAL - 2023-11-24 05:56:06 --> Undefined array key "id"
in APPPATH\Controllers\ExploracionFisica.php on line 79.
 1 APPPATH\Controllers\ExploracionFisica.php(79): CodeIgniter\Debug\Exceptions->errorHandler(2, 'Undefined array key "id"', 'C:\\Users\\ED HER EST\\Documents\\proyectoFisio\\app\\Controllers\\ExploracionFisica.php', 79)
 2 SYSTEMPATH\CodeIgniter.php(919): App\Controllers\ExploracionFisica->update()
 3 SYSTEMPATH\CodeIgniter.php(494): CodeIgniter\CodeIgniter->runController(Object(App\Controllers\ExploracionFisica))
 4 SYSTEMPATH\CodeIgniter.php(353): CodeIgniter\CodeIgniter->handleRequest(null, Object(Config\Cache), false)
 5 FCPATH\index.php(79): CodeIgniter\CodeIgniter->run()
 6 SYSTEMPATH\Commands\Server\rewrite.php(47): require_once('C:\\Users\\ED HER EST\\Documents\\proyectoFisio\\public\\index.php')
CRITICAL - 2023-11-24 05:57:14 --> Undefined array key "id"
in APPPATH\Controllers\ExploracionFisica.php on line 79.
 1 APPPATH\Controllers\ExploracionFisica.php(79): CodeIgniter\Debug\Exceptions->errorHandler(2, 'Undefined array key "id"', 'C:\\Users\\ED HER EST\\Documents\\proyectoFisio\\app\\Controllers\\ExploracionFisica.php', 79)
 2 SYSTEMPATH\CodeIgniter.php(919): App\Controllers\ExploracionFisica->update()
 3 SYSTEMPATH\CodeIgniter.php(494): CodeIgniter\CodeIgniter->runController(Object(App\Controllers\ExploracionFisica))
 4 SYSTEMPATH\CodeIgniter.php(353): CodeIgniter\CodeIgniter->handleRequest(null, Object(Config\Cache), false)
 5 FCPATH\index.php(79): CodeIgniter\CodeIgniter->run()
 6 SYSTEMPATH\Commands\Server\rewrite.php(47): require_once('C:\\Users\\ED HER EST\\Documents\\proyectoFisio\\public\\index.php')
CRITICAL - 2023-11-24 05:57:46 --> Undefined array key "id"
in APPPATH\Controllers\ExploracionFisica.php on line 79.
 1 APPPATH\Controllers\ExploracionFisica.php(79): CodeIgniter\Debug\Exceptions->errorHandler(2, 'Undefined array key "id"', 'C:\\Users\\ED HER EST\\Documents\\proyectoFisio\\app\\Controllers\\ExploracionFisica.php', 79)
 2 SYSTEMPATH\CodeIgniter.php(919): App\Controllers\ExploracionFisica->update()
 3 SYSTEMPATH\CodeIgniter.php(494): CodeIgniter\CodeIgniter->runController(Object(App\Controllers\ExploracionFisica))
 4 SYSTEMPATH\CodeIgniter.php(353): CodeIgniter\CodeIgniter->handleRequest(null, Object(Config\Cache), false)
 5 FCPATH\index.php(79): CodeIgniter\CodeIgniter->run()
 6 SYSTEMPATH\Commands\Server\rewrite.php(47): require_once('C:\\Users\\ED HER EST\\Documents\\proyectoFisio\\public\\index.php')
CRITICAL - 2023-11-24 05:57:59 --> Undefined array key "id"
in APPPATH\Controllers\ExploracionFisica.php on line 79.
 1 APPPATH\Controllers\ExploracionFisica.php(79): CodeIgniter\Debug\Exceptions->errorHandler(2, 'Undefined array key "id"', 'C:\\Users\\ED HER EST\\Documents\\proyectoFisio\\app\\Controllers\\ExploracionFisica.php', 79)
 2 SYSTEMPATH\CodeIgniter.php(919): App\Controllers\ExploracionFisica->update()
 3 SYSTEMPATH\CodeIgniter.php(494): CodeIgniter\CodeIgniter->runController(Object(App\Controllers\ExploracionFisica))
 4 SYSTEMPATH\CodeIgniter.php(353): CodeIgniter\CodeIgniter->handleRequest(null, Object(Config\Cache), false)
 5 FCPATH\index.php(79): CodeIgniter\CodeIgniter->run()
 6 SYSTEMPATH\Commands\Server\rewrite.php(47): require_once('C:\\Users\\ED HER EST\\Documents\\proyectoFisio\\public\\index.php')
CRITICAL - 2023-11-24 05:59:42 --> Undefined array key "id"
in APPPATH\Controllers\ExploracionFisica.php on line 79.
 1 APPPATH\Controllers\ExploracionFisica.php(79): CodeIgniter\Debug\Exceptions->errorHandler(2, 'Undefined array key "id"', 'C:\\Users\\ED HER EST\\Documents\\proyectoFisio\\app\\Controllers\\ExploracionFisica.php', 79)
 2 SYSTEMPATH\CodeIgniter.php(919): App\Controllers\ExploracionFisica->update()
 3 SYSTEMPATH\CodeIgniter.php(494): CodeIgniter\CodeIgniter->runController(Object(App\Controllers\ExploracionFisica))
 4 SYSTEMPATH\CodeIgniter.php(353): CodeIgniter\CodeIgniter->handleRequest(null, Object(Config\Cache), false)
 5 FCPATH\index.php(79): CodeIgniter\CodeIgniter->run()
 6 SYSTEMPATH\Commands\Server\rewrite.php(47): require_once('C:\\Users\\ED HER EST\\Documents\\proyectoFisio\\public\\index.php')
CRITICAL - 2023-11-24 06:03:54 --> Undefined array key "pacienteID"
in APPPATH\Controllers\ExploracionFisica.php on line 76.
 1 APPPATH\Controllers\ExploracionFisica.php(76): CodeIgniter\Debug\Exceptions->errorHandler(2, 'Undefined array key "pacienteID"', 'C:\\Users\\ED HER EST\\Documents\\proyectoFisio\\app\\Controllers\\ExploracionFisica.php', 76)
 2 SYSTEMPATH\CodeIgniter.php(919): App\Controllers\ExploracionFisica->update()
 3 SYSTEMPATH\CodeIgniter.php(494): CodeIgniter\CodeIgniter->runController(Object(App\Controllers\ExploracionFisica))
 4 SYSTEMPATH\CodeIgniter.php(353): CodeIgniter\CodeIgniter->handleRequest(null, Object(Config\Cache), false)
 5 FCPATH\index.php(79): CodeIgniter\CodeIgniter->run()
 6 SYSTEMPATH\Commands\Server\rewrite.php(47): require_once('C:\\Users\\ED HER EST\\Documents\\proyectoFisio\\public\\index.php')
CRITICAL - 2023-11-24 06:04:52 --> Undefined array key "ID_Paciente"
in APPPATH\Controllers\ExploracionFisica.php on line 76.
 1 APPPATH\Controllers\ExploracionFisica.php(76): CodeIgniter\Debug\Exceptions->errorHandler(2, 'Undefined array key "ID_Paciente"', 'C:\\Users\\ED HER EST\\Documents\\proyectoFisio\\app\\Controllers\\ExploracionFisica.php', 76)
 2 SYSTEMPATH\CodeIgniter.php(919): App\Controllers\ExploracionFisica->update()
 3 SYSTEMPATH\CodeIgniter.php(494): CodeIgniter\CodeIgniter->runController(Object(App\Controllers\ExploracionFisica))
 4 SYSTEMPATH\CodeIgniter.php(353): CodeIgniter\CodeIgniter->handleRequest(null, Object(Config\Cache), false)
 5 FCPATH\index.php(79): CodeIgniter\CodeIgniter->run()
 6 SYSTEMPATH\Commands\Server\rewrite.php(47): require_once('C:\\Users\\ED HER EST\\Documents\\proyectoFisio\\public\\index.php')
CRITICAL - 2023-11-24 06:06:44 --> Undefined array key "id"
in APPPATH\Controllers\ExploracionFisica.php on line 77.
 1 APPPATH\Controllers\ExploracionFisica.php(77): CodeIgniter\Debug\Exceptions->errorHandler(2, 'Undefined array key "id"', 'C:\\Users\\ED HER EST\\Documents\\proyectoFisio\\app\\Controllers\\ExploracionFisica.php', 77)
 2 SYSTEMPATH\CodeIgniter.php(919): App\Controllers\ExploracionFisica->update()
 3 SYSTEMPATH\CodeIgniter.php(494): CodeIgniter\CodeIgniter->runController(Object(App\Controllers\ExploracionFisica))
 4 SYSTEMPATH\CodeIgniter.php(353): CodeIgniter\CodeIgniter->handleRequest(null, Object(Config\Cache), false)
 5 FCPATH\index.php(79): CodeIgniter\CodeIgniter->run()
 6 SYSTEMPATH\Commands\Server\rewrite.php(47): require_once('C:\\Users\\ED HER EST\\Documents\\proyectoFisio\\public\\index.php')
CRITICAL - 2023-11-24 06:08:02 --> Undefined array key "id"
in APPPATH\Controllers\ExploracionFisica.php on line 77.
 1 APPPATH\Controllers\ExploracionFisica.php(77): CodeIgniter\Debug\Exceptions->errorHandler(2, 'Undefined array key "id"', 'C:\\Users\\ED HER EST\\Documents\\proyectoFisio\\app\\Controllers\\ExploracionFisica.php', 77)
 2 SYSTEMPATH\CodeIgniter.php(919): App\Controllers\ExploracionFisica->update()
 3 SYSTEMPATH\CodeIgniter.php(494): CodeIgniter\CodeIgniter->runController(Object(App\Controllers\ExploracionFisica))
 4 SYSTEMPATH\CodeIgniter.php(353): CodeIgniter\CodeIgniter->handleRequest(null, Object(Config\Cache), false)
 5 FCPATH\index.php(79): CodeIgniter\CodeIgniter->run()
 6 SYSTEMPATH\Commands\Server\rewrite.php(47): require_once('C:\\Users\\ED HER EST\\Documents\\proyectoFisio\\public\\index.php')
CRITICAL - 2023-11-24 06:10:12 --> Trying to access array offset on value of type null
in APPPATH\Controllers\ExploracionFisica.php on line 77.
 1 APPPATH\Controllers\ExploracionFisica.php(77): CodeIgniter\Debug\Exceptions->errorHandler(2, 'Trying to access array offset on value of type null', 'C:\\Users\\ED HER EST\\Documents\\proyectoFisio\\app\\Controllers\\ExploracionFisica.php', 77)
 2 SYSTEMPATH\CodeIgniter.php(919): App\Controllers\ExploracionFisica->update()
 3 SYSTEMPATH\CodeIgniter.php(494): CodeIgniter\CodeIgniter->runController(Object(App\Controllers\ExploracionFisica))
 4 SYSTEMPATH\CodeIgniter.php(353): CodeIgniter\CodeIgniter->handleRequest(null, Object(Config\Cache), false)
 5 FCPATH\index.php(79): CodeIgniter\CodeIgniter->run()
 6 SYSTEMPATH\Commands\Server\rewrite.php(47): require_once('C:\\Users\\ED HER EST\\Documents\\proyectoFisio\\public\\index.php')
CRITICAL - 2023-11-24 06:11:00 --> Undefined array key "id"
in APPPATH\Controllers\ExploracionFisica.php on line 77.
 1 APPPATH\Controllers\ExploracionFisica.php(77): CodeIgniter\Debug\Exceptions->errorHandler(2, 'Undefined array key "id"', 'C:\\Users\\ED HER EST\\Documents\\proyectoFisio\\app\\Controllers\\ExploracionFisica.php', 77)
 2 SYSTEMPATH\CodeIgniter.php(919): App\Controllers\ExploracionFisica->update()
 3 SYSTEMPATH\CodeIgniter.php(494): CodeIgniter\CodeIgniter->runController(Object(App\Controllers\ExploracionFisica))
 4 SYSTEMPATH\CodeIgniter.php(353): CodeIgniter\CodeIgniter->handleRequest(null, Object(Config\Cache), false)
 5 FCPATH\index.php(79): CodeIgniter\CodeIgniter->run()
 6 SYSTEMPATH\Commands\Server\rewrite.php(47): require_once('C:\\Users\\ED HER EST\\Documents\\proyectoFisio\\public\\index.php')
CRITICAL - 2023-11-24 06:11:26 --> Undefined array key "IDpaciente"
in APPPATH\Controllers\ExploracionFisica.php on line 76.
 1 APPPATH\Controllers\ExploracionFisica.php(76): CodeIgniter\Debug\Exceptions->errorHandler(2, 'Undefined array key "IDpaciente"', 'C:\\Users\\ED HER EST\\Documents\\proyectoFisio\\app\\Controllers\\ExploracionFisica.php', 76)
 2 SYSTEMPATH\CodeIgniter.php(919): App\Controllers\ExploracionFisica->update()
 3 SYSTEMPATH\CodeIgniter.php(494): CodeIgniter\CodeIgniter->runController(Object(App\Controllers\ExploracionFisica))
 4 SYSTEMPATH\CodeIgniter.php(353): CodeIgniter\CodeIgniter->handleRequest(null, Object(Config\Cache), false)
 5 FCPATH\index.php(79): CodeIgniter\CodeIgniter->run()
 6 SYSTEMPATH\Commands\Server\rewrite.php(47): require_once('C:\\Users\\ED HER EST\\Documents\\proyectoFisio\\public\\index.php')
CRITICAL - 2023-11-24 06:11:53 --> Undefined array key "pacienteID"
in APPPATH\Controllers\ExploracionFisica.php on line 76.
 1 APPPATH\Controllers\ExploracionFisica.php(76): CodeIgniter\Debug\Exceptions->errorHandler(2, 'Undefined array key "pacienteID"', 'C:\\Users\\ED HER EST\\Documents\\proyectoFisio\\app\\Controllers\\ExploracionFisica.php', 76)
 2 SYSTEMPATH\CodeIgniter.php(919): App\Controllers\ExploracionFisica->update()
 3 SYSTEMPATH\CodeIgniter.php(494): CodeIgniter\CodeIgniter->runController(Object(App\Controllers\ExploracionFisica))
 4 SYSTEMPATH\CodeIgniter.php(353): CodeIgniter\CodeIgniter->handleRequest(null, Object(Config\Cache), false)
 5 FCPATH\index.php(79): CodeIgniter\CodeIgniter->run()
 6 SYSTEMPATH\Commands\Server\rewrite.php(47): require_once('C:\\Users\\ED HER EST\\Documents\\proyectoFisio\\public\\index.php')
CRITICAL - 2023-11-24 06:12:25 --> Undefined array key "Paciente_ID"
in APPPATH\Controllers\ExploracionFisica.php on line 76.
 1 APPPATH\Controllers\ExploracionFisica.php(76): CodeIgniter\Debug\Exceptions->errorHandler(2, 'Undefined array key "Paciente_ID"', 'C:\\Users\\ED HER EST\\Documents\\proyectoFisio\\app\\Controllers\\ExploracionFisica.php', 76)
 2 SYSTEMPATH\CodeIgniter.php(919): App\Controllers\ExploracionFisica->update()
 3 SYSTEMPATH\CodeIgniter.php(494): CodeIgniter\CodeIgniter->runController(Object(App\Controllers\ExploracionFisica))
 4 SYSTEMPATH\CodeIgniter.php(353): CodeIgniter\CodeIgniter->handleRequest(null, Object(Config\Cache), false)
 5 FCPATH\index.php(79): CodeIgniter\CodeIgniter->run()
 6 SYSTEMPATH\Commands\Server\rewrite.php(47): require_once('C:\\Users\\ED HER EST\\Documents\\proyectoFisio\\public\\index.php')
CRITICAL - 2023-11-24 06:13:03 --> Undefined array key "ID_Paciente"
in APPPATH\Controllers\ExploracionFisica.php on line 76.
 1 APPPATH\Controllers\ExploracionFisica.php(76): CodeIgniter\Debug\Exceptions->errorHandler(2, 'Undefined array key "ID_Paciente"', 'C:\\Users\\ED HER EST\\Documents\\proyectoFisio\\app\\Controllers\\ExploracionFisica.php', 76)
 2 SYSTEMPATH\CodeIgniter.php(919): App\Controllers\ExploracionFisica->update()
 3 SYSTEMPATH\CodeIgniter.php(494): CodeIgniter\CodeIgniter->runController(Object(App\Controllers\ExploracionFisica))
 4 SYSTEMPATH\CodeIgniter.php(353): CodeIgniter\CodeIgniter->handleRequest(null, Object(Config\Cache), false)
 5 FCPATH\index.php(79): CodeIgniter\CodeIgniter->run()
 6 SYSTEMPATH\Commands\Server\rewrite.php(47): require_once('C:\\Users\\ED HER EST\\Documents\\proyectoFisio\\public\\index.php')
CRITICAL - 2023-11-24 06:13:45 --> Undefined array key "rom"
in APPPATH\Controllers\ExploracionFisica.php on line 71.
 1 APPPATH\Controllers\ExploracionFisica.php(71): CodeIgniter\Debug\Exceptions->errorHandler(2, 'Undefined array key "rom"', 'C:\\Users\\ED HER EST\\Documents\\proyectoFisio\\app\\Controllers\\ExploracionFisica.php', 71)
 2 SYSTEMPATH\CodeIgniter.php(919): App\Controllers\ExploracionFisica->update()
 3 SYSTEMPATH\CodeIgniter.php(494): CodeIgniter\CodeIgniter->runController(Object(App\Controllers\ExploracionFisica))
 4 SYSTEMPATH\CodeIgniter.php(353): CodeIgniter\CodeIgniter->handleRequest(null, Object(Config\Cache), false)
 5 FCPATH\index.php(79): CodeIgniter\CodeIgniter->run()
 6 SYSTEMPATH\Commands\Server\rewrite.php(47): require_once('C:\\Users\\ED HER EST\\Documents\\proyectoFisio\\public\\index.php')
CRITICAL - 2023-11-24 06:20:11 --> Undefined array key "pacienteID"
in APPPATH\Controllers\ExploracionFisica.php on line 76.
 1 APPPATH\Controllers\ExploracionFisica.php(76): CodeIgniter\Debug\Exceptions->errorHandler(2, 'Undefined array key "pacienteID"', 'C:\\Users\\ED HER EST\\Documents\\proyectoFisio\\app\\Controllers\\ExploracionFisica.php', 76)
 2 SYSTEMPATH\CodeIgniter.php(919): App\Controllers\ExploracionFisica->update()
 3 SYSTEMPATH\CodeIgniter.php(494): CodeIgniter\CodeIgniter->runController(Object(App\Controllers\ExploracionFisica))
 4 SYSTEMPATH\CodeIgniter.php(353): CodeIgniter\CodeIgniter->handleRequest(null, Object(Config\Cache), false)
 5 FCPATH\index.php(79): CodeIgniter\CodeIgniter->run()
 6 SYSTEMPATH\Commands\Server\rewrite.php(47): require_once('C:\\Users\\ED HER EST\\Documents\\proyectoFisio\\public\\index.php')
CRITICAL - 2023-11-24 06:20:30 --> Undefined array key "id"
in APPPATH\Controllers\ExploracionFisica.php on line 79.
 1 APPPATH\Controllers\ExploracionFisica.php(79): CodeIgniter\Debug\Exceptions->errorHandler(2, 'Undefined array key "id"', 'C:\\Users\\ED HER EST\\Documents\\proyectoFisio\\app\\Controllers\\ExploracionFisica.php', 79)
 2 SYSTEMPATH\CodeIgniter.php(919): App\Controllers\ExploracionFisica->update()
 3 SYSTEMPATH\CodeIgniter.php(494): CodeIgniter\CodeIgniter->runController(Object(App\Controllers\ExploracionFisica))
 4 SYSTEMPATH\CodeIgniter.php(353): CodeIgniter\CodeIgniter->handleRequest(null, Object(Config\Cache), false)
 5 FCPATH\index.php(79): CodeIgniter\CodeIgniter->run()
 6 SYSTEMPATH\Commands\Server\rewrite.php(47): require_once('C:\\Users\\ED HER EST\\Documents\\proyectoFisio\\public\\index.php')
CRITICAL - 2023-11-24 06:21:31 --> Undefined array key "ID_ExploracionFisica"
in APPPATH\Controllers\ExploracionFisica.php on line 79.
 1 APPPATH\Controllers\ExploracionFisica.php(79): CodeIgniter\Debug\Exceptions->errorHandler(2, 'Undefined array key "ID_ExploracionFisica"', 'C:\\Users\\ED HER EST\\Documents\\proyectoFisio\\app\\Controllers\\ExploracionFisica.php', 79)
 2 SYSTEMPATH\CodeIgniter.php(919): App\Controllers\ExploracionFisica->update()
 3 SYSTEMPATH\CodeIgniter.php(494): CodeIgniter\CodeIgniter->runController(Object(App\Controllers\ExploracionFisica))
 4 SYSTEMPATH\CodeIgniter.php(353): CodeIgniter\CodeIgniter->handleRequest(null, Object(Config\Cache), false)
 5 FCPATH\index.php(79): CodeIgniter\CodeIgniter->run()
 6 SYSTEMPATH\Commands\Server\rewrite.php(47): require_once('C:\\Users\\ED HER EST\\Documents\\proyectoFisio\\public\\index.php')
CRITICAL - 2023-11-24 06:22:35 --> Undefined array key "id"
in APPPATH\Controllers\ExploracionFisica.php on line 79.
 1 APPPATH\Controllers\ExploracionFisica.php(79): CodeIgniter\Debug\Exceptions->errorHandler(2, 'Undefined array key "id"', 'C:\\Users\\ED HER EST\\Documents\\proyectoFisio\\app\\Controllers\\ExploracionFisica.php', 79)
 2 SYSTEMPATH\CodeIgniter.php(919): App\Controllers\ExploracionFisica->update()
 3 SYSTEMPATH\CodeIgniter.php(494): CodeIgniter\CodeIgniter->runController(Object(App\Controllers\ExploracionFisica))
 4 SYSTEMPATH\CodeIgniter.php(353): CodeIgniter\CodeIgniter->handleRequest(null, Object(Config\Cache), false)
 5 FCPATH\index.php(79): CodeIgniter\CodeIgniter->run()
 6 SYSTEMPATH\Commands\Server\rewrite.php(47): require_once('C:\\Users\\ED HER EST\\Documents\\proyectoFisio\\public\\index.php')
CRITICAL - 2023-11-24 06:23:09 --> Undefined array key "id"
in APPPATH\Controllers\ExploracionFisica.php on line 79.
 1 APPPATH\Controllers\ExploracionFisica.php(79): CodeIgniter\Debug\Exceptions->errorHandler(2, 'Undefined array key "id"', 'C:\\Users\\ED HER EST\\Documents\\proyectoFisio\\app\\Controllers\\ExploracionFisica.php', 79)
 2 SYSTEMPATH\CodeIgniter.php(919): App\Controllers\ExploracionFisica->update()
 3 SYSTEMPATH\CodeIgniter.php(494): CodeIgniter\CodeIgniter->runController(Object(App\Controllers\ExploracionFisica))
 4 SYSTEMPATH\CodeIgniter.php(353): CodeIgniter\CodeIgniter->handleRequest(null, Object(Config\Cache), false)
 5 FCPATH\index.php(79): CodeIgniter\CodeIgniter->run()
 6 SYSTEMPATH\Commands\Server\rewrite.php(47): require_once('C:\\Users\\ED HER EST\\Documents\\proyectoFisio\\public\\index.php')
CRITICAL - 2023-11-24 06:26:53 --> Undefined array key "id"
in APPPATH\Controllers\ExploracionFisica.php on line 79.
 1 APPPATH\Controllers\ExploracionFisica.php(79): CodeIgniter\Debug\Exceptions->errorHandler(2, 'Undefined array key "id"', 'C:\\Users\\ED HER EST\\Documents\\proyectoFisio\\app\\Controllers\\ExploracionFisica.php', 79)
 2 SYSTEMPATH\CodeIgniter.php(919): App\Controllers\ExploracionFisica->update()
 3 SYSTEMPATH\CodeIgniter.php(494): CodeIgniter\CodeIgniter->runController(Object(App\Controllers\ExploracionFisica))
 4 SYSTEMPATH\CodeIgniter.php(353): CodeIgniter\CodeIgniter->handleRequest(null, Object(Config\Cache), false)
 5 FCPATH\index.php(79): CodeIgniter\CodeIgniter->run()
 6 SYSTEMPATH\Commands\Server\rewrite.php(47): require_once('C:\\Users\\ED HER EST\\Documents\\proyectoFisio\\public\\index.php')
CRITICAL - 2023-11-24 06:27:17 --> Undefined array key "id"
in APPPATH\Controllers\ExploracionFisica.php on line 79.
 1 APPPATH\Controllers\ExploracionFisica.php(79): CodeIgniter\Debug\Exceptions->errorHandler(2, 'Undefined array key "id"', 'C:\\Users\\ED HER EST\\Documents\\proyectoFisio\\app\\Controllers\\ExploracionFisica.php', 79)
 2 SYSTEMPATH\CodeIgniter.php(919): App\Controllers\ExploracionFisica->update()
 3 SYSTEMPATH\CodeIgniter.php(494): CodeIgniter\CodeIgniter->runController(Object(App\Controllers\ExploracionFisica))
 4 SYSTEMPATH\CodeIgniter.php(353): CodeIgniter\CodeIgniter->handleRequest(null, Object(Config\Cache), false)
 5 FCPATH\index.php(79): CodeIgniter\CodeIgniter->run()
 6 SYSTEMPATH\Commands\Server\rewrite.php(47): require_once('C:\\Users\\ED HER EST\\Documents\\proyectoFisio\\public\\index.php')
CRITICAL - 2023-11-24 06:27:42 --> Undefined variable $exploracion
in APPPATH\Views\exploracionFisica\editar.php on line 71.
 1 APPPATH\Views\exploracionFisica\editar.php(71): CodeIgniter\Debug\Exceptions->errorHandler(2, 'Undefined variable $exploracion', 'C:\\Users\\ED HER EST\\Documents\\proyectoFisio\\app\\Views\\exploracionFisica\\editar.php', 71)
 2 SYSTEMPATH\View\View.php(226): include('C:\\Users\\ED HER EST\\Documents\\proyectoFisio\\app\\Views\\exploracionFisica\\editar.php')
 3 SYSTEMPATH\View\View.php(229): CodeIgniter\View\View->CodeIgniter\View\{closure}()
 4 SYSTEMPATH\Common.php(1188): CodeIgniter\View\View->render('exploracionfisica/editar', [], true)
 5 APPPATH\Controllers\ExploracionFisica.php(62): view('exploracionfisica/editar', [...])
 6 SYSTEMPATH\CodeIgniter.php(919): App\Controllers\ExploracionFisica->editar('1')
 7 SYSTEMPATH\CodeIgniter.php(494): CodeIgniter\CodeIgniter->runController(Object(App\Controllers\ExploracionFisica))
 8 SYSTEMPATH\CodeIgniter.php(353): CodeIgniter\CodeIgniter->handleRequest(null, Object(Config\Cache), false)
 9 FCPATH\index.php(79): CodeIgniter\CodeIgniter->run()
10 SYSTEMPATH\Commands\Server\rewrite.php(47): require_once('C:\\Users\\ED HER EST\\Documents\\proyectoFisio\\public\\index.php')
CRITICAL - 2023-11-24 06:27:42 --> Undefined array key "nombre"
in APPPATH\Views\exploracionFisica\buscar.php on line 123.
 1 APPPATH\Views\exploracionFisica\buscar.php(123): CodeIgniter\Debug\Exceptions->errorHandler(2, 'Undefined array key "nombre"', 'C:\\Users\\ED HER EST\\Documents\\proyectoFisio\\app\\Views\\exploracionFisica\\buscar.php', 123)
 2 SYSTEMPATH\View\View.php(226): include('C:\\Users\\ED HER EST\\Documents\\proyectoFisio\\app\\Views\\exploracionFisica\\buscar.php')
 3 SYSTEMPATH\View\View.php(229): CodeIgniter\View\View->CodeIgniter\View\{closure}()
 4 SYSTEMPATH\Common.php(1188): CodeIgniter\View\View->render('exploracionfisica/buscar', [], true)
 5 APPPATH\Controllers\ExploracionFisica.php(98): view('exploracionfisica/buscar', [...])
 6 SYSTEMPATH\CodeIgniter.php(919): App\Controllers\ExploracionFisica->buscar()
 7 SYSTEMPATH\CodeIgniter.php(494): CodeIgniter\CodeIgniter->runController(Object(App\Controllers\ExploracionFisica))
 8 SYSTEMPATH\CodeIgniter.php(353): CodeIgniter\CodeIgniter->handleRequest(null, Object(Config\Cache), false)
 9 FCPATH\index.php(79): CodeIgniter\CodeIgniter->run()
10 SYSTEMPATH\Commands\Server\rewrite.php(47): require_once('C:\\Users\\ED HER EST\\Documents\\proyectoFisio\\public\\index.php')
CRITICAL - 2023-11-24 06:27:48 --> Undefined variable $exploracion
in APPPATH\Views\exploracionFisica\editar.php on line 71.
 1 APPPATH\Views\exploracionFisica\editar.php(71): CodeIgniter\Debug\Exceptions->errorHandler(2, 'Undefined variable $exploracion', 'C:\\Users\\ED HER EST\\Documents\\proyectoFisio\\app\\Views\\exploracionFisica\\editar.php', 71)
 2 SYSTEMPATH\View\View.php(226): include('C:\\Users\\ED HER EST\\Documents\\proyectoFisio\\app\\Views\\exploracionFisica\\editar.php')
 3 SYSTEMPATH\View\View.php(229): CodeIgniter\View\View->CodeIgniter\View\{closure}()
 4 SYSTEMPATH\Common.php(1188): CodeIgniter\View\View->render('exploracionfisica/editar', [], true)
 5 APPPATH\Controllers\ExploracionFisica.php(62): view('exploracionfisica/editar', [...])
 6 SYSTEMPATH\CodeIgniter.php(919): App\Controllers\ExploracionFisica->editar('1')
 7 SYSTEMPATH\CodeIgniter.php(494): CodeIgniter\CodeIgniter->runController(Object(App\Controllers\ExploracionFisica))
 8 SYSTEMPATH\CodeIgniter.php(353): CodeIgniter\CodeIgniter->handleRequest(null, Object(Config\Cache), false)
 9 FCPATH\index.php(79): CodeIgniter\CodeIgniter->run()
10 SYSTEMPATH\Commands\Server\rewrite.php(47): require_once('C:\\Users\\ED HER EST\\Documents\\proyectoFisio\\public\\index.php')
CRITICAL - 2023-11-24 06:27:59 --> Undefined array key "nombre"
in APPPATH\Views\exploracionFisica\buscar.php on line 123.
 1 APPPATH\Views\exploracionFisica\buscar.php(123): CodeIgniter\Debug\Exceptions->errorHandler(2, 'Undefined array key "nombre"', 'C:\\Users\\ED HER EST\\Documents\\proyectoFisio\\app\\Views\\exploracionFisica\\buscar.php', 123)
 2 SYSTEMPATH\View\View.php(226): include('C:\\Users\\ED HER EST\\Documents\\proyectoFisio\\app\\Views\\exploracionFisica\\buscar.php')
 3 SYSTEMPATH\View\View.php(229): CodeIgniter\View\View->CodeIgniter\View\{closure}()
 4 SYSTEMPATH\Common.php(1188): CodeIgniter\View\View->render('exploracionfisica/buscar', [], true)
 5 APPPATH\Controllers\ExploracionFisica.php(98): view('exploracionfisica/buscar', [...])
 6 SYSTEMPATH\CodeIgniter.php(919): App\Controllers\ExploracionFisica->buscar()
 7 SYSTEMPATH\CodeIgniter.php(494): CodeIgniter\CodeIgniter->runController(Object(App\Controllers\ExploracionFisica))
 8 SYSTEMPATH\CodeIgniter.php(353): CodeIgniter\CodeIgniter->handleRequest(null, Object(Config\Cache), false)
 9 FCPATH\index.php(79): CodeIgniter\CodeIgniter->run()
10 SYSTEMPATH\Commands\Server\rewrite.php(47): require_once('C:\\Users\\ED HER EST\\Documents\\proyectoFisio\\public\\index.php')
CRITICAL - 2023-11-24 06:28:21 --> Undefined variable $exploracion
in APPPATH\Views\exploracionFisica\editar.php on line 71.
 1 APPPATH\Views\exploracionFisica\editar.php(71): CodeIgniter\Debug\Exceptions->errorHandler(2, 'Undefined variable $exploracion', 'C:\\Users\\ED HER EST\\Documents\\proyectoFisio\\app\\Views\\exploracionFisica\\editar.php', 71)
 2 SYSTEMPATH\View\View.php(226): include('C:\\Users\\ED HER EST\\Documents\\proyectoFisio\\app\\Views\\exploracionFisica\\editar.php')
 3 SYSTEMPATH\View\View.php(229): CodeIgniter\View\View->CodeIgniter\View\{closure}()
 4 SYSTEMPATH\Common.php(1188): CodeIgniter\View\View->render('exploracionfisica/editar', [], true)
 5 APPPATH\Controllers\ExploracionFisica.php(62): view('exploracionfisica/editar', [...])
 6 SYSTEMPATH\CodeIgniter.php(919): App\Controllers\ExploracionFisica->editar('1')
 7 SYSTEMPATH\CodeIgniter.php(494): CodeIgniter\CodeIgniter->runController(Object(App\Controllers\ExploracionFisica))
 8 SYSTEMPATH\CodeIgniter.php(353): CodeIgniter\CodeIgniter->handleRequest(null, Object(Config\Cache), false)
 9 FCPATH\index.php(79): CodeIgniter\CodeIgniter->run()
10 SYSTEMPATH\Commands\Server\rewrite.php(47): require_once('C:\\Users\\ED HER EST\\Documents\\proyectoFisio\\public\\index.php')
CRITICAL - 2023-11-24 06:29:01 --> Undefined array key "nombre"
in APPPATH\Views\exploracionFisica\buscar.php on line 123.
 1 APPPATH\Views\exploracionFisica\buscar.php(123): CodeIgniter\Debug\Exceptions->errorHandler(2, 'Undefined array key "nombre"', 'C:\\Users\\ED HER EST\\Documents\\proyectoFisio\\app\\Views\\exploracionFisica\\buscar.php', 123)
 2 SYSTEMPATH\View\View.php(226): include('C:\\Users\\ED HER EST\\Documents\\proyectoFisio\\app\\Views\\exploracionFisica\\buscar.php')
 3 SYSTEMPATH\View\View.php(229): CodeIgniter\View\View->CodeIgniter\View\{closure}()
 4 SYSTEMPATH\Common.php(1188): CodeIgniter\View\View->render('exploracionfisica/buscar', [], true)
 5 APPPATH\Controllers\ExploracionFisica.php(98): view('exploracionfisica/buscar', [...])
 6 SYSTEMPATH\CodeIgniter.php(919): App\Controllers\ExploracionFisica->buscar()
 7 SYSTEMPATH\CodeIgniter.php(494): CodeIgniter\CodeIgniter->runController(Object(App\Controllers\ExploracionFisica))
 8 SYSTEMPATH\CodeIgniter.php(353): CodeIgniter\CodeIgniter->handleRequest(null, Object(Config\Cache), false)
 9 FCPATH\index.php(79): CodeIgniter\CodeIgniter->run()
10 SYSTEMPATH\Commands\Server\rewrite.php(47): require_once('C:\\Users\\ED HER EST\\Documents\\proyectoFisio\\public\\index.php')
CRITICAL - 2023-11-24 06:30:16 --> Undefined variable $exploracion
in APPPATH\Views\exploracionFisica\editar.php on line 71.
 1 APPPATH\Views\exploracionFisica\editar.php(71): CodeIgniter\Debug\Exceptions->errorHandler(2, 'Undefined variable $exploracion', 'C:\\Users\\ED HER EST\\Documents\\proyectoFisio\\app\\Views\\exploracionFisica\\editar.php', 71)
 2 SYSTEMPATH\View\View.php(226): include('C:\\Users\\ED HER EST\\Documents\\proyectoFisio\\app\\Views\\exploracionFisica\\editar.php')
 3 SYSTEMPATH\View\View.php(229): CodeIgniter\View\View->CodeIgniter\View\{closure}()
 4 SYSTEMPATH\Common.php(1188): CodeIgniter\View\View->render('exploracionfisica/editar', [], true)
 5 APPPATH\Controllers\ExploracionFisica.php(62): view('exploracionfisica/editar', [...])
 6 SYSTEMPATH\CodeIgniter.php(919): App\Controllers\ExploracionFisica->editar('1')
 7 SYSTEMPATH\CodeIgniter.php(494): CodeIgniter\CodeIgniter->runController(Object(App\Controllers\ExploracionFisica))
 8 SYSTEMPATH\CodeIgniter.php(353): CodeIgniter\CodeIgniter->handleRequest(null, Object(Config\Cache), false)
 9 FCPATH\index.php(79): CodeIgniter\CodeIgniter->run()
10 SYSTEMPATH\Commands\Server\rewrite.php(47): require_once('C:\\Users\\ED HER EST\\Documents\\proyectoFisio\\public\\index.php')
CRITICAL - 2023-11-24 06:31:10 --> Undefined variable $exploracion
in APPPATH\Views\exploracionFisica\editar.php on line 71.
 1 APPPATH\Views\exploracionFisica\editar.php(71): CodeIgniter\Debug\Exceptions->errorHandler(2, 'Undefined variable $exploracion', 'C:\\Users\\ED HER EST\\Documents\\proyectoFisio\\app\\Views\\exploracionFisica\\editar.php', 71)
 2 SYSTEMPATH\View\View.php(226): include('C:\\Users\\ED HER EST\\Documents\\proyectoFisio\\app\\Views\\exploracionFisica\\editar.php')
 3 SYSTEMPATH\View\View.php(229): CodeIgniter\View\View->CodeIgniter\View\{closure}()
 4 SYSTEMPATH\Common.php(1188): CodeIgniter\View\View->render('exploracionfisica/editar', [], true)
 5 APPPATH\Controllers\ExploracionFisica.php(62): view('exploracionfisica/editar', [...])
 6 SYSTEMPATH\CodeIgniter.php(919): App\Controllers\ExploracionFisica->editar('1')
 7 SYSTEMPATH\CodeIgniter.php(494): CodeIgniter\CodeIgniter->runController(Object(App\Controllers\ExploracionFisica))
 8 SYSTEMPATH\CodeIgniter.php(353): CodeIgniter\CodeIgniter->handleRequest(null, Object(Config\Cache), false)
 9 FCPATH\index.php(79): CodeIgniter\CodeIgniter->run()
10 SYSTEMPATH\Commands\Server\rewrite.php(47): require_once('C:\\Users\\ED HER EST\\Documents\\proyectoFisio\\public\\index.php')
CRITICAL - 2023-11-24 06:31:26 --> Undefined variable $exploracion
in APPPATH\Views\exploracionFisica\editar.php on line 71.
 1 APPPATH\Views\exploracionFisica\editar.php(71): CodeIgniter\Debug\Exceptions->errorHandler(2, 'Undefined variable $exploracion', 'C:\\Users\\ED HER EST\\Documents\\proyectoFisio\\app\\Views\\exploracionFisica\\editar.php', 71)
 2 SYSTEMPATH\View\View.php(226): include('C:\\Users\\ED HER EST\\Documents\\proyectoFisio\\app\\Views\\exploracionFisica\\editar.php')
 3 SYSTEMPATH\View\View.php(229): CodeIgniter\View\View->CodeIgniter\View\{closure}()
 4 SYSTEMPATH\Common.php(1188): CodeIgniter\View\View->render('exploracionfisica/editar', [], true)
 5 APPPATH\Controllers\ExploracionFisica.php(62): view('exploracionfisica/editar', [...])
 6 SYSTEMPATH\CodeIgniter.php(919): App\Controllers\ExploracionFisica->editar('1')
 7 SYSTEMPATH\CodeIgniter.php(494): CodeIgniter\CodeIgniter->runController(Object(App\Controllers\ExploracionFisica))
 8 SYSTEMPATH\CodeIgniter.php(353): CodeIgniter\CodeIgniter->handleRequest(null, Object(Config\Cache), false)
 9 FCPATH\index.php(79): CodeIgniter\CodeIgniter->run()
10 SYSTEMPATH\Commands\Server\rewrite.php(47): require_once('C:\\Users\\ED HER EST\\Documents\\proyectoFisio\\public\\index.php')
CRITICAL - 2023-11-24 06:31:53 --> Undefined array key "id"
in APPPATH\Controllers\ExploracionFisica.php on line 79.
 1 APPPATH\Controllers\ExploracionFisica.php(79): CodeIgniter\Debug\Exceptions->errorHandler(2, 'Undefined array key "id"', 'C:\\Users\\ED HER EST\\Documents\\proyectoFisio\\app\\Controllers\\ExploracionFisica.php', 79)
 2 SYSTEMPATH\CodeIgniter.php(919): App\Controllers\ExploracionFisica->update()
 3 SYSTEMPATH\CodeIgniter.php(494): CodeIgniter\CodeIgniter->runController(Object(App\Controllers\ExploracionFisica))
 4 SYSTEMPATH\CodeIgniter.php(353): CodeIgniter\CodeIgniter->handleRequest(null, Object(Config\Cache), false)
 5 FCPATH\index.php(79): CodeIgniter\CodeIgniter->run()
 6 SYSTEMPATH\Commands\Server\rewrite.php(47): require_once('C:\\Users\\ED HER EST\\Documents\\proyectoFisio\\public\\index.php')
