CRITICAL - 2023-11-14 16:33:20 --> clinica is not a valid database connection group.
in SYSTEMPATH\Database\Config.php on line 69.
 1 SYSTEMPATH\Model.php(151): CodeIgniter\Database\Config::connect('clinica')
 2 SYSTEMPATH\Config\Factories.php(215): CodeIgniter\Model->__construct(null)
 3 SYSTEMPATH\Config\Factories.php(165): CodeIgniter\Config\Factories::createInstance('models', 'App\\Models\\UsuarioModel', [...])
 4 SYSTEMPATH\Common.php(827): CodeIgniter\Config\Factories::__callStatic('models', [...])
 5 APPPATH\Controllers\Usuario.php(25): model('UsuarioModel')
 6 SYSTEMPATH\CodeIgniter.php(919): App\Controllers\Usuario->mostrar()
 7 SYSTEMPATH\CodeIgniter.php(494): CodeIgniter\CodeIgniter->runController(Object(App\Controllers\Usuario))
 8 SYSTEMPATH\CodeIgniter.php(353): CodeIgniter\CodeIgniter->handleRequest(null, Object(Config\Cache), false)
 9 FCPATH\index.php(79): CodeIgniter\CodeIgniter->run()
10 SYSTEMPATH\Commands\Server\rewrite.php(47): require_once('C:\\Users\\ED HER EST\\Documents\\proyectoFisio\\public\\index.php')
CRITICAL - 2023-11-14 16:51:21 --> clinica is not a valid database connection group.
in SYSTEMPATH\Database\Config.php on line 69.
 1 SYSTEMPATH\Model.php(151): CodeIgniter\Database\Config::connect('clinica')
 2 SYSTEMPATH\Config\Factories.php(215): CodeIgniter\Model->__construct(null)
 3 SYSTEMPATH\Config\Factories.php(165): CodeIgniter\Config\Factories::createInstance('models', 'App\\Models\\UsuarioModel', [...])
 4 SYSTEMPATH\Common.php(827): CodeIgniter\Config\Factories::__callStatic('models', [...])
 5 APPPATH\Controllers\Usuario.php(25): model('UsuarioModel')
 6 SYSTEMPATH\CodeIgniter.php(919): App\Controllers\Usuario->mostrar()
 7 SYSTEMPATH\CodeIgniter.php(494): CodeIgniter\CodeIgniter->runController(Object(App\Controllers\Usuario))
 8 SYSTEMPATH\CodeIgniter.php(353): CodeIgniter\CodeIgniter->handleRequest(null, Object(Config\Cache), false)
 9 FCPATH\index.php(79): CodeIgniter\CodeIgniter->run()
10 SYSTEMPATH\Commands\Server\rewrite.php(47): require_once('C:\\Users\\ED HER EST\\Documents\\proyectoFisio\\public\\index.php')
