CRITICAL - 2023-11-30 00:00:15 --> Undefined array key "Paciente_ID"
in APPPATH\Controllers\DatosGenerales.php on line 36.
 1 APPPATH\Controllers\DatosGenerales.php(36): CodeIgniter\Debug\Exceptions->errorHandler(2, 'Undefined array key "Paciente_ID"', 'C:\\Users\\ED HER EST\\Documents\\proyectoFisio\\app\\Controllers\\DatosGenerales.php', 36)
 2 SYSTEMPATH\CodeIgniter.php(919): App\Controllers\DatosGenerales->insert()
 3 SYSTEMPATH\CodeIgniter.php(494): CodeIgniter\CodeIgniter->runController(Object(App\Controllers\DatosGenerales))
 4 SYSTEMPATH\CodeIgniter.php(353): CodeIgniter\CodeIgniter->handleRequest(null, Object(Config\Cache), false)
 5 FCPATH\index.php(79): CodeIgniter\CodeIgniter->run()
 6 SYSTEMPATH\Commands\Server\rewrite.php(47): require_once('C:\\Users\\ED HER EST\\Documents\\proyectoFisio\\public\\index.php')
CRITICAL - 2023-11-30 00:05:12 --> Undefined array key "Paciente_ID"
in APPPATH\Controllers\DatosGenerales.php on line 36.
 1 APPPATH\Controllers\DatosGenerales.php(36): CodeIgniter\Debug\Exceptions->errorHandler(2, 'Undefined array key "Paciente_ID"', 'C:\\Users\\ED HER EST\\Documents\\proyectoFisio\\app\\Controllers\\DatosGenerales.php', 36)
 2 SYSTEMPATH\CodeIgniter.php(919): App\Controllers\DatosGenerales->insert()
 3 SYSTEMPATH\CodeIgniter.php(494): CodeIgniter\CodeIgniter->runController(Object(App\Controllers\DatosGenerales))
 4 SYSTEMPATH\CodeIgniter.php(353): CodeIgniter\CodeIgniter->handleRequest(null, Object(Config\Cache), false)
 5 FCPATH\index.php(79): CodeIgniter\CodeIgniter->run()
 6 SYSTEMPATH\Commands\Server\rewrite.php(47): require_once('C:\\Users\\ED HER EST\\Documents\\proyectoFisio\\public\\index.php')
CRITICAL - 2023-11-30 01:06:08 --> Undefined array key "ROM"
in APPPATH\Controllers\ExploracionFisica.php on line 38.
 1 APPPATH\Controllers\ExploracionFisica.php(38): CodeIgniter\Debug\Exceptions->errorHandler(2, 'Undefined array key "ROM"', 'C:\\Users\\ED HER EST\\Documents\\proyectoFisio\\app\\Controllers\\ExploracionFisica.php', 38)
 2 SYSTEMPATH\CodeIgniter.php(919): App\Controllers\ExploracionFisica->insert()
 3 SYSTEMPATH\CodeIgniter.php(494): CodeIgniter\CodeIgniter->runController(Object(App\Controllers\ExploracionFisica))
 4 SYSTEMPATH\CodeIgniter.php(353): CodeIgniter\CodeIgniter->handleRequest(null, Object(Config\Cache), false)
 5 FCPATH\index.php(79): CodeIgniter\CodeIgniter->run()
 6 SYSTEMPATH\Commands\Server\rewrite.php(47): require_once('C:\\Users\\ED HER EST\\Documents\\proyectoFisio\\public\\index.php')
CRITICAL - 2023-11-30 01:06:30 --> Undefined array key "ROM"
in APPPATH\Controllers\ExploracionFisica.php on line 38.
 1 APPPATH\Controllers\ExploracionFisica.php(38): CodeIgniter\Debug\Exceptions->errorHandler(2, 'Undefined array key "ROM"', 'C:\\Users\\ED HER EST\\Documents\\proyectoFisio\\app\\Controllers\\ExploracionFisica.php', 38)
 2 SYSTEMPATH\CodeIgniter.php(919): App\Controllers\ExploracionFisica->insert()
 3 SYSTEMPATH\CodeIgniter.php(494): CodeIgniter\CodeIgniter->runController(Object(App\Controllers\ExploracionFisica))
 4 SYSTEMPATH\CodeIgniter.php(353): CodeIgniter\CodeIgniter->handleRequest(null, Object(Config\Cache), false)
 5 FCPATH\index.php(79): CodeIgniter\CodeIgniter->run()
 6 SYSTEMPATH\Commands\Server\rewrite.php(47): require_once('C:\\Users\\ED HER EST\\Documents\\proyectoFisio\\public\\index.php')
CRITICAL - 2023-11-30 01:09:37 --> Undefined array key "ROM"
in APPPATH\Controllers\ExploracionFisica.php on line 38.
 1 APPPATH\Controllers\ExploracionFisica.php(38): CodeIgniter\Debug\Exceptions->errorHandler(2, 'Undefined array key "ROM"', 'C:\\Users\\ED HER EST\\Documents\\proyectoFisio\\app\\Controllers\\ExploracionFisica.php', 38)
 2 SYSTEMPATH\CodeIgniter.php(919): App\Controllers\ExploracionFisica->insert()
 3 SYSTEMPATH\CodeIgniter.php(494): CodeIgniter\CodeIgniter->runController(Object(App\Controllers\ExploracionFisica))
 4 SYSTEMPATH\CodeIgniter.php(353): CodeIgniter\CodeIgniter->handleRequest(null, Object(Config\Cache), false)
 5 FCPATH\index.php(79): CodeIgniter\CodeIgniter->run()
 6 SYSTEMPATH\Commands\Server\rewrite.php(47): require_once('C:\\Users\\ED HER EST\\Documents\\proyectoFisio\\public\\index.php')
CRITICAL - 2023-11-30 01:09:43 --> Undefined array key "ROM"
in APPPATH\Controllers\ExploracionFisica.php on line 38.
 1 APPPATH\Controllers\ExploracionFisica.php(38): CodeIgniter\Debug\Exceptions->errorHandler(2, 'Undefined array key "ROM"', 'C:\\Users\\ED HER EST\\Documents\\proyectoFisio\\app\\Controllers\\ExploracionFisica.php', 38)
 2 SYSTEMPATH\CodeIgniter.php(919): App\Controllers\ExploracionFisica->insert()
 3 SYSTEMPATH\CodeIgniter.php(494): CodeIgniter\CodeIgniter->runController(Object(App\Controllers\ExploracionFisica))
 4 SYSTEMPATH\CodeIgniter.php(353): CodeIgniter\CodeIgniter->handleRequest(null, Object(Config\Cache), false)
 5 FCPATH\index.php(79): CodeIgniter\CodeIgniter->run()
 6 SYSTEMPATH\Commands\Server\rewrite.php(47): require_once('C:\\Users\\ED HER EST\\Documents\\proyectoFisio\\public\\index.php')
CRITICAL - 2023-11-30 01:16:00 --> Undefined variable $control
in APPPATH\Views\control\mostrar.php on line 58.
 1 APPPATH\Views\control\mostrar.php(58): CodeIgniter\Debug\Exceptions->errorHandler(2, 'Undefined variable $control', 'C:\\Users\\ED HER EST\\Documents\\proyectoFisio\\app\\Views\\control\\mostrar.php', 58)
 2 SYSTEMPATH\View\View.php(226): include('C:\\Users\\ED HER EST\\Documents\\proyectoFisio\\app\\Views\\control\\mostrar.php')
 3 SYSTEMPATH\View\View.php(229): CodeIgniter\View\View->CodeIgniter\View\{closure}()
 4 SYSTEMPATH\Common.php(1188): CodeIgniter\View\View->render('control/mostrar', [], true)
 5 APPPATH\Controllers\Control.php(20): view('control/mostrar', [...])
 6 SYSTEMPATH\CodeIgniter.php(919): App\Controllers\Control->mostrar()
 7 SYSTEMPATH\CodeIgniter.php(494): CodeIgniter\CodeIgniter->runController(Object(App\Controllers\Control))
 8 SYSTEMPATH\CodeIgniter.php(353): CodeIgniter\CodeIgniter->handleRequest(null, Object(Config\Cache), false)
 9 FCPATH\index.php(79): CodeIgniter\CodeIgniter->run()
10 SYSTEMPATH\Commands\Server\rewrite.php(47): require_once('C:\\Users\\ED HER EST\\Documents\\proyectoFisio\\public\\index.php')
CRITICAL - 2023-11-30 01:46:30 --> Undefined variable $control
in APPPATH\Views\control\mostrar.php on line 58.
 1 APPPATH\Views\control\mostrar.php(58): CodeIgniter\Debug\Exceptions->errorHandler(2, 'Undefined variable $control', 'C:\\Users\\ED HER EST\\Documents\\proyectoFisio\\app\\Views\\control\\mostrar.php', 58)
 2 SYSTEMPATH\View\View.php(226): include('C:\\Users\\ED HER EST\\Documents\\proyectoFisio\\app\\Views\\control\\mostrar.php')
 3 SYSTEMPATH\View\View.php(229): CodeIgniter\View\View->CodeIgniter\View\{closure}()
 4 SYSTEMPATH\Common.php(1188): CodeIgniter\View\View->render('control/mostrar', [], true)
 5 APPPATH\Controllers\Control.php(20): view('control/mostrar', [...])
 6 SYSTEMPATH\CodeIgniter.php(919): App\Controllers\Control->mostrar()
 7 SYSTEMPATH\CodeIgniter.php(494): CodeIgniter\CodeIgniter->runController(Object(App\Controllers\Control))
 8 SYSTEMPATH\CodeIgniter.php(353): CodeIgniter\CodeIgniter->handleRequest(null, Object(Config\Cache), false)
 9 FCPATH\index.php(79): CodeIgniter\CodeIgniter->run()
10 SYSTEMPATH\Commands\Server\rewrite.php(47): require_once('C:\\Users\\ED HER EST\\Documents\\proyectoFisio\\public\\index.php')
CRITICAL - 2023-11-30 01:55:08 --> Undefined variable $control
in APPPATH\Views\control\mostrar.php on line 58.
 1 APPPATH\Views\control\mostrar.php(58): CodeIgniter\Debug\Exceptions->errorHandler(2, 'Undefined variable $control', 'C:\\Users\\ED HER EST\\Documents\\proyectoFisio\\app\\Views\\control\\mostrar.php', 58)
 2 SYSTEMPATH\View\View.php(226): include('C:\\Users\\ED HER EST\\Documents\\proyectoFisio\\app\\Views\\control\\mostrar.php')
 3 SYSTEMPATH\View\View.php(229): CodeIgniter\View\View->CodeIgniter\View\{closure}()
 4 SYSTEMPATH\Common.php(1188): CodeIgniter\View\View->render('control/mostrar', [], true)
 5 APPPATH\Controllers\Control.php(21): view('control/mostrar', [...])
 6 SYSTEMPATH\CodeIgniter.php(919): App\Controllers\Control->mostrar()
 7 SYSTEMPATH\CodeIgniter.php(494): CodeIgniter\CodeIgniter->runController(Object(App\Controllers\Control))
 8 SYSTEMPATH\CodeIgniter.php(353): CodeIgniter\CodeIgniter->handleRequest(null, Object(Config\Cache), false)
 9 FCPATH\index.php(79): CodeIgniter\CodeIgniter->run()
10 SYSTEMPATH\Commands\Server\rewrite.php(47): require_once('C:\\Users\\ED HER EST\\Documents\\proyectoFisio\\public\\index.php')
CRITICAL - 2023-11-30 02:28:43 --> Invalid file: "informacion_total.php"
in SYSTEMPATH\Exceptions\FrameworkException.php on line 39.
 1 SYSTEMPATH\View\View.php(214): CodeIgniter\Exceptions\FrameworkException::forInvalidFile('informacion_total.php')
 2 SYSTEMPATH\Common.php(1188): CodeIgniter\View\View->render('informacion_total', [], true)
 3 APPPATH\Controllers\InformacionTotal.php(24): view('informacion_total', [...])
 4 SYSTEMPATH\CodeIgniter.php(919): App\Controllers\InformacionTotal->mostrarInformacionTotal()
 5 SYSTEMPATH\CodeIgniter.php(494): CodeIgniter\CodeIgniter->runController(Object(App\Controllers\InformacionTotal))
 6 SYSTEMPATH\CodeIgniter.php(353): CodeIgniter\CodeIgniter->handleRequest(null, Object(Config\Cache), false)
 7 FCPATH\index.php(79): CodeIgniter\CodeIgniter->run()
 8 SYSTEMPATH\Commands\Server\rewrite.php(47): require_once('C:\\Users\\ED HER EST\\Documents\\proyectoFisio\\public\\index.php')
CRITICAL - 2023-11-30 02:29:08 --> Invalid file: "informacion_total.php"
in SYSTEMPATH\Exceptions\FrameworkException.php on line 39.
 1 SYSTEMPATH\View\View.php(214): CodeIgniter\Exceptions\FrameworkException::forInvalidFile('informacion_total.php')
 2 SYSTEMPATH\Common.php(1188): CodeIgniter\View\View->render('informacion_total', [], true)
 3 APPPATH\Controllers\InformacionTotal.php(24): view('informacion_total', [...])
 4 SYSTEMPATH\CodeIgniter.php(919): App\Controllers\InformacionTotal->mostrarInformacionTotal()
 5 SYSTEMPATH\CodeIgniter.php(494): CodeIgniter\CodeIgniter->runController(Object(App\Controllers\InformacionTotal))
 6 SYSTEMPATH\CodeIgniter.php(353): CodeIgniter\CodeIgniter->handleRequest(null, Object(Config\Cache), false)
 7 FCPATH\index.php(79): CodeIgniter\CodeIgniter->run()
 8 SYSTEMPATH\Commands\Server\rewrite.php(47): require_once('C:\\Users\\ED HER EST\\Documents\\proyectoFisio\\public\\index.php')
CRITICAL - 2023-11-30 02:29:09 --> Invalid file: "informacion_total.php"
in SYSTEMPATH\Exceptions\FrameworkException.php on line 39.
 1 SYSTEMPATH\View\View.php(214): CodeIgniter\Exceptions\FrameworkException::forInvalidFile('informacion_total.php')
 2 SYSTEMPATH\Common.php(1188): CodeIgniter\View\View->render('informacion_total', [], true)
 3 APPPATH\Controllers\InformacionTotal.php(24): view('informacion_total', [...])
 4 SYSTEMPATH\CodeIgniter.php(919): App\Controllers\InformacionTotal->mostrarInformacionTotal()
 5 SYSTEMPATH\CodeIgniter.php(494): CodeIgniter\CodeIgniter->runController(Object(App\Controllers\InformacionTotal))
 6 SYSTEMPATH\CodeIgniter.php(353): CodeIgniter\CodeIgniter->handleRequest(null, Object(Config\Cache), false)
 7 FCPATH\index.php(79): CodeIgniter\CodeIgniter->run()
 8 SYSTEMPATH\Commands\Server\rewrite.php(47): require_once('C:\\Users\\ED HER EST\\Documents\\proyectoFisio\\public\\index.php')
CRITICAL - 2023-11-30 02:32:43 --> Invalid file: "informacion_total.php"
in SYSTEMPATH\Exceptions\FrameworkException.php on line 39.
 1 SYSTEMPATH\View\View.php(214): CodeIgniter\Exceptions\FrameworkException::forInvalidFile('informacion_total.php')
 2 SYSTEMPATH\Common.php(1188): CodeIgniter\View\View->render('informacion_total', [], true)
 3 APPPATH\Controllers\InformacionTotal.php(24): view('informacion_total', [...])
 4 SYSTEMPATH\CodeIgniter.php(919): App\Controllers\InformacionTotal->mostrar()
 5 SYSTEMPATH\CodeIgniter.php(494): CodeIgniter\CodeIgniter->runController(Object(App\Controllers\InformacionTotal))
 6 SYSTEMPATH\CodeIgniter.php(353): CodeIgniter\CodeIgniter->handleRequest(null, Object(Config\Cache), false)
 7 FCPATH\index.php(79): CodeIgniter\CodeIgniter->run()
 8 SYSTEMPATH\Commands\Server\rewrite.php(47): require_once('C:\\Users\\ED HER EST\\Documents\\proyectoFisio\\public\\index.php')
CRITICAL - 2023-11-30 02:32:45 --> Invalid file: "informacion_total.php"
in SYSTEMPATH\Exceptions\FrameworkException.php on line 39.
 1 SYSTEMPATH\View\View.php(214): CodeIgniter\Exceptions\FrameworkException::forInvalidFile('informacion_total.php')
 2 SYSTEMPATH\Common.php(1188): CodeIgniter\View\View->render('informacion_total', [], true)
 3 APPPATH\Controllers\InformacionTotal.php(24): view('informacion_total', [...])
 4 SYSTEMPATH\CodeIgniter.php(919): App\Controllers\InformacionTotal->mostrar()
 5 SYSTEMPATH\CodeIgniter.php(494): CodeIgniter\CodeIgniter->runController(Object(App\Controllers\InformacionTotal))
 6 SYSTEMPATH\CodeIgniter.php(353): CodeIgniter\CodeIgniter->handleRequest(null, Object(Config\Cache), false)
 7 FCPATH\index.php(79): CodeIgniter\CodeIgniter->run()
 8 SYSTEMPATH\Commands\Server\rewrite.php(47): require_once('C:\\Users\\ED HER EST\\Documents\\proyectoFisio\\public\\index.php')
CRITICAL - 2023-11-30 02:32:46 --> Invalid file: "informacion_total.php"
in SYSTEMPATH\Exceptions\FrameworkException.php on line 39.
 1 SYSTEMPATH\View\View.php(214): CodeIgniter\Exceptions\FrameworkException::forInvalidFile('informacion_total.php')
 2 SYSTEMPATH\Common.php(1188): CodeIgniter\View\View->render('informacion_total', [], true)
 3 APPPATH\Controllers\InformacionTotal.php(24): view('informacion_total', [...])
 4 SYSTEMPATH\CodeIgniter.php(919): App\Controllers\InformacionTotal->mostrar()
 5 SYSTEMPATH\CodeIgniter.php(494): CodeIgniter\CodeIgniter->runController(Object(App\Controllers\InformacionTotal))
 6 SYSTEMPATH\CodeIgniter.php(353): CodeIgniter\CodeIgniter->handleRequest(null, Object(Config\Cache), false)
 7 FCPATH\index.php(79): CodeIgniter\CodeIgniter->run()
 8 SYSTEMPATH\Commands\Server\rewrite.php(47): require_once('C:\\Users\\ED HER EST\\Documents\\proyectoFisio\\public\\index.php')
CRITICAL - 2023-11-30 18:03:50 --> Undefined property: CodeIgniter\View\View::$request
in APPPATH\Views\usuario\login.php on line 66.
 1 APPPATH\Views\usuario\login.php(66): CodeIgniter\Debug\Exceptions->errorHandler(2, 'Undefined property: CodeIgniter\\View\\View::$request', 'C:\\Users\\ED HER EST\\Documents\\proyectoFisio\\app\\Views\\usuario\\login.php', 66)
 2 SYSTEMPATH\View\View.php(226): include('C:\\Users\\ED HER EST\\Documents\\proyectoFisio\\app\\Views\\usuario\\login.php')
 3 SYSTEMPATH\View\View.php(229): CodeIgniter\View\View->CodeIgniter\View\{closure}()
 4 SYSTEMPATH\Common.php(1188): CodeIgniter\View\View->render('usuario/login', [], true)
 5 APPPATH\Controllers\Usuario.php(36): view('usuario/login')
 6 SYSTEMPATH\CodeIgniter.php(919): App\Controllers\Usuario->login()
 7 SYSTEMPATH\CodeIgniter.php(494): CodeIgniter\CodeIgniter->runController(Object(App\Controllers\Usuario))
 8 SYSTEMPATH\CodeIgniter.php(353): CodeIgniter\CodeIgniter->handleRequest(null, Object(Config\Cache), false)
 9 FCPATH\index.php(79): CodeIgniter\CodeIgniter->run()
10 SYSTEMPATH\Commands\Server\rewrite.php(47): require_once('C:\\Users\\ED HER EST\\Documents\\proyectoFisio\\public\\index.php')
CRITICAL - 2023-11-30 18:10:49 --> Too few arguments to function CodeIgniter\Router\RouteCollection::get(), 1 passed in C:\Users\ED HER EST\Documents\proyectoFisio\app\Config\Routes.php on line 11 and at least 2 expected
in SYSTEMPATH\Router\RouteCollection.php on line 1011.
 1 APPPATH\Config\Routes.php(11): CodeIgniter\Router\RouteCollection->get('informaciontotal/mostrar')
 2 SYSTEMPATH\Router\RouteCollection.php(339): require('C:\\Users\\ED HER EST\\Documents\\proyectoFisio\\app\\Config\\Routes.php')
 3 SYSTEMPATH\CodeIgniter.php(787): CodeIgniter\Router\RouteCollection->loadRoutes()
 4 SYSTEMPATH\CodeIgniter.php(442): CodeIgniter\CodeIgniter->tryToRouteIt(null)
 5 SYSTEMPATH\CodeIgniter.php(353): CodeIgniter\CodeIgniter->handleRequest(null, Object(Config\Cache), false)
 6 FCPATH\index.php(79): CodeIgniter\CodeIgniter->run()
 7 SYSTEMPATH\Commands\Server\rewrite.php(47): require_once('C:\\Users\\ED HER EST\\Documents\\proyectoFisio\\public\\index.php')
CRITICAL - 2023-11-30 18:11:25 --> Invalid file: "informaciontotal/mostrar.php"
in SYSTEMPATH\Exceptions\FrameworkException.php on line 39.
 1 SYSTEMPATH\View\View.php(214): CodeIgniter\Exceptions\FrameworkException::forInvalidFile('informaciontotal/mostrar.php')
 2 SYSTEMPATH\Common.php(1188): CodeIgniter\View\View->render('informaciontotal/mostrar', [], true)
 3 APPPATH\Controllers\InformacionTotal.php(24): view('informaciontotal/mostrar', [...])
 4 SYSTEMPATH\CodeIgniter.php(919): App\Controllers\InformacionTotal->mostrar()
 5 SYSTEMPATH\CodeIgniter.php(494): CodeIgniter\CodeIgniter->runController(Object(App\Controllers\InformacionTotal))
 6 SYSTEMPATH\CodeIgniter.php(353): CodeIgniter\CodeIgniter->handleRequest(null, Object(Config\Cache), false)
 7 FCPATH\index.php(79): CodeIgniter\CodeIgniter->run()
 8 SYSTEMPATH\Commands\Server\rewrite.php(47): require_once('C:\\Users\\ED HER EST\\Documents\\proyectoFisio\\public\\index.php')
CRITICAL - 2023-11-30 18:11:32 --> Invalid file: "informaciontotal/mostrar.php"
in SYSTEMPATH\Exceptions\FrameworkException.php on line 39.
 1 SYSTEMPATH\View\View.php(214): CodeIgniter\Exceptions\FrameworkException::forInvalidFile('informaciontotal/mostrar.php')
 2 SYSTEMPATH\Common.php(1188): CodeIgniter\View\View->render('informaciontotal/mostrar', [], true)
 3 APPPATH\Controllers\InformacionTotal.php(24): view('informaciontotal/mostrar', [...])
 4 SYSTEMPATH\CodeIgniter.php(919): App\Controllers\InformacionTotal->mostrar()
 5 SYSTEMPATH\CodeIgniter.php(494): CodeIgniter\CodeIgniter->runController(Object(App\Controllers\InformacionTotal))
 6 SYSTEMPATH\CodeIgniter.php(353): CodeIgniter\CodeIgniter->handleRequest(null, Object(Config\Cache), false)
 7 FCPATH\index.php(79): CodeIgniter\CodeIgniter->run()
 8 SYSTEMPATH\Commands\Server\rewrite.php(47): require_once('C:\\Users\\ED HER EST\\Documents\\proyectoFisio\\public\\index.php')
CRITICAL - 2023-11-30 18:27:21 --> Undefined variable $datosGenerales
in APPPATH\Views\aphf\buscar.php on line 197.
 1 APPPATH\Views\aphf\buscar.php(197): CodeIgniter\Debug\Exceptions->errorHandler(2, 'Undefined variable $datosGenerales', 'C:\\Users\\ED HER EST\\Documents\\proyectoFisio\\app\\Views\\aphf\\buscar.php', 197)
 2 SYSTEMPATH\View\View.php(226): include('C:\\Users\\ED HER EST\\Documents\\proyectoFisio\\app\\Views\\aphf\\buscar.php')
 3 SYSTEMPATH\View\View.php(229): CodeIgniter\View\View->CodeIgniter\View\{closure}()
 4 SYSTEMPATH\Common.php(1188): CodeIgniter\View\View->render('aphf/buscar', [], true)
 5 APPPATH\Controllers\Aphf.php(98): view('aphf/buscar', [...])
 6 SYSTEMPATH\CodeIgniter.php(919): App\Controllers\Aphf->buscar()
 7 SYSTEMPATH\CodeIgniter.php(494): CodeIgniter\CodeIgniter->runController(Object(App\Controllers\Aphf))
 8 SYSTEMPATH\CodeIgniter.php(353): CodeIgniter\CodeIgniter->handleRequest(null, Object(Config\Cache), false)
 9 FCPATH\index.php(79): CodeIgniter\CodeIgniter->run()
10 SYSTEMPATH\Commands\Server\rewrite.php(47): require_once('C:\\Users\\ED HER EST\\Documents\\proyectoFisio\\public\\index.php')
CRITICAL - 2023-11-30 18:27:31 --> Undefined variable $datosGenerales
in APPPATH\Views\aphf\buscar.php on line 197.
 1 APPPATH\Views\aphf\buscar.php(197): CodeIgniter\Debug\Exceptions->errorHandler(2, 'Undefined variable $datosGenerales', 'C:\\Users\\ED HER EST\\Documents\\proyectoFisio\\app\\Views\\aphf\\buscar.php', 197)
 2 SYSTEMPATH\View\View.php(226): include('C:\\Users\\ED HER EST\\Documents\\proyectoFisio\\app\\Views\\aphf\\buscar.php')
 3 SYSTEMPATH\View\View.php(229): CodeIgniter\View\View->CodeIgniter\View\{closure}()
 4 SYSTEMPATH\Common.php(1188): CodeIgniter\View\View->render('aphf/buscar', [], true)
 5 APPPATH\Controllers\Aphf.php(98): view('aphf/buscar', [...])
 6 SYSTEMPATH\CodeIgniter.php(919): App\Controllers\Aphf->buscar()
 7 SYSTEMPATH\CodeIgniter.php(494): CodeIgniter\CodeIgniter->runController(Object(App\Controllers\Aphf))
 8 SYSTEMPATH\CodeIgniter.php(353): CodeIgniter\CodeIgniter->handleRequest(null, Object(Config\Cache), false)
 9 FCPATH\index.php(79): CodeIgniter\CodeIgniter->run()
10 SYSTEMPATH\Commands\Server\rewrite.php(47): require_once('C:\\Users\\ED HER EST\\Documents\\proyectoFisio\\public\\index.php')
CRITICAL - 2023-11-30 18:44:12 --> Undefined variable $aphfs
in APPPATH\Views\aphf\buscar.php on line 123.
 1 APPPATH\Views\aphf\buscar.php(123): CodeIgniter\Debug\Exceptions->errorHandler(2, 'Undefined variable $aphfs', 'C:\\Users\\ED HER EST\\Documents\\proyectoFisio\\app\\Views\\aphf\\buscar.php', 123)
 2 SYSTEMPATH\View\View.php(226): include('C:\\Users\\ED HER EST\\Documents\\proyectoFisio\\app\\Views\\aphf\\buscar.php')
 3 SYSTEMPATH\View\View.php(229): CodeIgniter\View\View->CodeIgniter\View\{closure}()
 4 SYSTEMPATH\Common.php(1188): CodeIgniter\View\View->render('aphf/buscar', [], true)
 5 APPPATH\Controllers\Aphf.php(98): view('aphf/buscar', [...])
 6 SYSTEMPATH\CodeIgniter.php(919): App\Controllers\Aphf->buscar()
 7 SYSTEMPATH\CodeIgniter.php(494): CodeIgniter\CodeIgniter->runController(Object(App\Controllers\Aphf))
 8 SYSTEMPATH\CodeIgniter.php(353): CodeIgniter\CodeIgniter->handleRequest(null, Object(Config\Cache), false)
 9 FCPATH\index.php(79): CodeIgniter\CodeIgniter->run()
10 SYSTEMPATH\Commands\Server\rewrite.php(47): require_once('C:\\Users\\ED HER EST\\Documents\\proyectoFisio\\public\\index.php')
CRITICAL - 2023-11-30 18:44:46 --> Undefined array key "nombre"
in APPPATH\Views\aphf\buscar.php on line 125.
 1 APPPATH\Views\aphf\buscar.php(125): CodeIgniter\Debug\Exceptions->errorHandler(2, 'Undefined array key "nombre"', 'C:\\Users\\ED HER EST\\Documents\\proyectoFisio\\app\\Views\\aphf\\buscar.php', 125)
 2 SYSTEMPATH\View\View.php(226): include('C:\\Users\\ED HER EST\\Documents\\proyectoFisio\\app\\Views\\aphf\\buscar.php')
 3 SYSTEMPATH\View\View.php(229): CodeIgniter\View\View->CodeIgniter\View\{closure}()
 4 SYSTEMPATH\Common.php(1188): CodeIgniter\View\View->render('aphf/buscar', [], true)
 5 APPPATH\Controllers\Aphf.php(98): view('aphf/buscar', [...])
 6 SYSTEMPATH\CodeIgniter.php(919): App\Controllers\Aphf->buscar()
 7 SYSTEMPATH\CodeIgniter.php(494): CodeIgniter\CodeIgniter->runController(Object(App\Controllers\Aphf))
 8 SYSTEMPATH\CodeIgniter.php(353): CodeIgniter\CodeIgniter->handleRequest(null, Object(Config\Cache), false)
 9 FCPATH\index.php(79): CodeIgniter\CodeIgniter->run()
10 SYSTEMPATH\Commands\Server\rewrite.php(47): require_once('C:\\Users\\ED HER EST\\Documents\\proyectoFisio\\public\\index.php')
CRITICAL - 2023-11-30 18:46:22 --> Undefined array key "ID_Aphf"
in APPPATH\Views\aphf\buscar.php on line 120.
 1 APPPATH\Views\aphf\buscar.php(120): CodeIgniter\Debug\Exceptions->errorHandler(2, 'Undefined array key "ID_Aphf"', 'C:\\Users\\ED HER EST\\Documents\\proyectoFisio\\app\\Views\\aphf\\buscar.php', 120)
 2 SYSTEMPATH\View\View.php(226): include('C:\\Users\\ED HER EST\\Documents\\proyectoFisio\\app\\Views\\aphf\\buscar.php')
 3 SYSTEMPATH\View\View.php(229): CodeIgniter\View\View->CodeIgniter\View\{closure}()
 4 SYSTEMPATH\Common.php(1188): CodeIgniter\View\View->render('aphf/buscar', [], true)
 5 APPPATH\Controllers\Aphf.php(98): view('aphf/buscar', [...])
 6 SYSTEMPATH\CodeIgniter.php(919): App\Controllers\Aphf->buscar()
 7 SYSTEMPATH\CodeIgniter.php(494): CodeIgniter\CodeIgniter->runController(Object(App\Controllers\Aphf))
 8 SYSTEMPATH\CodeIgniter.php(353): CodeIgniter\CodeIgniter->handleRequest(null, Object(Config\Cache), false)
 9 FCPATH\index.php(79): CodeIgniter\CodeIgniter->run()
10 SYSTEMPATH\Commands\Server\rewrite.php(47): require_once('C:\\Users\\ED HER EST\\Documents\\proyectoFisio\\public\\index.php')
CRITICAL - 2023-11-30 19:48:36 --> Call to a member function attempt() on null
in APPPATH\Controllers\Home.php on line 14.
 1 SYSTEMPATH\CodeIgniter.php(919): App\Controllers\Home->index()
 2 SYSTEMPATH\CodeIgniter.php(494): CodeIgniter\CodeIgniter->runController(Object(App\Controllers\Home))
 3 SYSTEMPATH\CodeIgniter.php(353): CodeIgniter\CodeIgniter->handleRequest(null, Object(Config\Cache), false)
 4 FCPATH\index.php(79): CodeIgniter\CodeIgniter->run()
 5 SYSTEMPATH\Commands\Server\rewrite.php(47): require_once('C:\\Users\\ED HER EST\\Documents\\proyectoFisio\\public\\index.php')
