CRITICAL - 2023-11-21 00:08:33 --> Undefined property: stdClass::$id
in APPPATH\Views\usuario\mostrar.php on line 27.
 1 APPPATH\Views\usuario\mostrar.php(27): CodeIgniter\Debug\Exceptions->errorHandler(2, 'Undefined property: stdClass::$id', 'C:\\Users\\ED HER EST\\Documents\\proyectoFisio\\app\\Views\\usuario\\mostrar.php', 27)
 2 SYSTEMPATH\View\View.php(226): include('C:\\Users\\ED HER EST\\Documents\\proyectoFisio\\app\\Views\\usuario\\mostrar.php')
 3 SYSTEMPATH\View\View.php(229): CodeIgniter\View\View->CodeIgniter\View\{closure}()
 4 SYSTEMPATH\Common.php(1188): CodeIgniter\View\View->render('usuario/mostrar', [], true)
 5 APPPATH\Controllers\Usuario.php(20): view('usuario/mostrar', [...])
 6 SYSTEMPATH\CodeIgniter.php(919): App\Controllers\Usuario->mostrar()
 7 SYSTEMPATH\CodeIgniter.php(494): CodeIgniter\CodeIgniter->runController(Object(App\Controllers\Usuario))
 8 SYSTEMPATH\CodeIgniter.php(353): CodeIgniter\CodeIgniter->handleRequest(null, Object(Config\Cache), false)
 9 FCPATH\index.php(79): CodeIgniter\CodeIgniter->run()
10 SYSTEMPATH\Commands\Server\rewrite.php(47): require_once('C:\\Users\\ED HER EST\\Documents\\proyectoFisio\\public\\index.php')
CRITICAL - 2023-11-21 00:13:24 --> Undefined property: stdClass::$id
in APPPATH\Views\usuario\mostrar.php on line 27.
 1 APPPATH\Views\usuario\mostrar.php(27): CodeIgniter\Debug\Exceptions->errorHandler(2, 'Undefined property: stdClass::$id', 'C:\\Users\\ED HER EST\\Documents\\proyectoFisio\\app\\Views\\usuario\\mostrar.php', 27)
 2 SYSTEMPATH\View\View.php(226): include('C:\\Users\\ED HER EST\\Documents\\proyectoFisio\\app\\Views\\usuario\\mostrar.php')
 3 SYSTEMPATH\View\View.php(229): CodeIgniter\View\View->CodeIgniter\View\{closure}()
 4 SYSTEMPATH\Common.php(1188): CodeIgniter\View\View->render('usuario/mostrar', [], true)
 5 APPPATH\Controllers\Usuario.php(20): view('usuario/mostrar', [...])
 6 SYSTEMPATH\CodeIgniter.php(919): App\Controllers\Usuario->mostrar()
 7 SYSTEMPATH\CodeIgniter.php(494): CodeIgniter\CodeIgniter->runController(Object(App\Controllers\Usuario))
 8 SYSTEMPATH\CodeIgniter.php(353): CodeIgniter\CodeIgniter->handleRequest(null, Object(Config\Cache), false)
 9 FCPATH\index.php(79): CodeIgniter\CodeIgniter->run()
10 SYSTEMPATH\Commands\Server\rewrite.php(47): require_once('C:\\Users\\ED HER EST\\Documents\\proyectoFisio\\public\\index.php')
CRITICAL - 2023-11-21 00:29:56 --> Undefined property: stdClass::$id
in APPPATH\Views\usuario\mostrar.php on line 27.
 1 APPPATH\Views\usuario\mostrar.php(27): CodeIgniter\Debug\Exceptions->errorHandler(2, 'Undefined property: stdClass::$id', 'C:\\Users\\ED HER EST\\Documents\\proyectoFisio\\app\\Views\\usuario\\mostrar.php', 27)
 2 SYSTEMPATH\View\View.php(226): include('C:\\Users\\ED HER EST\\Documents\\proyectoFisio\\app\\Views\\usuario\\mostrar.php')
 3 SYSTEMPATH\View\View.php(229): CodeIgniter\View\View->CodeIgniter\View\{closure}()
 4 SYSTEMPATH\Common.php(1188): CodeIgniter\View\View->render('usuario/mostrar', [], true)
 5 APPPATH\Controllers\Usuario.php(20): view('usuario/mostrar', [...])
 6 SYSTEMPATH\CodeIgniter.php(919): App\Controllers\Usuario->mostrar()
 7 SYSTEMPATH\CodeIgniter.php(494): CodeIgniter\CodeIgniter->runController(Object(App\Controllers\Usuario))
 8 SYSTEMPATH\CodeIgniter.php(353): CodeIgniter\CodeIgniter->handleRequest(null, Object(Config\Cache), false)
 9 FCPATH\index.php(79): CodeIgniter\CodeIgniter->run()
10 SYSTEMPATH\Commands\Server\rewrite.php(47): require_once('C:\\Users\\ED HER EST\\Documents\\proyectoFisio\\public\\index.php')
CRITICAL - 2023-11-21 00:54:00 --> Undefined array key "ID_Usuario"
in APPPATH\Controllers\Usuario.php on line 79.
 1 APPPATH\Controllers\Usuario.php(79): CodeIgniter\Debug\Exceptions->errorHandler(2, 'Undefined array key "ID_Usuario"', 'C:\\Users\\ED HER EST\\Documents\\proyectoFisio\\app\\Controllers\\Usuario.php', 79)
 2 SYSTEMPATH\CodeIgniter.php(919): App\Controllers\Usuario->update()
 3 SYSTEMPATH\CodeIgniter.php(494): CodeIgniter\CodeIgniter->runController(Object(App\Controllers\Usuario))
 4 SYSTEMPATH\CodeIgniter.php(353): CodeIgniter\CodeIgniter->handleRequest(null, Object(Config\Cache), false)
 5 FCPATH\index.php(79): CodeIgniter\CodeIgniter->run()
 6 SYSTEMPATH\Commands\Server\rewrite.php(47): require_once('C:\\Users\\ED HER EST\\Documents\\proyectoFisio\\public\\index.php')
CRITICAL - 2023-11-21 01:32:07 --> Undefined variable $usuario
in APPPATH\Views\usuario\mostrar.php on line 16.
 1 APPPATH\Views\usuario\mostrar.php(16): CodeIgniter\Debug\Exceptions->errorHandler(2, 'Undefined variable $usuario', 'C:\\Users\\ED HER EST\\Documents\\proyectoFisio\\app\\Views\\usuario\\mostrar.php', 16)
 2 SYSTEMPATH\View\View.php(226): include('C:\\Users\\ED HER EST\\Documents\\proyectoFisio\\app\\Views\\usuario\\mostrar.php')
 3 SYSTEMPATH\View\View.php(229): CodeIgniter\View\View->CodeIgniter\View\{closure}()
 4 SYSTEMPATH\Common.php(1188): CodeIgniter\View\View->render('usuario/mostrar', [], true)
 5 APPPATH\Controllers\Usuario.php(21): view('usuario/mostrar', [...])
 6 SYSTEMPATH\CodeIgniter.php(919): App\Controllers\Usuario->mostrar()
 7 SYSTEMPATH\CodeIgniter.php(494): CodeIgniter\CodeIgniter->runController(Object(App\Controllers\Usuario))
 8 SYSTEMPATH\CodeIgniter.php(353): CodeIgniter\CodeIgniter->handleRequest(null, Object(Config\Cache), false)
 9 FCPATH\index.php(79): CodeIgniter\CodeIgniter->run()
10 SYSTEMPATH\Commands\Server\rewrite.php(47): require_once('C:\\Users\\ED HER EST\\Documents\\proyectoFisio\\public\\index.php')
CRITICAL - 2023-11-21 01:33:01 --> Undefined variable $usuario
in APPPATH\Views\usuario\mostrar.php on line 16.
 1 APPPATH\Views\usuario\mostrar.php(16): CodeIgniter\Debug\Exceptions->errorHandler(2, 'Undefined variable $usuario', 'C:\\Users\\ED HER EST\\Documents\\proyectoFisio\\app\\Views\\usuario\\mostrar.php', 16)
 2 SYSTEMPATH\View\View.php(226): include('C:\\Users\\ED HER EST\\Documents\\proyectoFisio\\app\\Views\\usuario\\mostrar.php')
 3 SYSTEMPATH\View\View.php(229): CodeIgniter\View\View->CodeIgniter\View\{closure}()
 4 SYSTEMPATH\Common.php(1188): CodeIgniter\View\View->render('usuario/mostrar', [], true)
 5 APPPATH\Controllers\Usuario.php(21): view('usuario/mostrar', [...])
 6 SYSTEMPATH\CodeIgniter.php(919): App\Controllers\Usuario->mostrar()
 7 SYSTEMPATH\CodeIgniter.php(494): CodeIgniter\CodeIgniter->runController(Object(App\Controllers\Usuario))
 8 SYSTEMPATH\CodeIgniter.php(353): CodeIgniter\CodeIgniter->handleRequest(null, Object(Config\Cache), false)
 9 FCPATH\index.php(79): CodeIgniter\CodeIgniter->run()
10 SYSTEMPATH\Commands\Server\rewrite.php(47): require_once('C:\\Users\\ED HER EST\\Documents\\proyectoFisio\\public\\index.php')
CRITICAL - 2023-11-21 01:33:21 --> Undefined variable $usuario
in APPPATH\Views\usuario\mostrar.php on line 16.
 1 APPPATH\Views\usuario\mostrar.php(16): CodeIgniter\Debug\Exceptions->errorHandler(2, 'Undefined variable $usuario', 'C:\\Users\\ED HER EST\\Documents\\proyectoFisio\\app\\Views\\usuario\\mostrar.php', 16)
 2 SYSTEMPATH\View\View.php(226): include('C:\\Users\\ED HER EST\\Documents\\proyectoFisio\\app\\Views\\usuario\\mostrar.php')
 3 SYSTEMPATH\View\View.php(229): CodeIgniter\View\View->CodeIgniter\View\{closure}()
 4 SYSTEMPATH\Common.php(1188): CodeIgniter\View\View->render('usuario/mostrar', [], true)
 5 APPPATH\Controllers\Usuario.php(21): view('usuario/mostrar', [...])
 6 SYSTEMPATH\CodeIgniter.php(919): App\Controllers\Usuario->mostrar()
 7 SYSTEMPATH\CodeIgniter.php(494): CodeIgniter\CodeIgniter->runController(Object(App\Controllers\Usuario))
 8 SYSTEMPATH\CodeIgniter.php(353): CodeIgniter\CodeIgniter->handleRequest(null, Object(Config\Cache), false)
 9 FCPATH\index.php(79): CodeIgniter\CodeIgniter->run()
10 SYSTEMPATH\Commands\Server\rewrite.php(47): require_once('C:\\Users\\ED HER EST\\Documents\\proyectoFisio\\public\\index.php')
CRITICAL - 2023-11-21 01:34:21 --> Undefined variable $ID_Usuario
in APPPATH\Controllers\Usuario.php on line 52.
 1 APPPATH\Controllers\Usuario.php(52): CodeIgniter\Debug\Exceptions->errorHandler(2, 'Undefined variable $ID_Usuario', 'C:\\Users\\ED HER EST\\Documents\\proyectoFisio\\app\\Controllers\\Usuario.php', 52)
 2 SYSTEMPATH\CodeIgniter.php(919): App\Controllers\Usuario->delete('1')
 3 SYSTEMPATH\CodeIgniter.php(494): CodeIgniter\CodeIgniter->runController(Object(App\Controllers\Usuario))
 4 SYSTEMPATH\CodeIgniter.php(353): CodeIgniter\CodeIgniter->handleRequest(null, Object(Config\Cache), false)
 5 FCPATH\index.php(79): CodeIgniter\CodeIgniter->run()
 6 SYSTEMPATH\Commands\Server\rewrite.php(47): require_once('C:\\Users\\ED HER EST\\Documents\\proyectoFisio\\public\\index.php')
CRITICAL - 2023-11-21 01:34:48 --> Undefined variable $ID_Usuario
in APPPATH\Controllers\Usuario.php on line 52.
 1 APPPATH\Controllers\Usuario.php(52): CodeIgniter\Debug\Exceptions->errorHandler(2, 'Undefined variable $ID_Usuario', 'C:\\Users\\ED HER EST\\Documents\\proyectoFisio\\app\\Controllers\\Usuario.php', 52)
 2 SYSTEMPATH\CodeIgniter.php(919): App\Controllers\Usuario->delete('1')
 3 SYSTEMPATH\CodeIgniter.php(494): CodeIgniter\CodeIgniter->runController(Object(App\Controllers\Usuario))
 4 SYSTEMPATH\CodeIgniter.php(353): CodeIgniter\CodeIgniter->handleRequest(null, Object(Config\Cache), false)
 5 FCPATH\index.php(79): CodeIgniter\CodeIgniter->run()
 6 SYSTEMPATH\Commands\Server\rewrite.php(47): require_once('C:\\Users\\ED HER EST\\Documents\\proyectoFisio\\public\\index.php')
CRITICAL - 2023-11-21 02:32:30 --> Undefined array key "email"
in APPPATH\Controllers\Usuario.php on line 78.
 1 APPPATH\Controllers\Usuario.php(78): CodeIgniter\Debug\Exceptions->errorHandler(2, 'Undefined array key "email"', 'C:\\Users\\ED HER EST\\Documents\\proyectoFisio\\app\\Controllers\\Usuario.php', 78)
 2 SYSTEMPATH\CodeIgniter.php(919): App\Controllers\Usuario->update()
 3 SYSTEMPATH\CodeIgniter.php(494): CodeIgniter\CodeIgniter->runController(Object(App\Controllers\Usuario))
 4 SYSTEMPATH\CodeIgniter.php(353): CodeIgniter\CodeIgniter->handleRequest(null, Object(Config\Cache), false)
 5 FCPATH\index.php(79): CodeIgniter\CodeIgniter->run()
 6 SYSTEMPATH\Commands\Server\rewrite.php(47): require_once('C:\\Users\\ED HER EST\\Documents\\proyectoFisio\\public\\index.php')
CRITICAL - 2023-11-21 02:34:40 --> Undefined array key "email"
in APPPATH\Controllers\Usuario.php on line 78.
 1 APPPATH\Controllers\Usuario.php(78): CodeIgniter\Debug\Exceptions->errorHandler(2, 'Undefined array key "email"', 'C:\\Users\\ED HER EST\\Documents\\proyectoFisio\\app\\Controllers\\Usuario.php', 78)
 2 SYSTEMPATH\CodeIgniter.php(919): App\Controllers\Usuario->update()
 3 SYSTEMPATH\CodeIgniter.php(494): CodeIgniter\CodeIgniter->runController(Object(App\Controllers\Usuario))
 4 SYSTEMPATH\CodeIgniter.php(353): CodeIgniter\CodeIgniter->handleRequest(null, Object(Config\Cache), false)
 5 FCPATH\index.php(79): CodeIgniter\CodeIgniter->run()
 6 SYSTEMPATH\Commands\Server\rewrite.php(47): require_once('C:\\Users\\ED HER EST\\Documents\\proyectoFisio\\public\\index.php')
CRITICAL - 2023-11-21 02:34:48 --> Undefined array key "email"
in APPPATH\Controllers\Usuario.php on line 78.
 1 APPPATH\Controllers\Usuario.php(78): CodeIgniter\Debug\Exceptions->errorHandler(2, 'Undefined array key "email"', 'C:\\Users\\ED HER EST\\Documents\\proyectoFisio\\app\\Controllers\\Usuario.php', 78)
 2 SYSTEMPATH\CodeIgniter.php(919): App\Controllers\Usuario->update()
 3 SYSTEMPATH\CodeIgniter.php(494): CodeIgniter\CodeIgniter->runController(Object(App\Controllers\Usuario))
 4 SYSTEMPATH\CodeIgniter.php(353): CodeIgniter\CodeIgniter->handleRequest(null, Object(Config\Cache), false)
 5 FCPATH\index.php(79): CodeIgniter\CodeIgniter->run()
 6 SYSTEMPATH\Commands\Server\rewrite.php(47): require_once('C:\\Users\\ED HER EST\\Documents\\proyectoFisio\\public\\index.php')
CRITICAL - 2023-11-21 02:36:09 --> Undefined array key "email"
in APPPATH\Controllers\Usuario.php on line 78.
 1 APPPATH\Controllers\Usuario.php(78): CodeIgniter\Debug\Exceptions->errorHandler(2, 'Undefined array key "email"', 'C:\\Users\\ED HER EST\\Documents\\proyectoFisio\\app\\Controllers\\Usuario.php', 78)
 2 SYSTEMPATH\CodeIgniter.php(919): App\Controllers\Usuario->update()
 3 SYSTEMPATH\CodeIgniter.php(494): CodeIgniter\CodeIgniter->runController(Object(App\Controllers\Usuario))
 4 SYSTEMPATH\CodeIgniter.php(353): CodeIgniter\CodeIgniter->handleRequest(null, Object(Config\Cache), false)
 5 FCPATH\index.php(79): CodeIgniter\CodeIgniter->run()
 6 SYSTEMPATH\Commands\Server\rewrite.php(47): require_once('C:\\Users\\ED HER EST\\Documents\\proyectoFisio\\public\\index.php')
CRITICAL - 2023-11-21 02:37:11 --> Undefined array key "email"
in APPPATH\Controllers\Usuario.php on line 78.
 1 APPPATH\Controllers\Usuario.php(78): CodeIgniter\Debug\Exceptions->errorHandler(2, 'Undefined array key "email"', 'C:\\Users\\ED HER EST\\Documents\\proyectoFisio\\app\\Controllers\\Usuario.php', 78)
 2 SYSTEMPATH\CodeIgniter.php(919): App\Controllers\Usuario->update()
 3 SYSTEMPATH\CodeIgniter.php(494): CodeIgniter\CodeIgniter->runController(Object(App\Controllers\Usuario))
 4 SYSTEMPATH\CodeIgniter.php(353): CodeIgniter\CodeIgniter->handleRequest(null, Object(Config\Cache), false)
 5 FCPATH\index.php(79): CodeIgniter\CodeIgniter->run()
 6 SYSTEMPATH\Commands\Server\rewrite.php(47): require_once('C:\\Users\\ED HER EST\\Documents\\proyectoFisio\\public\\index.php')
CRITICAL - 2023-11-21 03:11:29 --> Undefined variable $apellido
in APPPATH\Controllers\Usuario.php on line 99.
 1 APPPATH\Controllers\Usuario.php(99): CodeIgniter\Debug\Exceptions->errorHandler(2, 'Undefined variable $apellido', 'C:\\Users\\ED HER EST\\Documents\\proyectoFisio\\app\\Controllers\\Usuario.php', 99)
 2 SYSTEMPATH\CodeIgniter.php(919): App\Controllers\Usuario->buscar()
 3 SYSTEMPATH\CodeIgniter.php(494): CodeIgniter\CodeIgniter->runController(Object(App\Controllers\Usuario))
 4 SYSTEMPATH\CodeIgniter.php(353): CodeIgniter\CodeIgniter->handleRequest(null, Object(Config\Cache), false)
 5 FCPATH\index.php(79): CodeIgniter\CodeIgniter->run()
 6 SYSTEMPATH\Commands\Server\rewrite.php(47): require_once('C:\\Users\\ED HER EST\\Documents\\proyectoFisio\\public\\index.php')
CRITICAL - 2023-11-21 17:47:01 --> Attempt to read property "nombre" on array
in APPPATH\Views\fisioterapeuta\mostrar.php on line 62.
 1 APPPATH\Views\fisioterapeuta\mostrar.php(62): CodeIgniter\Debug\Exceptions->errorHandler(2, 'Attempt to read property "nombre" on array', 'C:\\Users\\ED HER EST\\Documents\\proyectoFisio\\app\\Views\\fisioterapeuta\\mostrar.php', 62)
 2 SYSTEMPATH\View\View.php(226): include('C:\\Users\\ED HER EST\\Documents\\proyectoFisio\\app\\Views\\fisioterapeuta\\mostrar.php')
 3 SYSTEMPATH\View\View.php(229): CodeIgniter\View\View->CodeIgniter\View\{closure}()
 4 SYSTEMPATH\Common.php(1188): CodeIgniter\View\View->render('fisioterapeuta/mostrar', [], true)
 5 APPPATH\Controllers\Fisioterapeuta.php(15): view('fisioterapeuta/mostrar', [...])
 6 SYSTEMPATH\CodeIgniter.php(919): App\Controllers\Fisioterapeuta->mostrar()
 7 SYSTEMPATH\CodeIgniter.php(494): CodeIgniter\CodeIgniter->runController(Object(App\Controllers\Fisioterapeuta))
 8 SYSTEMPATH\CodeIgniter.php(353): CodeIgniter\CodeIgniter->handleRequest(null, Object(Config\Cache), false)
 9 FCPATH\index.php(79): CodeIgniter\CodeIgniter->run()
10 SYSTEMPATH\Commands\Server\rewrite.php(47): require_once('C:\\Users\\ED HER EST\\Documents\\proyectoFisio\\public\\index.php')
CRITICAL - 2023-11-21 17:51:22 --> Attempt to read property "nombre" on array
in APPPATH\Views\fisioterapeuta\mostrar.php on line 62.
 1 APPPATH\Views\fisioterapeuta\mostrar.php(62): CodeIgniter\Debug\Exceptions->errorHandler(2, 'Attempt to read property "nombre" on array', 'C:\\Users\\ED HER EST\\Documents\\proyectoFisio\\app\\Views\\fisioterapeuta\\mostrar.php', 62)
 2 SYSTEMPATH\View\View.php(226): include('C:\\Users\\ED HER EST\\Documents\\proyectoFisio\\app\\Views\\fisioterapeuta\\mostrar.php')
 3 SYSTEMPATH\View\View.php(229): CodeIgniter\View\View->CodeIgniter\View\{closure}()
 4 SYSTEMPATH\Common.php(1188): CodeIgniter\View\View->render('fisioterapeuta/mostrar', [], true)
 5 APPPATH\Controllers\Fisioterapeuta.php(15): view('fisioterapeuta/mostrar', [...])
 6 SYSTEMPATH\CodeIgniter.php(919): App\Controllers\Fisioterapeuta->mostrar()
 7 SYSTEMPATH\CodeIgniter.php(494): CodeIgniter\CodeIgniter->runController(Object(App\Controllers\Fisioterapeuta))
 8 SYSTEMPATH\CodeIgniter.php(353): CodeIgniter\CodeIgniter->handleRequest(null, Object(Config\Cache), false)
 9 FCPATH\index.php(79): CodeIgniter\CodeIgniter->run()
10 SYSTEMPATH\Commands\Server\rewrite.php(47): require_once('C:\\Users\\ED HER EST\\Documents\\proyectoFisio\\public\\index.php')
CRITICAL - 2023-11-21 18:00:17 --> Call to a member function getResult() on array
in APPPATH\Views\fisioterapeuta\mostrar.php on line 60.
 1 SYSTEMPATH\View\View.php(226): include()
 2 SYSTEMPATH\View\View.php(229): CodeIgniter\View\View->CodeIgniter\View\{closure}()
 3 SYSTEMPATH\Common.php(1188): CodeIgniter\View\View->render('fisioterapeuta/mostrar', [], true)
 4 APPPATH\Controllers\Fisioterapeuta.php(15): view('fisioterapeuta/mostrar', [...])
 5 SYSTEMPATH\CodeIgniter.php(919): App\Controllers\Fisioterapeuta->mostrar()
 6 SYSTEMPATH\CodeIgniter.php(494): CodeIgniter\CodeIgniter->runController(Object(App\Controllers\Fisioterapeuta))
 7 SYSTEMPATH\CodeIgniter.php(353): CodeIgniter\CodeIgniter->handleRequest(null, Object(Config\Cache), false)
 8 FCPATH\index.php(79): CodeIgniter\CodeIgniter->run()
 9 SYSTEMPATH\Commands\Server\rewrite.php(47): require_once('C:\\Users\\ED HER EST\\Documents\\proyectoFisio\\public\\index.php')
CRITICAL - 2023-11-21 18:00:55 --> Call to a member function getResult() on array
in APPPATH\Views\fisioterapeuta\mostrar.php on line 60.
 1 SYSTEMPATH\View\View.php(226): include()
 2 SYSTEMPATH\View\View.php(229): CodeIgniter\View\View->CodeIgniter\View\{closure}()
 3 SYSTEMPATH\Common.php(1188): CodeIgniter\View\View->render('fisioterapeuta/mostrar', [], true)
 4 APPPATH\Controllers\Fisioterapeuta.php(15): view('fisioterapeuta/mostrar', [...])
 5 SYSTEMPATH\CodeIgniter.php(919): App\Controllers\Fisioterapeuta->mostrar()
 6 SYSTEMPATH\CodeIgniter.php(494): CodeIgniter\CodeIgniter->runController(Object(App\Controllers\Fisioterapeuta))
 7 SYSTEMPATH\CodeIgniter.php(353): CodeIgniter\CodeIgniter->handleRequest(null, Object(Config\Cache), false)
 8 FCPATH\index.php(79): CodeIgniter\CodeIgniter->run()
 9 SYSTEMPATH\Commands\Server\rewrite.php(47): require_once('C:\\Users\\ED HER EST\\Documents\\proyectoFisio\\public\\index.php')
CRITICAL - 2023-11-21 18:06:54 --> Attempt to read property "nombre" on array
in APPPATH\Views\fisioterapeuta\mostrar.php on line 62.
 1 APPPATH\Views\fisioterapeuta\mostrar.php(62): CodeIgniter\Debug\Exceptions->errorHandler(2, 'Attempt to read property "nombre" on array', 'C:\\Users\\ED HER EST\\Documents\\proyectoFisio\\app\\Views\\fisioterapeuta\\mostrar.php', 62)
 2 SYSTEMPATH\View\View.php(226): include('C:\\Users\\ED HER EST\\Documents\\proyectoFisio\\app\\Views\\fisioterapeuta\\mostrar.php')
 3 SYSTEMPATH\View\View.php(229): CodeIgniter\View\View->CodeIgniter\View\{closure}()
 4 SYSTEMPATH\Common.php(1188): CodeIgniter\View\View->render('fisioterapeuta/mostrar', [], true)
 5 APPPATH\Controllers\Fisioterapeuta.php(15): view('fisioterapeuta/mostrar', [...])
 6 SYSTEMPATH\CodeIgniter.php(919): App\Controllers\Fisioterapeuta->mostrar()
 7 SYSTEMPATH\CodeIgniter.php(494): CodeIgniter\CodeIgniter->runController(Object(App\Controllers\Fisioterapeuta))
 8 SYSTEMPATH\CodeIgniter.php(353): CodeIgniter\CodeIgniter->handleRequest(null, Object(Config\Cache), false)
 9 FCPATH\index.php(79): CodeIgniter\CodeIgniter->run()
10 SYSTEMPATH\Commands\Server\rewrite.php(47): require_once('C:\\Users\\ED HER EST\\Documents\\proyectoFisio\\public\\index.php')
ERROR - 2023-11-21 18:08:13 --> mysqli_sql_exception: Table 'clinica.fisioterapeutas' doesn't exist in C:\Users\ED HER EST\Documents\proyectoFisio\system\Database\MySQLi\Connection.php:306
Stack trace:
#0 C:\Users\ED HER EST\Documents\proyectoFisio\system\Database\MySQLi\Connection.php(306): mysqli->query('SELECT *\nFROM `...', 0)
#1 C:\Users\ED HER EST\Documents\proyectoFisio\system\Database\BaseConnection.php(692): CodeIgniter\Database\MySQLi\Connection->execute('SELECT *\nFROM `...')
#2 C:\Users\ED HER EST\Documents\proyectoFisio\system\Database\BaseConnection.php(606): CodeIgniter\Database\BaseConnection->simpleQuery('SELECT *\nFROM `...')
#3 C:\Users\ED HER EST\Documents\proyectoFisio\system\Database\BaseBuilder.php(1615): CodeIgniter\Database\BaseConnection->query('SELECT *\nFROM `...', Array, false)
#4 C:\Users\ED HER EST\Documents\proyectoFisio\system\Model.php(237): CodeIgniter\Database\BaseBuilder->get()
#5 C:\Users\ED HER EST\Documents\proyectoFisio\system\BaseModel.php(624): CodeIgniter\Model->doFindAll(0, 0)
#6 C:\Users\ED HER EST\Documents\proyectoFisio\app\Controllers\Fisioterapeuta.php(12): CodeIgniter\BaseModel->findAll()
#7 C:\Users\ED HER EST\Documents\proyectoFisio\system\CodeIgniter.php(919): App\Controllers\Fisioterapeuta->mostrar()
#8 C:\Users\ED HER EST\Documents\proyectoFisio\system\CodeIgniter.php(494): CodeIgniter\CodeIgniter->runController(Object(App\Controllers\Fisioterapeuta))
#9 C:\Users\ED HER EST\Documents\proyectoFisio\system\CodeIgniter.php(353): CodeIgniter\CodeIgniter->handleRequest(NULL, Object(Config\Cache), false)
#10 C:\Users\ED HER EST\Documents\proyectoFisio\public\index.php(79): CodeIgniter\CodeIgniter->run()
#11 C:\Users\ED HER EST\Documents\proyectoFisio\system\Commands\Server\rewrite.php(47): require_once('C:\\Users\\ED HER...')
#12 {main}
CRITICAL - 2023-11-21 18:08:13 --> Table 'clinica.fisioterapeutas' doesn't exist
in SYSTEMPATH\Database\BaseConnection.php on line 646.
 1 SYSTEMPATH\Database\BaseBuilder.php(1615): CodeIgniter\Database\BaseConnection->query('SELECT *
FROM `Fisioterapeutas`
WHERE `Fisioterapeutas`.`deleted_at` IS NULL', [], false)
 2 SYSTEMPATH\Model.php(237): CodeIgniter\Database\BaseBuilder->get()
 3 SYSTEMPATH\BaseModel.php(624): CodeIgniter\Model->doFindAll(0, 0)
 4 APPPATH\Controllers\Fisioterapeuta.php(12): CodeIgniter\BaseModel->findAll()
 5 SYSTEMPATH\CodeIgniter.php(919): App\Controllers\Fisioterapeuta->mostrar()
 6 SYSTEMPATH\CodeIgniter.php(494): CodeIgniter\CodeIgniter->runController(Object(App\Controllers\Fisioterapeuta))
 7 SYSTEMPATH\CodeIgniter.php(353): CodeIgniter\CodeIgniter->handleRequest(null, Object(Config\Cache), false)
 8 FCPATH\index.php(79): CodeIgniter\CodeIgniter->run()
 9 SYSTEMPATH\Commands\Server\rewrite.php(47): require_once('C:\\Users\\ED HER EST\\Documents\\proyectoFisio\\public\\index.php')
CRITICAL - 2023-11-21 18:21:40 --> Attempt to read property "nombre" on array
in APPPATH\Views\fisioterapeuta\mostrar.php on line 62.
 1 APPPATH\Views\fisioterapeuta\mostrar.php(62): CodeIgniter\Debug\Exceptions->errorHandler(2, 'Attempt to read property "nombre" on array', 'C:\\Users\\ED HER EST\\Documents\\proyectoFisio\\app\\Views\\fisioterapeuta\\mostrar.php', 62)
 2 SYSTEMPATH\View\View.php(226): include('C:\\Users\\ED HER EST\\Documents\\proyectoFisio\\app\\Views\\fisioterapeuta\\mostrar.php')
 3 SYSTEMPATH\View\View.php(229): CodeIgniter\View\View->CodeIgniter\View\{closure}()
 4 SYSTEMPATH\Common.php(1188): CodeIgniter\View\View->render('fisioterapeuta/mostrar', [], true)
 5 APPPATH\Controllers\Fisioterapeuta.php(15): view('fisioterapeuta/mostrar', [...])
 6 SYSTEMPATH\CodeIgniter.php(919): App\Controllers\Fisioterapeuta->mostrar()
 7 SYSTEMPATH\CodeIgniter.php(494): CodeIgniter\CodeIgniter->runController(Object(App\Controllers\Fisioterapeuta))
 8 SYSTEMPATH\CodeIgniter.php(353): CodeIgniter\CodeIgniter->handleRequest(null, Object(Config\Cache), false)
 9 FCPATH\index.php(79): CodeIgniter\CodeIgniter->run()
10 SYSTEMPATH\Commands\Server\rewrite.php(47): require_once('C:\\Users\\ED HER EST\\Documents\\proyectoFisio\\public\\index.php')
CRITICAL - 2023-11-21 18:21:45 --> Attempt to read property "nombre" on array
in APPPATH\Views\fisioterapeuta\mostrar.php on line 62.
 1 APPPATH\Views\fisioterapeuta\mostrar.php(62): CodeIgniter\Debug\Exceptions->errorHandler(2, 'Attempt to read property "nombre" on array', 'C:\\Users\\ED HER EST\\Documents\\proyectoFisio\\app\\Views\\fisioterapeuta\\mostrar.php', 62)
 2 SYSTEMPATH\View\View.php(226): include('C:\\Users\\ED HER EST\\Documents\\proyectoFisio\\app\\Views\\fisioterapeuta\\mostrar.php')
 3 SYSTEMPATH\View\View.php(229): CodeIgniter\View\View->CodeIgniter\View\{closure}()
 4 SYSTEMPATH\Common.php(1188): CodeIgniter\View\View->render('fisioterapeuta/mostrar', [], true)
 5 APPPATH\Controllers\Fisioterapeuta.php(15): view('fisioterapeuta/mostrar', [...])
 6 SYSTEMPATH\CodeIgniter.php(919): App\Controllers\Fisioterapeuta->mostrar()
 7 SYSTEMPATH\CodeIgniter.php(494): CodeIgniter\CodeIgniter->runController(Object(App\Controllers\Fisioterapeuta))
 8 SYSTEMPATH\CodeIgniter.php(353): CodeIgniter\CodeIgniter->handleRequest(null, Object(Config\Cache), false)
 9 FCPATH\index.php(79): CodeIgniter\CodeIgniter->run()
10 SYSTEMPATH\Commands\Server\rewrite.php(47): require_once('C:\\Users\\ED HER EST\\Documents\\proyectoFisio\\public\\index.php')
CRITICAL - 2023-11-21 18:22:21 --> Undefined variable $fisioterapeuta
in APPPATH\Views\fisioterapeuta\mostrar.php on line 60.
 1 APPPATH\Views\fisioterapeuta\mostrar.php(60): CodeIgniter\Debug\Exceptions->errorHandler(2, 'Undefined variable $fisioterapeuta', 'C:\\Users\\ED HER EST\\Documents\\proyectoFisio\\app\\Views\\fisioterapeuta\\mostrar.php', 60)
 2 SYSTEMPATH\View\View.php(226): include('C:\\Users\\ED HER EST\\Documents\\proyectoFisio\\app\\Views\\fisioterapeuta\\mostrar.php')
 3 SYSTEMPATH\View\View.php(229): CodeIgniter\View\View->CodeIgniter\View\{closure}()
 4 SYSTEMPATH\Common.php(1188): CodeIgniter\View\View->render('fisioterapeuta/mostrar', [], true)
 5 APPPATH\Controllers\Fisioterapeuta.php(15): view('fisioterapeuta/mostrar', [...])
 6 SYSTEMPATH\CodeIgniter.php(919): App\Controllers\Fisioterapeuta->mostrar()
 7 SYSTEMPATH\CodeIgniter.php(494): CodeIgniter\CodeIgniter->runController(Object(App\Controllers\Fisioterapeuta))
 8 SYSTEMPATH\CodeIgniter.php(353): CodeIgniter\CodeIgniter->handleRequest(null, Object(Config\Cache), false)
 9 FCPATH\index.php(79): CodeIgniter\CodeIgniter->run()
10 SYSTEMPATH\Commands\Server\rewrite.php(47): require_once('C:\\Users\\ED HER EST\\Documents\\proyectoFisio\\public\\index.php')
CRITICAL - 2023-11-21 18:30:55 --> Undefined variable $fisioterapeuta
in APPPATH\Views\fisioterapeuta\mostrar.php on line 60.
 1 APPPATH\Views\fisioterapeuta\mostrar.php(60): CodeIgniter\Debug\Exceptions->errorHandler(2, 'Undefined variable $fisioterapeuta', 'C:\\Users\\ED HER EST\\Documents\\proyectoFisio\\app\\Views\\fisioterapeuta\\mostrar.php', 60)
 2 SYSTEMPATH\View\View.php(226): include('C:\\Users\\ED HER EST\\Documents\\proyectoFisio\\app\\Views\\fisioterapeuta\\mostrar.php')
 3 SYSTEMPATH\View\View.php(229): CodeIgniter\View\View->CodeIgniter\View\{closure}()
 4 SYSTEMPATH\Common.php(1188): CodeIgniter\View\View->render('fisioterapeuta/mostrar', [], true)
 5 APPPATH\Controllers\Fisioterapeuta.php(15): view('fisioterapeuta/mostrar', [...])
 6 SYSTEMPATH\CodeIgniter.php(919): App\Controllers\Fisioterapeuta->mostrar()
 7 SYSTEMPATH\CodeIgniter.php(494): CodeIgniter\CodeIgniter->runController(Object(App\Controllers\Fisioterapeuta))
 8 SYSTEMPATH\CodeIgniter.php(353): CodeIgniter\CodeIgniter->handleRequest(null, Object(Config\Cache), false)
 9 FCPATH\index.php(79): CodeIgniter\CodeIgniter->run()
10 SYSTEMPATH\Commands\Server\rewrite.php(47): require_once('C:\\Users\\ED HER EST\\Documents\\proyectoFisio\\public\\index.php')
CRITICAL - 2023-11-21 18:35:36 --> Attempt to read property "nombre" on array
in APPPATH\Views\fisioterapeuta\mostrar.php on line 62.
 1 APPPATH\Views\fisioterapeuta\mostrar.php(62): CodeIgniter\Debug\Exceptions->errorHandler(2, 'Attempt to read property "nombre" on array', 'C:\\Users\\ED HER EST\\Documents\\proyectoFisio\\app\\Views\\fisioterapeuta\\mostrar.php', 62)
 2 SYSTEMPATH\View\View.php(226): include('C:\\Users\\ED HER EST\\Documents\\proyectoFisio\\app\\Views\\fisioterapeuta\\mostrar.php')
 3 SYSTEMPATH\View\View.php(229): CodeIgniter\View\View->CodeIgniter\View\{closure}()
 4 SYSTEMPATH\Common.php(1188): CodeIgniter\View\View->render('fisioterapeuta/mostrar', [], true)
 5 APPPATH\Controllers\Fisioterapeuta.php(15): view('fisioterapeuta/mostrar', [...])
 6 SYSTEMPATH\CodeIgniter.php(919): App\Controllers\Fisioterapeuta->mostrar()
 7 SYSTEMPATH\CodeIgniter.php(494): CodeIgniter\CodeIgniter->runController(Object(App\Controllers\Fisioterapeuta))
 8 SYSTEMPATH\CodeIgniter.php(353): CodeIgniter\CodeIgniter->handleRequest(null, Object(Config\Cache), false)
 9 FCPATH\index.php(79): CodeIgniter\CodeIgniter->run()
10 SYSTEMPATH\Commands\Server\rewrite.php(47): require_once('C:\\Users\\ED HER EST\\Documents\\proyectoFisio\\public\\index.php')
CRITICAL - 2023-11-21 18:37:20 --> Attempt to read property "nombre" on array
in APPPATH\Views\fisioterapeuta\mostrar.php on line 62.
 1 APPPATH\Views\fisioterapeuta\mostrar.php(62): CodeIgniter\Debug\Exceptions->errorHandler(2, 'Attempt to read property "nombre" on array', 'C:\\Users\\ED HER EST\\Documents\\proyectoFisio\\app\\Views\\fisioterapeuta\\mostrar.php', 62)
 2 SYSTEMPATH\View\View.php(226): include('C:\\Users\\ED HER EST\\Documents\\proyectoFisio\\app\\Views\\fisioterapeuta\\mostrar.php')
 3 SYSTEMPATH\View\View.php(229): CodeIgniter\View\View->CodeIgniter\View\{closure}()
 4 SYSTEMPATH\Common.php(1188): CodeIgniter\View\View->render('fisioterapeuta/mostrar', [], true)
 5 APPPATH\Controllers\Fisioterapeuta.php(15): view('fisioterapeuta/mostrar', [...])
 6 SYSTEMPATH\CodeIgniter.php(919): App\Controllers\Fisioterapeuta->mostrar()
 7 SYSTEMPATH\CodeIgniter.php(494): CodeIgniter\CodeIgniter->runController(Object(App\Controllers\Fisioterapeuta))
 8 SYSTEMPATH\CodeIgniter.php(353): CodeIgniter\CodeIgniter->handleRequest(null, Object(Config\Cache), false)
 9 FCPATH\index.php(79): CodeIgniter\CodeIgniter->run()
10 SYSTEMPATH\Commands\Server\rewrite.php(47): require_once('C:\\Users\\ED HER EST\\Documents\\proyectoFisio\\public\\index.php')
CRITICAL - 2023-11-21 18:37:39 --> Attempt to read property "nombre" on array
in APPPATH\Views\fisioterapeuta\mostrar.php on line 62.
 1 APPPATH\Views\fisioterapeuta\mostrar.php(62): CodeIgniter\Debug\Exceptions->errorHandler(2, 'Attempt to read property "nombre" on array', 'C:\\Users\\ED HER EST\\Documents\\proyectoFisio\\app\\Views\\fisioterapeuta\\mostrar.php', 62)
 2 SYSTEMPATH\View\View.php(226): include('C:\\Users\\ED HER EST\\Documents\\proyectoFisio\\app\\Views\\fisioterapeuta\\mostrar.php')
 3 SYSTEMPATH\View\View.php(229): CodeIgniter\View\View->CodeIgniter\View\{closure}()
 4 SYSTEMPATH\Common.php(1188): CodeIgniter\View\View->render('fisioterapeuta/mostrar', [], true)
 5 APPPATH\Controllers\Fisioterapeuta.php(15): view('fisioterapeuta/mostrar', [...])
 6 SYSTEMPATH\CodeIgniter.php(919): App\Controllers\Fisioterapeuta->mostrar()
 7 SYSTEMPATH\CodeIgniter.php(494): CodeIgniter\CodeIgniter->runController(Object(App\Controllers\Fisioterapeuta))
 8 SYSTEMPATH\CodeIgniter.php(353): CodeIgniter\CodeIgniter->handleRequest(null, Object(Config\Cache), false)
 9 FCPATH\index.php(79): CodeIgniter\CodeIgniter->run()
10 SYSTEMPATH\Commands\Server\rewrite.php(47): require_once('C:\\Users\\ED HER EST\\Documents\\proyectoFisio\\public\\index.php')
CRITICAL - 2023-11-21 19:10:24 --> Attempt to read property "nombre" on array
in APPPATH\Views\fisioterapeuta\mostrar.php on line 62.
 1 APPPATH\Views\fisioterapeuta\mostrar.php(62): CodeIgniter\Debug\Exceptions->errorHandler(2, 'Attempt to read property "nombre" on array', 'C:\\Users\\ED HER EST\\Documents\\proyectoFisio\\app\\Views\\fisioterapeuta\\mostrar.php', 62)
 2 SYSTEMPATH\View\View.php(226): include('C:\\Users\\ED HER EST\\Documents\\proyectoFisio\\app\\Views\\fisioterapeuta\\mostrar.php')
 3 SYSTEMPATH\View\View.php(229): CodeIgniter\View\View->CodeIgniter\View\{closure}()
 4 SYSTEMPATH\Common.php(1188): CodeIgniter\View\View->render('fisioterapeuta/mostrar', [], true)
 5 APPPATH\Controllers\Fisioterapeuta.php(15): view('fisioterapeuta/mostrar', [...])
 6 SYSTEMPATH\CodeIgniter.php(919): App\Controllers\Fisioterapeuta->mostrar()
 7 SYSTEMPATH\CodeIgniter.php(494): CodeIgniter\CodeIgniter->runController(Object(App\Controllers\Fisioterapeuta))
 8 SYSTEMPATH\CodeIgniter.php(353): CodeIgniter\CodeIgniter->handleRequest(null, Object(Config\Cache), false)
 9 FCPATH\index.php(79): CodeIgniter\CodeIgniter->run()
10 SYSTEMPATH\Commands\Server\rewrite.php(47): require_once('C:\\Users\\ED HER EST\\Documents\\proyectoFisio\\public\\index.php')
CRITICAL - 2023-11-21 19:17:40 --> Attempt to read property "nombre" on array
in APPPATH\Views\fisioterapeuta\mostrar.php on line 62.
 1 APPPATH\Views\fisioterapeuta\mostrar.php(62): CodeIgniter\Debug\Exceptions->errorHandler(2, 'Attempt to read property "nombre" on array', 'C:\\Users\\ED HER EST\\Documents\\proyectoFisio\\app\\Views\\fisioterapeuta\\mostrar.php', 62)
 2 SYSTEMPATH\View\View.php(226): include('C:\\Users\\ED HER EST\\Documents\\proyectoFisio\\app\\Views\\fisioterapeuta\\mostrar.php')
 3 SYSTEMPATH\View\View.php(229): CodeIgniter\View\View->CodeIgniter\View\{closure}()
 4 SYSTEMPATH\Common.php(1188): CodeIgniter\View\View->render('fisioterapeuta/mostrar', [], true)
 5 APPPATH\Controllers\Fisioterapeuta.php(15): view('fisioterapeuta/mostrar', [...])
 6 SYSTEMPATH\CodeIgniter.php(919): App\Controllers\Fisioterapeuta->mostrar()
 7 SYSTEMPATH\CodeIgniter.php(494): CodeIgniter\CodeIgniter->runController(Object(App\Controllers\Fisioterapeuta))
 8 SYSTEMPATH\CodeIgniter.php(353): CodeIgniter\CodeIgniter->handleRequest(null, Object(Config\Cache), false)
 9 FCPATH\index.php(79): CodeIgniter\CodeIgniter->run()
10 SYSTEMPATH\Commands\Server\rewrite.php(47): require_once('C:\\Users\\ED HER EST\\Documents\\proyectoFisio\\public\\index.php')
CRITICAL - 2023-11-21 19:19:51 --> Undefined variable $fisioterapeutas
in APPPATH\Views\fisioterapeuta\mostrar.php on line 60.
 1 APPPATH\Views\fisioterapeuta\mostrar.php(60): CodeIgniter\Debug\Exceptions->errorHandler(2, 'Undefined variable $fisioterapeutas', 'C:\\Users\\ED HER EST\\Documents\\proyectoFisio\\app\\Views\\fisioterapeuta\\mostrar.php', 60)
 2 SYSTEMPATH\View\View.php(226): include('C:\\Users\\ED HER EST\\Documents\\proyectoFisio\\app\\Views\\fisioterapeuta\\mostrar.php')
 3 SYSTEMPATH\View\View.php(229): CodeIgniter\View\View->CodeIgniter\View\{closure}()
 4 SYSTEMPATH\Common.php(1188): CodeIgniter\View\View->render('fisioterapeuta/mostrar', [], true)
 5 APPPATH\Controllers\Fisioterapeuta.php(21): view('fisioterapeuta/mostrar', [...])
 6 SYSTEMPATH\CodeIgniter.php(919): App\Controllers\Fisioterapeuta->mostrar()
 7 SYSTEMPATH\CodeIgniter.php(494): CodeIgniter\CodeIgniter->runController(Object(App\Controllers\Fisioterapeuta))
 8 SYSTEMPATH\CodeIgniter.php(353): CodeIgniter\CodeIgniter->handleRequest(null, Object(Config\Cache), false)
 9 FCPATH\index.php(79): CodeIgniter\CodeIgniter->run()
10 SYSTEMPATH\Commands\Server\rewrite.php(47): require_once('C:\\Users\\ED HER EST\\Documents\\proyectoFisio\\public\\index.php')
CRITICAL - 2023-11-21 19:26:41 --> Attempt to read property "nombre" on array
in APPPATH\Views\fisioterapeuta\mostrar.php on line 62.
 1 APPPATH\Views\fisioterapeuta\mostrar.php(62): CodeIgniter\Debug\Exceptions->errorHandler(2, 'Attempt to read property "nombre" on array', 'C:\\Users\\ED HER EST\\Documents\\proyectoFisio\\app\\Views\\fisioterapeuta\\mostrar.php', 62)
 2 SYSTEMPATH\View\View.php(226): include('C:\\Users\\ED HER EST\\Documents\\proyectoFisio\\app\\Views\\fisioterapeuta\\mostrar.php')
 3 SYSTEMPATH\View\View.php(229): CodeIgniter\View\View->CodeIgniter\View\{closure}()
 4 SYSTEMPATH\Common.php(1188): CodeIgniter\View\View->render('fisioterapeuta/mostrar', [], true)
 5 APPPATH\Controllers\Fisioterapeuta.php(21): view('fisioterapeuta/mostrar', [...])
 6 SYSTEMPATH\CodeIgniter.php(919): App\Controllers\Fisioterapeuta->mostrar()
 7 SYSTEMPATH\CodeIgniter.php(494): CodeIgniter\CodeIgniter->runController(Object(App\Controllers\Fisioterapeuta))
 8 SYSTEMPATH\CodeIgniter.php(353): CodeIgniter\CodeIgniter->handleRequest(null, Object(Config\Cache), false)
 9 FCPATH\index.php(79): CodeIgniter\CodeIgniter->run()
10 SYSTEMPATH\Commands\Server\rewrite.php(47): require_once('C:\\Users\\ED HER EST\\Documents\\proyectoFisio\\public\\index.php')
CRITICAL - 2023-11-21 19:28:33 --> Undefined variable $usuario
in APPPATH\Views\fisioterapeuta\editar.php on line 93.
 1 APPPATH\Views\fisioterapeuta\editar.php(93): CodeIgniter\Debug\Exceptions->errorHandler(2, 'Undefined variable $usuario', 'C:\\Users\\ED HER EST\\Documents\\proyectoFisio\\app\\Views\\fisioterapeuta\\editar.php', 93)
 2 SYSTEMPATH\View\View.php(226): include('C:\\Users\\ED HER EST\\Documents\\proyectoFisio\\app\\Views\\fisioterapeuta\\editar.php')
 3 SYSTEMPATH\View\View.php(229): CodeIgniter\View\View->CodeIgniter\View\{closure}()
 4 SYSTEMPATH\Common.php(1188): CodeIgniter\View\View->render('fisioterapeuta/editar', [], true)
 5 APPPATH\Controllers\Fisioterapeuta.php(63): view('fisioterapeuta/editar', [...])
 6 SYSTEMPATH\CodeIgniter.php(919): App\Controllers\Fisioterapeuta->editar('1')
 7 SYSTEMPATH\CodeIgniter.php(494): CodeIgniter\CodeIgniter->runController(Object(App\Controllers\Fisioterapeuta))
 8 SYSTEMPATH\CodeIgniter.php(353): CodeIgniter\CodeIgniter->handleRequest(null, Object(Config\Cache), false)
 9 FCPATH\index.php(79): CodeIgniter\CodeIgniter->run()
10 SYSTEMPATH\Commands\Server\rewrite.php(47): require_once('C:\\Users\\ED HER EST\\Documents\\proyectoFisio\\public\\index.php')
CRITICAL - 2023-11-21 19:43:28 --> Attempt to read property "nombre" on array
in APPPATH\Views\fisioterapeuta\buscar.php on line 115.
 1 APPPATH\Views\fisioterapeuta\buscar.php(115): CodeIgniter\Debug\Exceptions->errorHandler(2, 'Attempt to read property "nombre" on array', 'C:\\Users\\ED HER EST\\Documents\\proyectoFisio\\app\\Views\\fisioterapeuta\\buscar.php', 115)
 2 SYSTEMPATH\View\View.php(226): include('C:\\Users\\ED HER EST\\Documents\\proyectoFisio\\app\\Views\\fisioterapeuta\\buscar.php')
 3 SYSTEMPATH\View\View.php(229): CodeIgniter\View\View->CodeIgniter\View\{closure}()
 4 SYSTEMPATH\Common.php(1188): CodeIgniter\View\View->render('fisioterapeuta/buscar', [], true)
 5 APPPATH\Controllers\Fisioterapeuta.php(106): view('fisioterapeuta/buscar', [...])
 6 SYSTEMPATH\CodeIgniter.php(919): App\Controllers\Fisioterapeuta->buscar()
 7 SYSTEMPATH\CodeIgniter.php(494): CodeIgniter\CodeIgniter->runController(Object(App\Controllers\Fisioterapeuta))
 8 SYSTEMPATH\CodeIgniter.php(353): CodeIgniter\CodeIgniter->handleRequest(null, Object(Config\Cache), false)
 9 FCPATH\index.php(79): CodeIgniter\CodeIgniter->run()
10 SYSTEMPATH\Commands\Server\rewrite.php(47): require_once('C:\\Users\\ED HER EST\\Documents\\proyectoFisio\\public\\index.php')
CRITICAL - 2023-11-21 19:44:34 --> Undefined array key "email"
in APPPATH\Views\fisioterapeuta\buscar.php on line 116.
 1 APPPATH\Views\fisioterapeuta\buscar.php(116): CodeIgniter\Debug\Exceptions->errorHandler(2, 'Undefined array key "email"', 'C:\\Users\\ED HER EST\\Documents\\proyectoFisio\\app\\Views\\fisioterapeuta\\buscar.php', 116)
 2 SYSTEMPATH\View\View.php(226): include('C:\\Users\\ED HER EST\\Documents\\proyectoFisio\\app\\Views\\fisioterapeuta\\buscar.php')
 3 SYSTEMPATH\View\View.php(229): CodeIgniter\View\View->CodeIgniter\View\{closure}()
 4 SYSTEMPATH\Common.php(1188): CodeIgniter\View\View->render('fisioterapeuta/buscar', [], true)
 5 APPPATH\Controllers\Fisioterapeuta.php(106): view('fisioterapeuta/buscar', [...])
 6 SYSTEMPATH\CodeIgniter.php(919): App\Controllers\Fisioterapeuta->buscar()
 7 SYSTEMPATH\CodeIgniter.php(494): CodeIgniter\CodeIgniter->runController(Object(App\Controllers\Fisioterapeuta))
 8 SYSTEMPATH\CodeIgniter.php(353): CodeIgniter\CodeIgniter->handleRequest(null, Object(Config\Cache), false)
 9 FCPATH\index.php(79): CodeIgniter\CodeIgniter->run()
10 SYSTEMPATH\Commands\Server\rewrite.php(47): require_once('C:\\Users\\ED HER EST\\Documents\\proyectoFisio\\public\\index.php')
