CRITICAL - 2023-11-15 00:06:35 --> clinica is not a valid database connection group.
in SYSTEMPATH\Database\Config.php on line 69.
 1 SYSTEMPATH\Model.php(151): CodeIgniter\Database\Config::connect('clinica')
 2 SYSTEMPATH\Config\Factories.php(215): CodeIgniter\Model->__construct(null)
 3 SYSTEMPATH\Config\Factories.php(165): CodeIgniter\Config\Factories::createInstance('models', 'App\\Models\\UsuarioModel', [...])
 4 SYSTEMPATH\Common.php(827): CodeIgniter\Config\Factories::__callStatic('models', [...])
 5 APPPATH\Controllers\Usuario.php(25): model('UsuarioModel')
 6 SYSTEMPATH\CodeIgniter.php(919): App\Controllers\Usuario->mostrar()
 7 SYSTEMPATH\CodeIgniter.php(494): CodeIgniter\CodeIgniter->runController(Object(App\Controllers\Usuario))
 8 SYSTEMPATH\CodeIgniter.php(353): CodeIgniter\CodeIgniter->handleRequest(null, Object(Config\Cache), false)
 9 FCPATH\index.php(79): CodeIgniter\CodeIgniter->run()
10 SYSTEMPATH\Commands\Server\rewrite.php(47): require_once('C:\\Users\\ED HER EST\\Documents\\proyectoFisio\\public\\index.php')
CRITICAL - 2023-11-15 00:08:31 --> clinica is not a valid database connection group.
in SYSTEMPATH\Database\Config.php on line 69.
 1 SYSTEMPATH\Model.php(151): CodeIgniter\Database\Config::connect('clinica')
 2 SYSTEMPATH\Config\Factories.php(215): CodeIgniter\Model->__construct(null)
 3 SYSTEMPATH\Config\Factories.php(165): CodeIgniter\Config\Factories::createInstance('models', 'App\\Models\\UsuarioModel', [...])
 4 SYSTEMPATH\Common.php(827): CodeIgniter\Config\Factories::__callStatic('models', [...])
 5 APPPATH\Controllers\Usuario.php(25): model('UsuarioModel')
 6 SYSTEMPATH\CodeIgniter.php(919): App\Controllers\Usuario->mostrar()
 7 SYSTEMPATH\CodeIgniter.php(494): CodeIgniter\CodeIgniter->runController(Object(App\Controllers\Usuario))
 8 SYSTEMPATH\CodeIgniter.php(353): CodeIgniter\CodeIgniter->handleRequest(null, Object(Config\Cache), false)
 9 FCPATH\index.php(79): CodeIgniter\CodeIgniter->run()
10 SYSTEMPATH\Commands\Server\rewrite.php(47): require_once('C:\\Users\\ED HER EST\\Documents\\proyectoFisio\\public\\index.php')
CRITICAL - 2023-11-15 00:08:33 --> clinica is not a valid database connection group.
in SYSTEMPATH\Database\Config.php on line 69.
 1 SYSTEMPATH\Model.php(151): CodeIgniter\Database\Config::connect('clinica')
 2 SYSTEMPATH\Config\Factories.php(215): CodeIgniter\Model->__construct(null)
 3 SYSTEMPATH\Config\Factories.php(165): CodeIgniter\Config\Factories::createInstance('models', 'App\\Models\\UsuarioModel', [...])
 4 SYSTEMPATH\Common.php(827): CodeIgniter\Config\Factories::__callStatic('models', [...])
 5 APPPATH\Controllers\Usuario.php(25): model('UsuarioModel')
 6 SYSTEMPATH\CodeIgniter.php(919): App\Controllers\Usuario->mostrar()
 7 SYSTEMPATH\CodeIgniter.php(494): CodeIgniter\CodeIgniter->runController(Object(App\Controllers\Usuario))
 8 SYSTEMPATH\CodeIgniter.php(353): CodeIgniter\CodeIgniter->handleRequest(null, Object(Config\Cache), false)
 9 FCPATH\index.php(79): CodeIgniter\CodeIgniter->run()
10 SYSTEMPATH\Commands\Server\rewrite.php(47): require_once('C:\\Users\\ED HER EST\\Documents\\proyectoFisio\\public\\index.php')
CRITICAL - 2023-11-15 00:09:15 --> clinica is not a valid database connection group.
in SYSTEMPATH\Database\Config.php on line 69.
 1 SYSTEMPATH\Model.php(151): CodeIgniter\Database\Config::connect('clinica')
 2 SYSTEMPATH\Config\Factories.php(215): CodeIgniter\Model->__construct(null)
 3 SYSTEMPATH\Config\Factories.php(165): CodeIgniter\Config\Factories::createInstance('models', 'App\\Models\\UsuarioModel', [...])
 4 SYSTEMPATH\Common.php(827): CodeIgniter\Config\Factories::__callStatic('models', [...])
 5 APPPATH\Controllers\Usuario.php(25): model('UsuarioModel')
 6 SYSTEMPATH\CodeIgniter.php(919): App\Controllers\Usuario->mostrar()
 7 SYSTEMPATH\CodeIgniter.php(494): CodeIgniter\CodeIgniter->runController(Object(App\Controllers\Usuario))
 8 SYSTEMPATH\CodeIgniter.php(353): CodeIgniter\CodeIgniter->handleRequest(null, Object(Config\Cache), false)
 9 FCPATH\index.php(79): CodeIgniter\CodeIgniter->run()
10 SYSTEMPATH\Commands\Server\rewrite.php(47): require_once('C:\\Users\\ED HER EST\\Documents\\proyectoFisio\\public\\index.php')
CRITICAL - 2023-11-15 00:10:22 --> clinica is not a valid database connection group.
in SYSTEMPATH\Database\Config.php on line 69.
 1 SYSTEMPATH\Model.php(151): CodeIgniter\Database\Config::connect('clinica')
 2 SYSTEMPATH\Config\Factories.php(215): CodeIgniter\Model->__construct(null)
 3 SYSTEMPATH\Config\Factories.php(165): CodeIgniter\Config\Factories::createInstance('models', 'App\\Models\\UsuarioModel', [...])
 4 SYSTEMPATH\Common.php(827): CodeIgniter\Config\Factories::__callStatic('models', [...])
 5 APPPATH\Controllers\Usuario.php(25): model('UsuarioModel')
 6 SYSTEMPATH\CodeIgniter.php(919): App\Controllers\Usuario->mostrar()
 7 SYSTEMPATH\CodeIgniter.php(494): CodeIgniter\CodeIgniter->runController(Object(App\Controllers\Usuario))
 8 SYSTEMPATH\CodeIgniter.php(353): CodeIgniter\CodeIgniter->handleRequest(null, Object(Config\Cache), false)
 9 FCPATH\index.php(79): CodeIgniter\CodeIgniter->run()
10 SYSTEMPATH\Commands\Server\rewrite.php(47): require_once('C:\\Users\\ED HER EST\\Documents\\proyectoFisio\\public\\index.php')
CRITICAL - 2023-11-15 00:14:08 --> clinica is not a valid database connection group.
in SYSTEMPATH\Database\Config.php on line 69.
 1 SYSTEMPATH\Model.php(151): CodeIgniter\Database\Config::connect('clinica')
 2 SYSTEMPATH\Config\Factories.php(215): CodeIgniter\Model->__construct(null)
 3 SYSTEMPATH\Config\Factories.php(165): CodeIgniter\Config\Factories::createInstance('models', 'App\\Models\\UsuarioModel', [...])
 4 SYSTEMPATH\Common.php(827): CodeIgniter\Config\Factories::__callStatic('models', [...])
 5 APPPATH\Controllers\Usuario.php(25): model('UsuarioModel')
 6 SYSTEMPATH\CodeIgniter.php(919): App\Controllers\Usuario->mostrar()
 7 SYSTEMPATH\CodeIgniter.php(494): CodeIgniter\CodeIgniter->runController(Object(App\Controllers\Usuario))
 8 SYSTEMPATH\CodeIgniter.php(353): CodeIgniter\CodeIgniter->handleRequest(null, Object(Config\Cache), false)
 9 FCPATH\index.php(79): CodeIgniter\CodeIgniter->run()
10 SYSTEMPATH\Commands\Server\rewrite.php(47): require_once('C:\\Users\\ED HER EST\\Documents\\proyectoFisio\\public\\index.php')
CRITICAL - 2023-11-15 00:15:30 --> clinica is not a valid database connection group.
in SYSTEMPATH\Database\Config.php on line 69.
 1 SYSTEMPATH\Model.php(151): CodeIgniter\Database\Config::connect('clinica')
 2 SYSTEMPATH\Config\Factories.php(215): CodeIgniter\Model->__construct(null)
 3 SYSTEMPATH\Config\Factories.php(165): CodeIgniter\Config\Factories::createInstance('models', 'App\\Models\\UsuarioModel', [...])
 4 SYSTEMPATH\Common.php(827): CodeIgniter\Config\Factories::__callStatic('models', [...])
 5 APPPATH\Controllers\Usuario.php(25): model('UsuarioModel')
 6 SYSTEMPATH\CodeIgniter.php(919): App\Controllers\Usuario->mostrar()
 7 SYSTEMPATH\CodeIgniter.php(494): CodeIgniter\CodeIgniter->runController(Object(App\Controllers\Usuario))
 8 SYSTEMPATH\CodeIgniter.php(353): CodeIgniter\CodeIgniter->handleRequest(null, Object(Config\Cache), false)
 9 FCPATH\index.php(79): CodeIgniter\CodeIgniter->run()
10 SYSTEMPATH\Commands\Server\rewrite.php(47): require_once('C:\\Users\\ED HER EST\\Documents\\proyectoFisio\\public\\index.php')
CRITICAL - 2023-11-15 00:15:31 --> clinica is not a valid database connection group.
in SYSTEMPATH\Database\Config.php on line 69.
 1 SYSTEMPATH\Model.php(151): CodeIgniter\Database\Config::connect('clinica')
 2 SYSTEMPATH\Config\Factories.php(215): CodeIgniter\Model->__construct(null)
 3 SYSTEMPATH\Config\Factories.php(165): CodeIgniter\Config\Factories::createInstance('models', 'App\\Models\\UsuarioModel', [...])
 4 SYSTEMPATH\Common.php(827): CodeIgniter\Config\Factories::__callStatic('models', [...])
 5 APPPATH\Controllers\Usuario.php(25): model('UsuarioModel')
 6 SYSTEMPATH\CodeIgniter.php(919): App\Controllers\Usuario->mostrar()
 7 SYSTEMPATH\CodeIgniter.php(494): CodeIgniter\CodeIgniter->runController(Object(App\Controllers\Usuario))
 8 SYSTEMPATH\CodeIgniter.php(353): CodeIgniter\CodeIgniter->handleRequest(null, Object(Config\Cache), false)
 9 FCPATH\index.php(79): CodeIgniter\CodeIgniter->run()
10 SYSTEMPATH\Commands\Server\rewrite.php(47): require_once('C:\\Users\\ED HER EST\\Documents\\proyectoFisio\\public\\index.php')
CRITICAL - 2023-11-15 00:16:36 --> clinica is not a valid database connection group.
in SYSTEMPATH\Database\Config.php on line 69.
 1 SYSTEMPATH\Model.php(151): CodeIgniter\Database\Config::connect('clinica')
 2 SYSTEMPATH\Config\Factories.php(215): CodeIgniter\Model->__construct(null)
 3 SYSTEMPATH\Config\Factories.php(165): CodeIgniter\Config\Factories::createInstance('models', 'App\\Models\\UsuarioModel', [...])
 4 SYSTEMPATH\Common.php(827): CodeIgniter\Config\Factories::__callStatic('models', [...])
 5 APPPATH\Controllers\Usuario.php(25): model('UsuarioModel')
 6 SYSTEMPATH\CodeIgniter.php(919): App\Controllers\Usuario->mostrar()
 7 SYSTEMPATH\CodeIgniter.php(494): CodeIgniter\CodeIgniter->runController(Object(App\Controllers\Usuario))
 8 SYSTEMPATH\CodeIgniter.php(353): CodeIgniter\CodeIgniter->handleRequest(null, Object(Config\Cache), false)
 9 FCPATH\index.php(79): CodeIgniter\CodeIgniter->run()
10 SYSTEMPATH\Commands\Server\rewrite.php(47): require_once('C:\\Users\\ED HER EST\\Documents\\proyectoFisio\\public\\index.php')
CRITICAL - 2023-11-15 00:19:44 --> clinica is not a valid database connection group.
in SYSTEMPATH\Database\Config.php on line 69.
 1 SYSTEMPATH\Model.php(151): CodeIgniter\Database\Config::connect('clinica')
 2 SYSTEMPATH\Config\Factories.php(215): CodeIgniter\Model->__construct(null)
 3 SYSTEMPATH\Config\Factories.php(165): CodeIgniter\Config\Factories::createInstance('models', 'App\\Models\\UsuarioModel', [...])
 4 SYSTEMPATH\Common.php(827): CodeIgniter\Config\Factories::__callStatic('models', [...])
 5 APPPATH\Controllers\Usuario.php(27): model('UsuarioModel')
 6 SYSTEMPATH\CodeIgniter.php(919): App\Controllers\Usuario->mostrar()
 7 SYSTEMPATH\CodeIgniter.php(494): CodeIgniter\CodeIgniter->runController(Object(App\Controllers\Usuario))
 8 SYSTEMPATH\CodeIgniter.php(353): CodeIgniter\CodeIgniter->handleRequest(null, Object(Config\Cache), false)
 9 FCPATH\index.php(79): CodeIgniter\CodeIgniter->run()
10 SYSTEMPATH\Commands\Server\rewrite.php(47): require_once('C:\\Users\\ED HER EST\\Documents\\proyectoFisio\\public\\index.php')
CRITICAL - 2023-11-15 00:21:58 --> clinica is not a valid database connection group.
in SYSTEMPATH\Database\Config.php on line 69.
 1 SYSTEMPATH\Model.php(151): CodeIgniter\Database\Config::connect('clinica')
 2 SYSTEMPATH\Config\Factories.php(215): CodeIgniter\Model->__construct(null)
 3 SYSTEMPATH\Config\Factories.php(165): CodeIgniter\Config\Factories::createInstance('models', 'App\\Models\\UsuarioModel', [...])
 4 SYSTEMPATH\Common.php(827): CodeIgniter\Config\Factories::__callStatic('models', [...])
 5 APPPATH\Controllers\Usuario.php(27): model('UsuarioModel')
 6 SYSTEMPATH\CodeIgniter.php(919): App\Controllers\Usuario->mostrar()
 7 SYSTEMPATH\CodeIgniter.php(494): CodeIgniter\CodeIgniter->runController(Object(App\Controllers\Usuario))
 8 SYSTEMPATH\CodeIgniter.php(353): CodeIgniter\CodeIgniter->handleRequest(null, Object(Config\Cache), false)
 9 FCPATH\index.php(79): CodeIgniter\CodeIgniter->run()
10 SYSTEMPATH\Commands\Server\rewrite.php(47): require_once('C:\\Users\\ED HER EST\\Documents\\proyectoFisio\\public\\index.php')
CRITICAL - 2023-11-15 00:22:00 --> clinica is not a valid database connection group.
in SYSTEMPATH\Database\Config.php on line 69.
 1 SYSTEMPATH\Model.php(151): CodeIgniter\Database\Config::connect('clinica')
 2 SYSTEMPATH\Config\Factories.php(215): CodeIgniter\Model->__construct(null)
 3 SYSTEMPATH\Config\Factories.php(165): CodeIgniter\Config\Factories::createInstance('models', 'App\\Models\\UsuarioModel', [...])
 4 SYSTEMPATH\Common.php(827): CodeIgniter\Config\Factories::__callStatic('models', [...])
 5 APPPATH\Controllers\Usuario.php(27): model('UsuarioModel')
 6 SYSTEMPATH\CodeIgniter.php(919): App\Controllers\Usuario->mostrar()
 7 SYSTEMPATH\CodeIgniter.php(494): CodeIgniter\CodeIgniter->runController(Object(App\Controllers\Usuario))
 8 SYSTEMPATH\CodeIgniter.php(353): CodeIgniter\CodeIgniter->handleRequest(null, Object(Config\Cache), false)
 9 FCPATH\index.php(79): CodeIgniter\CodeIgniter->run()
10 SYSTEMPATH\Commands\Server\rewrite.php(47): require_once('C:\\Users\\ED HER EST\\Documents\\proyectoFisio\\public\\index.php')
CRITICAL - 2023-11-15 00:23:06 --> clinica is not a valid database connection group.
in SYSTEMPATH\Database\Config.php on line 69.
 1 SYSTEMPATH\Model.php(151): CodeIgniter\Database\Config::connect('clinica')
 2 SYSTEMPATH\Config\Factories.php(215): CodeIgniter\Model->__construct(null)
 3 SYSTEMPATH\Config\Factories.php(165): CodeIgniter\Config\Factories::createInstance('models', 'App\\Models\\UsuarioModel', [...])
 4 SYSTEMPATH\Common.php(827): CodeIgniter\Config\Factories::__callStatic('models', [...])
 5 APPPATH\Controllers\Usuario.php(27): model('UsuarioModel')
 6 SYSTEMPATH\CodeIgniter.php(919): App\Controllers\Usuario->mostrar()
 7 SYSTEMPATH\CodeIgniter.php(494): CodeIgniter\CodeIgniter->runController(Object(App\Controllers\Usuario))
 8 SYSTEMPATH\CodeIgniter.php(353): CodeIgniter\CodeIgniter->handleRequest(null, Object(Config\Cache), false)
 9 FCPATH\index.php(79): CodeIgniter\CodeIgniter->run()
10 SYSTEMPATH\Commands\Server\rewrite.php(47): require_once('C:\\Users\\ED HER EST\\Documents\\proyectoFisio\\public\\index.php')
CRITICAL - 2023-11-15 00:24:09 --> clinica is not a valid database connection group.
in SYSTEMPATH\Database\Config.php on line 69.
 1 SYSTEMPATH\Model.php(151): CodeIgniter\Database\Config::connect('clinica')
 2 SYSTEMPATH\Config\Factories.php(215): CodeIgniter\Model->__construct(null)
 3 SYSTEMPATH\Config\Factories.php(165): CodeIgniter\Config\Factories::createInstance('models', 'App\\Models\\UsuarioModel', [...])
 4 SYSTEMPATH\Common.php(827): CodeIgniter\Config\Factories::__callStatic('models', [...])
 5 APPPATH\Controllers\Usuario.php(27): model('UsuarioModel')
 6 SYSTEMPATH\CodeIgniter.php(919): App\Controllers\Usuario->mostrar()
 7 SYSTEMPATH\CodeIgniter.php(494): CodeIgniter\CodeIgniter->runController(Object(App\Controllers\Usuario))
 8 SYSTEMPATH\CodeIgniter.php(353): CodeIgniter\CodeIgniter->handleRequest(null, Object(Config\Cache), false)
 9 FCPATH\index.php(79): CodeIgniter\CodeIgniter->run()
10 SYSTEMPATH\Commands\Server\rewrite.php(47): require_once('C:\\Users\\ED HER EST\\Documents\\proyectoFisio\\public\\index.php')
CRITICAL - 2023-11-15 00:28:37 --> clinica is not a valid database connection group.
in SYSTEMPATH\Database\Config.php on line 69.
 1 SYSTEMPATH\Model.php(151): CodeIgniter\Database\Config::connect('clinica')
 2 SYSTEMPATH\Config\Factories.php(215): CodeIgniter\Model->__construct(null)
 3 SYSTEMPATH\Config\Factories.php(165): CodeIgniter\Config\Factories::createInstance('models', 'App\\Models\\UsuarioModel', [...])
 4 SYSTEMPATH\Common.php(827): CodeIgniter\Config\Factories::__callStatic('models', [...])
 5 APPPATH\Controllers\Usuario.php(27): model('UsuarioModel')
 6 SYSTEMPATH\CodeIgniter.php(919): App\Controllers\Usuario->mostrar()
 7 SYSTEMPATH\CodeIgniter.php(494): CodeIgniter\CodeIgniter->runController(Object(App\Controllers\Usuario))
 8 SYSTEMPATH\CodeIgniter.php(353): CodeIgniter\CodeIgniter->handleRequest(null, Object(Config\Cache), false)
 9 FCPATH\index.php(79): CodeIgniter\CodeIgniter->run()
10 SYSTEMPATH\Commands\Server\rewrite.php(47): require_once('C:\\Users\\ED HER EST\\Documents\\proyectoFisio\\public\\index.php')
CRITICAL - 2023-11-15 00:29:41 --> clinica is not a valid database connection group.
in SYSTEMPATH\Database\Config.php on line 69.
 1 SYSTEMPATH\Model.php(151): CodeIgniter\Database\Config::connect('clinica')
 2 SYSTEMPATH\Config\Factories.php(215): CodeIgniter\Model->__construct(null)
 3 SYSTEMPATH\Config\Factories.php(165): CodeIgniter\Config\Factories::createInstance('models', 'App\\Models\\UsuarioModel', [...])
 4 SYSTEMPATH\Common.php(827): CodeIgniter\Config\Factories::__callStatic('models', [...])
 5 APPPATH\Controllers\Usuario.php(27): model('UsuarioModel')
 6 SYSTEMPATH\CodeIgniter.php(919): App\Controllers\Usuario->mostrar()
 7 SYSTEMPATH\CodeIgniter.php(494): CodeIgniter\CodeIgniter->runController(Object(App\Controllers\Usuario))
 8 SYSTEMPATH\CodeIgniter.php(353): CodeIgniter\CodeIgniter->handleRequest(null, Object(Config\Cache), false)
 9 FCPATH\index.php(79): CodeIgniter\CodeIgniter->run()
10 SYSTEMPATH\Commands\Server\rewrite.php(47): require_once('C:\\Users\\ED HER EST\\Documents\\proyectoFisio\\public\\index.php')
CRITICAL - 2023-11-15 00:39:40 --> clinica is not a valid database connection group.
in SYSTEMPATH\Database\Config.php on line 69.
 1 SYSTEMPATH\Model.php(151): CodeIgniter\Database\Config::connect('clinica')
 2 SYSTEMPATH\Config\Factories.php(215): CodeIgniter\Model->__construct(null)
 3 SYSTEMPATH\Config\Factories.php(165): CodeIgniter\Config\Factories::createInstance('models', 'App\\Models\\UsuarioModel', [...])
 4 SYSTEMPATH\Common.php(827): CodeIgniter\Config\Factories::__callStatic('models', [...])
 5 APPPATH\Controllers\Usuario.php(27): model('UsuarioModel')
 6 SYSTEMPATH\CodeIgniter.php(919): App\Controllers\Usuario->mostrar()
 7 SYSTEMPATH\CodeIgniter.php(494): CodeIgniter\CodeIgniter->runController(Object(App\Controllers\Usuario))
 8 SYSTEMPATH\CodeIgniter.php(353): CodeIgniter\CodeIgniter->handleRequest(null, Object(Config\Cache), false)
 9 FCPATH\index.php(79): CodeIgniter\CodeIgniter->run()
10 SYSTEMPATH\Commands\Server\rewrite.php(47): require_once('C:\\Users\\ED HER EST\\Documents\\proyectoFisio\\public\\index.php')
CRITICAL - 2023-11-15 00:42:31 --> clinica is not a valid database connection group.
in SYSTEMPATH\Database\Config.php on line 69.
 1 SYSTEMPATH\Model.php(151): CodeIgniter\Database\Config::connect('clinica')
 2 SYSTEMPATH\Config\Factories.php(215): CodeIgniter\Model->__construct(null)
 3 SYSTEMPATH\Config\Factories.php(165): CodeIgniter\Config\Factories::createInstance('models', 'App\\Models\\UsuarioModel', [...])
 4 SYSTEMPATH\Common.php(827): CodeIgniter\Config\Factories::__callStatic('models', [...])
 5 APPPATH\Controllers\Usuario.php(27): model('UsuarioModel')
 6 SYSTEMPATH\CodeIgniter.php(919): App\Controllers\Usuario->mostrar()
 7 SYSTEMPATH\CodeIgniter.php(494): CodeIgniter\CodeIgniter->runController(Object(App\Controllers\Usuario))
 8 SYSTEMPATH\CodeIgniter.php(353): CodeIgniter\CodeIgniter->handleRequest(null, Object(Config\Cache), false)
 9 FCPATH\index.php(79): CodeIgniter\CodeIgniter->run()
10 SYSTEMPATH\Commands\Server\rewrite.php(47): require_once('C:\\Users\\ED HER EST\\Documents\\proyectoFisio\\public\\index.php')
CRITICAL - 2023-11-15 01:47:20 --> Call to a member function findAll() on null
in APPPATH\Controllers\Usuario.php on line 28.
 1 SYSTEMPATH\CodeIgniter.php(919): App\Controllers\Usuario->mostrar()
 2 SYSTEMPATH\CodeIgniter.php(494): CodeIgniter\CodeIgniter->runController(Object(App\Controllers\Usuario))
 3 SYSTEMPATH\CodeIgniter.php(353): CodeIgniter\CodeIgniter->handleRequest(null, Object(Config\Cache), false)
 4 FCPATH\index.php(79): CodeIgniter\CodeIgniter->run()
 5 SYSTEMPATH\Commands\Server\rewrite.php(47): require_once('C:\\Users\\ED HER EST\\Documents\\proyectoFisio\\public\\index.php')
CRITICAL - 2023-11-15 02:12:37 --> Call to a member function findAll() on null
in APPPATH\Controllers\UserController.php on line 62.
 1 SYSTEMPATH\CodeIgniter.php(919): App\Controllers\UserController->mostrar()
 2 SYSTEMPATH\CodeIgniter.php(494): CodeIgniter\CodeIgniter->runController(Object(App\Controllers\UserController))
 3 SYSTEMPATH\CodeIgniter.php(353): CodeIgniter\CodeIgniter->handleRequest(null, Object(Config\Cache), false)
 4 FCPATH\index.php(79): CodeIgniter\CodeIgniter->run()
 5 SYSTEMPATH\Commands\Server\rewrite.php(47): require_once('C:\\Users\\ED HER EST\\Documents\\proyectoFisio\\public\\index.php')
CRITICAL - 2023-11-15 02:13:58 --> Call to a member function findAll() on null
in APPPATH\Controllers\UserController.php on line 62.
 1 SYSTEMPATH\CodeIgniter.php(919): App\Controllers\UserController->mostrar()
 2 SYSTEMPATH\CodeIgniter.php(494): CodeIgniter\CodeIgniter->runController(Object(App\Controllers\UserController))
 3 SYSTEMPATH\CodeIgniter.php(353): CodeIgniter\CodeIgniter->handleRequest(null, Object(Config\Cache), false)
 4 FCPATH\index.php(79): CodeIgniter\CodeIgniter->run()
 5 SYSTEMPATH\Commands\Server\rewrite.php(47): require_once('C:\\Users\\ED HER EST\\Documents\\proyectoFisio\\public\\index.php')
CRITICAL - 2023-11-15 02:14:17 --> Call to a member function findAll() on null
in APPPATH\Controllers\UserController.php on line 62.
 1 SYSTEMPATH\CodeIgniter.php(919): App\Controllers\UserController->mostrar()
 2 SYSTEMPATH\CodeIgniter.php(494): CodeIgniter\CodeIgniter->runController(Object(App\Controllers\UserController))
 3 SYSTEMPATH\CodeIgniter.php(353): CodeIgniter\CodeIgniter->handleRequest(null, Object(Config\Cache), false)
 4 FCPATH\index.php(79): CodeIgniter\CodeIgniter->run()
 5 SYSTEMPATH\Commands\Server\rewrite.php(47): require_once('C:\\Users\\ED HER EST\\Documents\\proyectoFisio\\public\\index.php')
CRITICAL - 2023-11-15 02:14:26 --> Call to a member function findAll() on null
in APPPATH\Controllers\UserController.php on line 62.
 1 SYSTEMPATH\CodeIgniter.php(919): App\Controllers\UserController->mostrar()
 2 SYSTEMPATH\CodeIgniter.php(494): CodeIgniter\CodeIgniter->runController(Object(App\Controllers\UserController))
 3 SYSTEMPATH\CodeIgniter.php(353): CodeIgniter\CodeIgniter->handleRequest(null, Object(Config\Cache), false)
 4 FCPATH\index.php(79): CodeIgniter\CodeIgniter->run()
 5 SYSTEMPATH\Commands\Server\rewrite.php(47): require_once('C:\\Users\\ED HER EST\\Documents\\proyectoFisio\\public\\index.php')
CRITICAL - 2023-11-15 02:14:35 --> Call to a member function findAll() on null
in APPPATH\Controllers\UserController.php on line 62.
 1 SYSTEMPATH\CodeIgniter.php(919): App\Controllers\UserController->mostrar()
 2 SYSTEMPATH\CodeIgniter.php(494): CodeIgniter\CodeIgniter->runController(Object(App\Controllers\UserController))
 3 SYSTEMPATH\CodeIgniter.php(353): CodeIgniter\CodeIgniter->handleRequest(null, Object(Config\Cache), false)
 4 FCPATH\index.php(79): CodeIgniter\CodeIgniter->run()
 5 SYSTEMPATH\Commands\Server\rewrite.php(47): require_once('C:\\Users\\ED HER EST\\Documents\\proyectoFisio\\public\\index.php')
CRITICAL - 2023-11-15 02:14:54 --> Call to a member function findAll() on null
in APPPATH\Controllers\UserController.php on line 62.
 1 SYSTEMPATH\CodeIgniter.php(919): App\Controllers\UserController->mostrar()
 2 SYSTEMPATH\CodeIgniter.php(494): CodeIgniter\CodeIgniter->runController(Object(App\Controllers\UserController))
 3 SYSTEMPATH\CodeIgniter.php(353): CodeIgniter\CodeIgniter->handleRequest(null, Object(Config\Cache), false)
 4 FCPATH\index.php(79): CodeIgniter\CodeIgniter->run()
 5 SYSTEMPATH\Commands\Server\rewrite.php(47): require_once('C:\\Users\\ED HER EST\\Documents\\proyectoFisio\\public\\index.php')
CRITICAL - 2023-11-15 02:15:50 --> Call to a member function findAll() on null
in APPPATH\Controllers\UserController.php on line 62.
 1 SYSTEMPATH\CodeIgniter.php(919): App\Controllers\UserController->mostrar()
 2 SYSTEMPATH\CodeIgniter.php(494): CodeIgniter\CodeIgniter->runController(Object(App\Controllers\UserController))
 3 SYSTEMPATH\CodeIgniter.php(353): CodeIgniter\CodeIgniter->handleRequest(null, Object(Config\Cache), false)
 4 FCPATH\index.php(79): CodeIgniter\CodeIgniter->run()
 5 SYSTEMPATH\Commands\Server\rewrite.php(47): require_once('C:\\Users\\ED HER EST\\Documents\\proyectoFisio\\public\\index.php')
CRITICAL - 2023-11-15 02:17:09 --> Call to a member function findAll() on null
in APPPATH\Controllers\UserController.php on line 62.
 1 SYSTEMPATH\CodeIgniter.php(919): App\Controllers\UserController->mostrar()
 2 SYSTEMPATH\CodeIgniter.php(494): CodeIgniter\CodeIgniter->runController(Object(App\Controllers\UserController))
 3 SYSTEMPATH\CodeIgniter.php(353): CodeIgniter\CodeIgniter->handleRequest(null, Object(Config\Cache), false)
 4 FCPATH\index.php(79): CodeIgniter\CodeIgniter->run()
 5 SYSTEMPATH\Commands\Server\rewrite.php(47): require_once('C:\\Users\\ED HER EST\\Documents\\proyectoFisio\\public\\index.php')
CRITICAL - 2023-11-15 02:17:40 --> Call to a member function findAll() on null
in APPPATH\Controllers\UserController.php on line 62.
 1 SYSTEMPATH\CodeIgniter.php(919): App\Controllers\UserController->mostrar()
 2 SYSTEMPATH\CodeIgniter.php(494): CodeIgniter\CodeIgniter->runController(Object(App\Controllers\UserController))
 3 SYSTEMPATH\CodeIgniter.php(353): CodeIgniter\CodeIgniter->handleRequest(null, Object(Config\Cache), false)
 4 FCPATH\index.php(79): CodeIgniter\CodeIgniter->run()
 5 SYSTEMPATH\Commands\Server\rewrite.php(47): require_once('C:\\Users\\ED HER EST\\Documents\\proyectoFisio\\public\\index.php')
CRITICAL - 2023-11-15 02:19:04 --> Call to a member function findAll() on null
in APPPATH\Controllers\UserController.php on line 62.
 1 SYSTEMPATH\CodeIgniter.php(919): App\Controllers\UserController->mostrar()
 2 SYSTEMPATH\CodeIgniter.php(494): CodeIgniter\CodeIgniter->runController(Object(App\Controllers\UserController))
 3 SYSTEMPATH\CodeIgniter.php(353): CodeIgniter\CodeIgniter->handleRequest(null, Object(Config\Cache), false)
 4 FCPATH\index.php(79): CodeIgniter\CodeIgniter->run()
 5 SYSTEMPATH\Commands\Server\rewrite.php(47): require_once('C:\\Users\\ED HER EST\\Documents\\proyectoFisio\\public\\index.php')
ERROR - 2023-11-15 02:19:29 --> mysqli_sql_exception: Table 'clinica.usuarios' doesn't exist in C:\Users\ED HER EST\Documents\proyectoFisio\system\Database\MySQLi\Connection.php:306
Stack trace:
#0 C:\Users\ED HER EST\Documents\proyectoFisio\system\Database\MySQLi\Connection.php(306): mysqli->query('SELECT *\nFROM `...', 0)
#1 C:\Users\ED HER EST\Documents\proyectoFisio\system\Database\BaseConnection.php(692): CodeIgniter\Database\MySQLi\Connection->execute('SELECT *\nFROM `...')
#2 C:\Users\ED HER EST\Documents\proyectoFisio\system\Database\BaseConnection.php(606): CodeIgniter\Database\BaseConnection->simpleQuery('SELECT *\nFROM `...')
#3 C:\Users\ED HER EST\Documents\proyectoFisio\system\Database\BaseBuilder.php(1615): CodeIgniter\Database\BaseConnection->query('SELECT *\nFROM `...', Array, false)
#4 C:\Users\ED HER EST\Documents\proyectoFisio\system\Model.php(237): CodeIgniter\Database\BaseBuilder->get()
#5 C:\Users\ED HER EST\Documents\proyectoFisio\system\BaseModel.php(624): CodeIgniter\Model->doFindAll(0, 0)
#6 C:\Users\ED HER EST\Documents\proyectoFisio\app\Controllers\UserController.php(62): CodeIgniter\BaseModel->findAll()
#7 C:\Users\ED HER EST\Documents\proyectoFisio\system\CodeIgniter.php(919): App\Controllers\UserController->mostrar()
#8 C:\Users\ED HER EST\Documents\proyectoFisio\system\CodeIgniter.php(494): CodeIgniter\CodeIgniter->runController(Object(App\Controllers\UserController))
#9 C:\Users\ED HER EST\Documents\proyectoFisio\system\CodeIgniter.php(353): CodeIgniter\CodeIgniter->handleRequest(NULL, Object(Config\Cache), false)
#10 C:\Users\ED HER EST\Documents\proyectoFisio\public\index.php(79): CodeIgniter\CodeIgniter->run()
#11 C:\Users\ED HER EST\Documents\proyectoFisio\system\Commands\Server\rewrite.php(47): require_once('C:\\Users\\ED HER...')
#12 {main}
CRITICAL - 2023-11-15 02:19:29 --> Table 'clinica.usuarios' doesn't exist
in SYSTEMPATH\Database\BaseConnection.php on line 646.
 1 SYSTEMPATH\Database\BaseBuilder.php(1615): CodeIgniter\Database\BaseConnection->query('SELECT *
FROM `Usuarios`', [], false)
 2 SYSTEMPATH\Model.php(237): CodeIgniter\Database\BaseBuilder->get()
 3 SYSTEMPATH\BaseModel.php(624): CodeIgniter\Model->doFindAll(0, 0)
 4 APPPATH\Controllers\UserController.php(62): CodeIgniter\BaseModel->findAll()
 5 SYSTEMPATH\CodeIgniter.php(919): App\Controllers\UserController->mostrar()
 6 SYSTEMPATH\CodeIgniter.php(494): CodeIgniter\CodeIgniter->runController(Object(App\Controllers\UserController))
 7 SYSTEMPATH\CodeIgniter.php(353): CodeIgniter\CodeIgniter->handleRequest(null, Object(Config\Cache), false)
 8 FCPATH\index.php(79): CodeIgniter\CodeIgniter->run()
 9 SYSTEMPATH\Commands\Server\rewrite.php(47): require_once('C:\\Users\\ED HER EST\\Documents\\proyectoFisio\\public\\index.php')
CRITICAL - 2023-11-15 02:21:52 --> Undefined property: stdClass::$nombreUsuario
in APPPATH\Views\usuario\mostrar.php on line 22.
 1 APPPATH\Views\usuario\mostrar.php(22): CodeIgniter\Debug\Exceptions->errorHandler(2, 'Undefined property: stdClass::$nombreUsuario', 'C:\\Users\\ED HER EST\\Documents\\proyectoFisio\\app\\Views\\usuario\\mostrar.php', 22)
 2 SYSTEMPATH\View\View.php(226): include('C:\\Users\\ED HER EST\\Documents\\proyectoFisio\\app\\Views\\usuario\\mostrar.php')
 3 SYSTEMPATH\View\View.php(229): CodeIgniter\View\View->CodeIgniter\View\{closure}()
 4 SYSTEMPATH\Common.php(1188): CodeIgniter\View\View->render('usuario/mostrar', [], true)
 5 APPPATH\Controllers\UserController.php(66): view('usuario/mostrar', [...])
 6 SYSTEMPATH\CodeIgniter.php(919): App\Controllers\UserController->mostrar()
 7 SYSTEMPATH\CodeIgniter.php(494): CodeIgniter\CodeIgniter->runController(Object(App\Controllers\UserController))
 8 SYSTEMPATH\CodeIgniter.php(353): CodeIgniter\CodeIgniter->handleRequest(null, Object(Config\Cache), false)
 9 FCPATH\index.php(79): CodeIgniter\CodeIgniter->run()
10 SYSTEMPATH\Commands\Server\rewrite.php(47): require_once('C:\\Users\\ED HER EST\\Documents\\proyectoFisio\\public\\index.php')
CRITICAL - 2023-11-15 02:22:43 --> Undefined variable $usuario
in APPPATH\Views\usuario\mostrar.php on line 17.
 1 APPPATH\Views\usuario\mostrar.php(17): CodeIgniter\Debug\Exceptions->errorHandler(2, 'Undefined variable $usuario', 'C:\\Users\\ED HER EST\\Documents\\proyectoFisio\\app\\Views\\usuario\\mostrar.php', 17)
 2 SYSTEMPATH\View\View.php(226): include('C:\\Users\\ED HER EST\\Documents\\proyectoFisio\\app\\Views\\usuario\\mostrar.php')
 3 SYSTEMPATH\View\View.php(229): CodeIgniter\View\View->CodeIgniter\View\{closure}()
 4 SYSTEMPATH\Common.php(1188): CodeIgniter\View\View->render('usuario/mostrar', [], true)
 5 APPPATH\Controllers\UserController.php(66): view('usuario/mostrar', [...])
 6 SYSTEMPATH\CodeIgniter.php(919): App\Controllers\UserController->mostrar()
 7 SYSTEMPATH\CodeIgniter.php(494): CodeIgniter\CodeIgniter->runController(Object(App\Controllers\UserController))
 8 SYSTEMPATH\CodeIgniter.php(353): CodeIgniter\CodeIgniter->handleRequest(null, Object(Config\Cache), false)
 9 FCPATH\index.php(79): CodeIgniter\CodeIgniter->run()
10 SYSTEMPATH\Commands\Server\rewrite.php(47): require_once('C:\\Users\\ED HER EST\\Documents\\proyectoFisio\\public\\index.php')
CRITICAL - 2023-11-15 02:23:03 --> Undefined variable $Usuario
in APPPATH\Views\usuario\mostrar.php on line 17.
 1 APPPATH\Views\usuario\mostrar.php(17): CodeIgniter\Debug\Exceptions->errorHandler(2, 'Undefined variable $Usuario', 'C:\\Users\\ED HER EST\\Documents\\proyectoFisio\\app\\Views\\usuario\\mostrar.php', 17)
 2 SYSTEMPATH\View\View.php(226): include('C:\\Users\\ED HER EST\\Documents\\proyectoFisio\\app\\Views\\usuario\\mostrar.php')
 3 SYSTEMPATH\View\View.php(229): CodeIgniter\View\View->CodeIgniter\View\{closure}()
 4 SYSTEMPATH\Common.php(1188): CodeIgniter\View\View->render('usuario/mostrar', [], true)
 5 APPPATH\Controllers\UserController.php(66): view('usuario/mostrar', [...])
 6 SYSTEMPATH\CodeIgniter.php(919): App\Controllers\UserController->mostrar()
 7 SYSTEMPATH\CodeIgniter.php(494): CodeIgniter\CodeIgniter->runController(Object(App\Controllers\UserController))
 8 SYSTEMPATH\CodeIgniter.php(353): CodeIgniter\CodeIgniter->handleRequest(null, Object(Config\Cache), false)
 9 FCPATH\index.php(79): CodeIgniter\CodeIgniter->run()
10 SYSTEMPATH\Commands\Server\rewrite.php(47): require_once('C:\\Users\\ED HER EST\\Documents\\proyectoFisio\\public\\index.php')
CRITICAL - 2023-11-15 02:23:09 --> Undefined variable $usuario
in APPPATH\Views\usuario\mostrar.php on line 17.
 1 APPPATH\Views\usuario\mostrar.php(17): CodeIgniter\Debug\Exceptions->errorHandler(2, 'Undefined variable $usuario', 'C:\\Users\\ED HER EST\\Documents\\proyectoFisio\\app\\Views\\usuario\\mostrar.php', 17)
 2 SYSTEMPATH\View\View.php(226): include('C:\\Users\\ED HER EST\\Documents\\proyectoFisio\\app\\Views\\usuario\\mostrar.php')
 3 SYSTEMPATH\View\View.php(229): CodeIgniter\View\View->CodeIgniter\View\{closure}()
 4 SYSTEMPATH\Common.php(1188): CodeIgniter\View\View->render('usuario/mostrar', [], true)
 5 APPPATH\Controllers\UserController.php(66): view('usuario/mostrar', [...])
 6 SYSTEMPATH\CodeIgniter.php(919): App\Controllers\UserController->mostrar()
 7 SYSTEMPATH\CodeIgniter.php(494): CodeIgniter\CodeIgniter->runController(Object(App\Controllers\UserController))
 8 SYSTEMPATH\CodeIgniter.php(353): CodeIgniter\CodeIgniter->handleRequest(null, Object(Config\Cache), false)
 9 FCPATH\index.php(79): CodeIgniter\CodeIgniter->run()
10 SYSTEMPATH\Commands\Server\rewrite.php(47): require_once('C:\\Users\\ED HER EST\\Documents\\proyectoFisio\\public\\index.php')
CRITICAL - 2023-11-15 02:23:50 --> Undefined variable $usuario
in APPPATH\Views\usuario\mostrar.php on line 17.
 1 APPPATH\Views\usuario\mostrar.php(17): CodeIgniter\Debug\Exceptions->errorHandler(2, 'Undefined variable $usuario', 'C:\\Users\\ED HER EST\\Documents\\proyectoFisio\\app\\Views\\usuario\\mostrar.php', 17)
 2 SYSTEMPATH\View\View.php(226): include('C:\\Users\\ED HER EST\\Documents\\proyectoFisio\\app\\Views\\usuario\\mostrar.php')
 3 SYSTEMPATH\View\View.php(229): CodeIgniter\View\View->CodeIgniter\View\{closure}()
 4 SYSTEMPATH\Common.php(1188): CodeIgniter\View\View->render('usuario/mostrar', [], true)
 5 APPPATH\Controllers\UserController.php(66): view('usuario/mostrar', [...])
 6 SYSTEMPATH\CodeIgniter.php(919): App\Controllers\UserController->mostrar()
 7 SYSTEMPATH\CodeIgniter.php(494): CodeIgniter\CodeIgniter->runController(Object(App\Controllers\UserController))
 8 SYSTEMPATH\CodeIgniter.php(353): CodeIgniter\CodeIgniter->handleRequest(null, Object(Config\Cache), false)
 9 FCPATH\index.php(79): CodeIgniter\CodeIgniter->run()
10 SYSTEMPATH\Commands\Server\rewrite.php(47): require_once('C:\\Users\\ED HER EST\\Documents\\proyectoFisio\\public\\index.php')
CRITICAL - 2023-11-15 02:23:51 --> Undefined variable $usuario
in APPPATH\Views\usuario\mostrar.php on line 17.
 1 APPPATH\Views\usuario\mostrar.php(17): CodeIgniter\Debug\Exceptions->errorHandler(2, 'Undefined variable $usuario', 'C:\\Users\\ED HER EST\\Documents\\proyectoFisio\\app\\Views\\usuario\\mostrar.php', 17)
 2 SYSTEMPATH\View\View.php(226): include('C:\\Users\\ED HER EST\\Documents\\proyectoFisio\\app\\Views\\usuario\\mostrar.php')
 3 SYSTEMPATH\View\View.php(229): CodeIgniter\View\View->CodeIgniter\View\{closure}()
 4 SYSTEMPATH\Common.php(1188): CodeIgniter\View\View->render('usuario/mostrar', [], true)
 5 APPPATH\Controllers\UserController.php(66): view('usuario/mostrar', [...])
 6 SYSTEMPATH\CodeIgniter.php(919): App\Controllers\UserController->mostrar()
 7 SYSTEMPATH\CodeIgniter.php(494): CodeIgniter\CodeIgniter->runController(Object(App\Controllers\UserController))
 8 SYSTEMPATH\CodeIgniter.php(353): CodeIgniter\CodeIgniter->handleRequest(null, Object(Config\Cache), false)
 9 FCPATH\index.php(79): CodeIgniter\CodeIgniter->run()
10 SYSTEMPATH\Commands\Server\rewrite.php(47): require_once('C:\\Users\\ED HER EST\\Documents\\proyectoFisio\\public\\index.php')
CRITICAL - 2023-11-15 02:24:43 --> Undefined property: stdClass::$nombreUsuario
in APPPATH\Views\usuario\mostrar.php on line 23.
 1 APPPATH\Views\usuario\mostrar.php(23): CodeIgniter\Debug\Exceptions->errorHandler(2, 'Undefined property: stdClass::$nombreUsuario', 'C:\\Users\\ED HER EST\\Documents\\proyectoFisio\\app\\Views\\usuario\\mostrar.php', 23)
 2 SYSTEMPATH\View\View.php(226): include('C:\\Users\\ED HER EST\\Documents\\proyectoFisio\\app\\Views\\usuario\\mostrar.php')
 3 SYSTEMPATH\View\View.php(229): CodeIgniter\View\View->CodeIgniter\View\{closure}()
 4 SYSTEMPATH\Common.php(1188): CodeIgniter\View\View->render('usuario/mostrar', [], true)
 5 APPPATH\Controllers\UserController.php(66): view('usuario/mostrar', [...])
 6 SYSTEMPATH\CodeIgniter.php(919): App\Controllers\UserController->mostrar()
 7 SYSTEMPATH\CodeIgniter.php(494): CodeIgniter\CodeIgniter->runController(Object(App\Controllers\UserController))
 8 SYSTEMPATH\CodeIgniter.php(353): CodeIgniter\CodeIgniter->handleRequest(null, Object(Config\Cache), false)
 9 FCPATH\index.php(79): CodeIgniter\CodeIgniter->run()
10 SYSTEMPATH\Commands\Server\rewrite.php(47): require_once('C:\\Users\\ED HER EST\\Documents\\proyectoFisio\\public\\index.php')
CRITICAL - 2023-11-15 02:25:10 --> Undefined property: stdClass::$telefono
in APPPATH\Views\usuario\mostrar.php on line 25.
 1 APPPATH\Views\usuario\mostrar.php(25): CodeIgniter\Debug\Exceptions->errorHandler(2, 'Undefined property: stdClass::$telefono', 'C:\\Users\\ED HER EST\\Documents\\proyectoFisio\\app\\Views\\usuario\\mostrar.php', 25)
 2 SYSTEMPATH\View\View.php(226): include('C:\\Users\\ED HER EST\\Documents\\proyectoFisio\\app\\Views\\usuario\\mostrar.php')
 3 SYSTEMPATH\View\View.php(229): CodeIgniter\View\View->CodeIgniter\View\{closure}()
 4 SYSTEMPATH\Common.php(1188): CodeIgniter\View\View->render('usuario/mostrar', [], true)
 5 APPPATH\Controllers\UserController.php(66): view('usuario/mostrar', [...])
 6 SYSTEMPATH\CodeIgniter.php(919): App\Controllers\UserController->mostrar()
 7 SYSTEMPATH\CodeIgniter.php(494): CodeIgniter\CodeIgniter->runController(Object(App\Controllers\UserController))
 8 SYSTEMPATH\CodeIgniter.php(353): CodeIgniter\CodeIgniter->handleRequest(null, Object(Config\Cache), false)
 9 FCPATH\index.php(79): CodeIgniter\CodeIgniter->run()
10 SYSTEMPATH\Commands\Server\rewrite.php(47): require_once('C:\\Users\\ED HER EST\\Documents\\proyectoFisio\\public\\index.php')
CRITICAL - 2023-11-15 02:32:14 --> Undefined property: stdClass::$telefono
in APPPATH\Views\usuario\mostrar.php on line 25.
 1 APPPATH\Views\usuario\mostrar.php(25): CodeIgniter\Debug\Exceptions->errorHandler(2, 'Undefined property: stdClass::$telefono', 'C:\\Users\\ED HER EST\\Documents\\proyectoFisio\\app\\Views\\usuario\\mostrar.php', 25)
 2 SYSTEMPATH\View\View.php(226): include('C:\\Users\\ED HER EST\\Documents\\proyectoFisio\\app\\Views\\usuario\\mostrar.php')
 3 SYSTEMPATH\View\View.php(229): CodeIgniter\View\View->CodeIgniter\View\{closure}()
 4 SYSTEMPATH\Common.php(1188): CodeIgniter\View\View->render('usuario/mostrar', [], true)
 5 APPPATH\Controllers\UserController.php(66): view('usuario/mostrar', [...])
 6 SYSTEMPATH\CodeIgniter.php(919): App\Controllers\UserController->mostrar()
 7 SYSTEMPATH\CodeIgniter.php(494): CodeIgniter\CodeIgniter->runController(Object(App\Controllers\UserController))
 8 SYSTEMPATH\CodeIgniter.php(353): CodeIgniter\CodeIgniter->handleRequest(null, Object(Config\Cache), false)
 9 FCPATH\index.php(79): CodeIgniter\CodeIgniter->run()
10 SYSTEMPATH\Commands\Server\rewrite.php(47): require_once('C:\\Users\\ED HER EST\\Documents\\proyectoFisio\\public\\index.php')
CRITICAL - 2023-11-15 02:39:44 --> Attempt to read property "ID_Usuario" on array
in APPPATH\Views\usuario\mostrar.php on line 26.
 1 APPPATH\Views\usuario\mostrar.php(26): CodeIgniter\Debug\Exceptions->errorHandler(2, 'Attempt to read property "ID_Usuario" on array', 'C:\\Users\\ED HER EST\\Documents\\proyectoFisio\\app\\Views\\usuario\\mostrar.php', 26)
 2 SYSTEMPATH\View\View.php(226): include('C:\\Users\\ED HER EST\\Documents\\proyectoFisio\\app\\Views\\usuario\\mostrar.php')
 3 SYSTEMPATH\View\View.php(229): CodeIgniter\View\View->CodeIgniter\View\{closure}()
 4 SYSTEMPATH\Common.php(1188): CodeIgniter\View\View->render('usuario/mostrar', [], true)
 5 APPPATH\Controllers\UserController.php(66): view('usuario/mostrar', [...])
 6 SYSTEMPATH\CodeIgniter.php(919): App\Controllers\UserController->mostrar()
 7 SYSTEMPATH\CodeIgniter.php(494): CodeIgniter\CodeIgniter->runController(Object(App\Controllers\UserController))
 8 SYSTEMPATH\CodeIgniter.php(353): CodeIgniter\CodeIgniter->handleRequest(null, Object(Config\Cache), false)
 9 FCPATH\index.php(79): CodeIgniter\CodeIgniter->run()
10 SYSTEMPATH\Commands\Server\rewrite.php(47): require_once('C:\\Users\\ED HER EST\\Documents\\proyectoFisio\\public\\index.php')
CRITICAL - 2023-11-15 02:41:27 --> Attempt to read property "ID_Usuario" on array
in APPPATH\Views\usuario\mostrar.php on line 26.
 1 APPPATH\Views\usuario\mostrar.php(26): CodeIgniter\Debug\Exceptions->errorHandler(2, 'Attempt to read property "ID_Usuario" on array', 'C:\\Users\\ED HER EST\\Documents\\proyectoFisio\\app\\Views\\usuario\\mostrar.php', 26)
 2 SYSTEMPATH\View\View.php(226): include('C:\\Users\\ED HER EST\\Documents\\proyectoFisio\\app\\Views\\usuario\\mostrar.php')
 3 SYSTEMPATH\View\View.php(229): CodeIgniter\View\View->CodeIgniter\View\{closure}()
 4 SYSTEMPATH\Common.php(1188): CodeIgniter\View\View->render('usuario/mostrar', [], true)
 5 APPPATH\Controllers\UserController.php(66): view('usuario/mostrar', [...])
 6 SYSTEMPATH\CodeIgniter.php(919): App\Controllers\UserController->mostrar()
 7 SYSTEMPATH\CodeIgniter.php(494): CodeIgniter\CodeIgniter->runController(Object(App\Controllers\UserController))
 8 SYSTEMPATH\CodeIgniter.php(353): CodeIgniter\CodeIgniter->handleRequest(null, Object(Config\Cache), false)
 9 FCPATH\index.php(79): CodeIgniter\CodeIgniter->run()
10 SYSTEMPATH\Commands\Server\rewrite.php(47): require_once('C:\\Users\\ED HER EST\\Documents\\proyectoFisio\\public\\index.php')
CRITICAL - 2023-11-15 02:42:42 --> Attempt to read property "Usuario" on array
in APPPATH\Views\usuario\mostrar.php on line 26.
 1 APPPATH\Views\usuario\mostrar.php(26): CodeIgniter\Debug\Exceptions->errorHandler(2, 'Attempt to read property "Usuario" on array', 'C:\\Users\\ED HER EST\\Documents\\proyectoFisio\\app\\Views\\usuario\\mostrar.php', 26)
 2 SYSTEMPATH\View\View.php(226): include('C:\\Users\\ED HER EST\\Documents\\proyectoFisio\\app\\Views\\usuario\\mostrar.php')
 3 SYSTEMPATH\View\View.php(229): CodeIgniter\View\View->CodeIgniter\View\{closure}()
 4 SYSTEMPATH\Common.php(1188): CodeIgniter\View\View->render('usuario/mostrar', [], true)
 5 APPPATH\Controllers\UserController.php(66): view('usuario/mostrar', [...])
 6 SYSTEMPATH\CodeIgniter.php(919): App\Controllers\UserController->mostrar()
 7 SYSTEMPATH\CodeIgniter.php(494): CodeIgniter\CodeIgniter->runController(Object(App\Controllers\UserController))
 8 SYSTEMPATH\CodeIgniter.php(353): CodeIgniter\CodeIgniter->handleRequest(null, Object(Config\Cache), false)
 9 FCPATH\index.php(79): CodeIgniter\CodeIgniter->run()
10 SYSTEMPATH\Commands\Server\rewrite.php(47): require_once('C:\\Users\\ED HER EST\\Documents\\proyectoFisio\\public\\index.php')
CRITICAL - 2023-11-15 02:43:53 --> Undefined property: stdClass::$id
in APPPATH\Views\usuario\mostrar.php on line 27.
 1 APPPATH\Views\usuario\mostrar.php(27): CodeIgniter\Debug\Exceptions->errorHandler(2, 'Undefined property: stdClass::$id', 'C:\\Users\\ED HER EST\\Documents\\proyectoFisio\\app\\Views\\usuario\\mostrar.php', 27)
 2 SYSTEMPATH\View\View.php(226): include('C:\\Users\\ED HER EST\\Documents\\proyectoFisio\\app\\Views\\usuario\\mostrar.php')
 3 SYSTEMPATH\View\View.php(229): CodeIgniter\View\View->CodeIgniter\View\{closure}()
 4 SYSTEMPATH\Common.php(1188): CodeIgniter\View\View->render('usuario/mostrar', [], true)
 5 APPPATH\Controllers\UserController.php(66): view('usuario/mostrar', [...])
 6 SYSTEMPATH\CodeIgniter.php(919): App\Controllers\UserController->mostrar()
 7 SYSTEMPATH\CodeIgniter.php(494): CodeIgniter\CodeIgniter->runController(Object(App\Controllers\UserController))
 8 SYSTEMPATH\CodeIgniter.php(353): CodeIgniter\CodeIgniter->handleRequest(null, Object(Config\Cache), false)
 9 FCPATH\index.php(79): CodeIgniter\CodeIgniter->run()
10 SYSTEMPATH\Commands\Server\rewrite.php(47): require_once('C:\\Users\\ED HER EST\\Documents\\proyectoFisio\\public\\index.php')
CRITICAL - 2023-11-15 02:49:40 --> Undefined variable $alumno
in APPPATH\Views\usuario\editar.php on line 3.
 1 APPPATH\Views\usuario\editar.php(3): CodeIgniter\Debug\Exceptions->errorHandler(2, 'Undefined variable $alumno', 'C:\\Users\\ED HER EST\\Documents\\proyectoFisio\\app\\Views\\usuario\\editar.php', 3)
 2 SYSTEMPATH\View\View.php(226): include('C:\\Users\\ED HER EST\\Documents\\proyectoFisio\\app\\Views\\usuario\\editar.php')
 3 SYSTEMPATH\View\View.php(229): CodeIgniter\View\View->CodeIgniter\View\{closure}()
 4 SYSTEMPATH\Common.php(1188): CodeIgniter\View\View->render('usuario/editar', [], true)
 5 APPPATH\Controllers\UserController.php(113): view('usuario/editar', [...])
 6 SYSTEMPATH\CodeIgniter.php(919): App\Controllers\UserController->editar('1')
 7 SYSTEMPATH\CodeIgniter.php(494): CodeIgniter\CodeIgniter->runController(Object(App\Controllers\UserController))
 8 SYSTEMPATH\CodeIgniter.php(353): CodeIgniter\CodeIgniter->handleRequest(null, Object(Config\Cache), false)
 9 FCPATH\index.php(79): CodeIgniter\CodeIgniter->run()
10 SYSTEMPATH\Commands\Server\rewrite.php(47): require_once('C:\\Users\\ED HER EST\\Documents\\proyectoFisio\\public\\index.php')
CRITICAL - 2023-11-15 22:42:26 --> Class "App\Controllers\CitaModel" not found
in APPPATH\Controllers\Citas.php on line 16.
 1 SYSTEMPATH\CodeIgniter.php(919): App\Controllers\Citas->mostrar()
 2 SYSTEMPATH\CodeIgniter.php(494): CodeIgniter\CodeIgniter->runController(Object(App\Controllers\Citas))
 3 SYSTEMPATH\CodeIgniter.php(353): CodeIgniter\CodeIgniter->handleRequest(null, Object(Config\Cache), false)
 4 FCPATH\index.php(79): CodeIgniter\CodeIgniter->run()
 5 SYSTEMPATH\Commands\Server\rewrite.php(47): require_once('C:\\Users\\ED HER EST\\Documents\\proyectoFisio\\public\\index.php')
CRITICAL - 2023-11-15 22:43:21 --> Class "App\Controllers\CitaModel" not found
in APPPATH\Controllers\Citas.php on line 16.
 1 SYSTEMPATH\CodeIgniter.php(919): App\Controllers\Citas->mostrar()
 2 SYSTEMPATH\CodeIgniter.php(494): CodeIgniter\CodeIgniter->runController(Object(App\Controllers\Citas))
 3 SYSTEMPATH\CodeIgniter.php(353): CodeIgniter\CodeIgniter->handleRequest(null, Object(Config\Cache), false)
 4 FCPATH\index.php(79): CodeIgniter\CodeIgniter->run()
 5 SYSTEMPATH\Commands\Server\rewrite.php(47): require_once('C:\\Users\\ED HER EST\\Documents\\proyectoFisio\\public\\index.php')
CRITICAL - 2023-11-15 22:43:25 --> Class "App\Controllers\CitaModel" not found
in APPPATH\Controllers\Citas.php on line 16.
 1 SYSTEMPATH\CodeIgniter.php(919): App\Controllers\Citas->mostrar()
 2 SYSTEMPATH\CodeIgniter.php(494): CodeIgniter\CodeIgniter->runController(Object(App\Controllers\Citas))
 3 SYSTEMPATH\CodeIgniter.php(353): CodeIgniter\CodeIgniter->handleRequest(null, Object(Config\Cache), false)
 4 FCPATH\index.php(79): CodeIgniter\CodeIgniter->run()
 5 SYSTEMPATH\Commands\Server\rewrite.php(47): require_once('C:\\Users\\ED HER EST\\Documents\\proyectoFisio\\public\\index.php')
CRITICAL - 2023-11-15 22:44:04 --> Class "App\Controllers\CitasModel" not found
in APPPATH\Controllers\Citas.php on line 16.
 1 SYSTEMPATH\CodeIgniter.php(919): App\Controllers\Citas->mostrar()
 2 SYSTEMPATH\CodeIgniter.php(494): CodeIgniter\CodeIgniter->runController(Object(App\Controllers\Citas))
 3 SYSTEMPATH\CodeIgniter.php(353): CodeIgniter\CodeIgniter->handleRequest(null, Object(Config\Cache), false)
 4 FCPATH\index.php(79): CodeIgniter\CodeIgniter->run()
 5 SYSTEMPATH\Commands\Server\rewrite.php(47): require_once('C:\\Users\\ED HER EST\\Documents\\proyectoFisio\\public\\index.php')
CRITICAL - 2023-11-15 22:44:29 --> Class "App\Controllers\CitasModel" not found
in APPPATH\Controllers\Citas.php on line 16.
 1 SYSTEMPATH\CodeIgniter.php(919): App\Controllers\Citas->mostrar()
 2 SYSTEMPATH\CodeIgniter.php(494): CodeIgniter\CodeIgniter->runController(Object(App\Controllers\Citas))
 3 SYSTEMPATH\CodeIgniter.php(353): CodeIgniter\CodeIgniter->handleRequest(null, Object(Config\Cache), false)
 4 FCPATH\index.php(79): CodeIgniter\CodeIgniter->run()
 5 SYSTEMPATH\Commands\Server\rewrite.php(47): require_once('C:\\Users\\ED HER EST\\Documents\\proyectoFisio\\public\\index.php')
CRITICAL - 2023-11-15 22:46:47 --> Class "App\Controllers\CitasModel" not found
in APPPATH\Controllers\Citas.php on line 16.
 1 SYSTEMPATH\CodeIgniter.php(919): App\Controllers\Citas->mostrar()
 2 SYSTEMPATH\CodeIgniter.php(494): CodeIgniter\CodeIgniter->runController(Object(App\Controllers\Citas))
 3 SYSTEMPATH\CodeIgniter.php(353): CodeIgniter\CodeIgniter->handleRequest(null, Object(Config\Cache), false)
 4 FCPATH\index.php(79): CodeIgniter\CodeIgniter->run()
 5 SYSTEMPATH\Commands\Server\rewrite.php(47): require_once('C:\\Users\\ED HER EST\\Documents\\proyectoFisio\\public\\index.php')
CRITICAL - 2023-11-15 22:48:53 --> Invalid file: "citas/listado.php"
in SYSTEMPATH\Exceptions\FrameworkException.php on line 39.
 1 SYSTEMPATH\View\View.php(214): CodeIgniter\Exceptions\FrameworkException::forInvalidFile('citas/listado.php')
 2 SYSTEMPATH\Common.php(1188): CodeIgniter\View\View->render('citas/listado', [], true)
 3 APPPATH\Controllers\Citas.php(21): view('citas/listado', [...])
 4 SYSTEMPATH\CodeIgniter.php(919): App\Controllers\Citas->mostrar()
 5 SYSTEMPATH\CodeIgniter.php(494): CodeIgniter\CodeIgniter->runController(Object(App\Controllers\Citas))
 6 SYSTEMPATH\CodeIgniter.php(353): CodeIgniter\CodeIgniter->handleRequest(null, Object(Config\Cache), false)
 7 FCPATH\index.php(79): CodeIgniter\CodeIgniter->run()
 8 SYSTEMPATH\Commands\Server\rewrite.php(47): require_once('C:\\Users\\ED HER EST\\Documents\\proyectoFisio\\public\\index.php')
CRITICAL - 2023-11-15 22:49:13 --> Invalid file: "citas/mostrar.php"
in SYSTEMPATH\Exceptions\FrameworkException.php on line 39.
 1 SYSTEMPATH\View\View.php(214): CodeIgniter\Exceptions\FrameworkException::forInvalidFile('citas/mostrar.php')
 2 SYSTEMPATH\Common.php(1188): CodeIgniter\View\View->render('citas/mostrar', [], true)
 3 APPPATH\Controllers\Citas.php(21): view('citas/mostrar', [...])
 4 SYSTEMPATH\CodeIgniter.php(919): App\Controllers\Citas->mostrar()
 5 SYSTEMPATH\CodeIgniter.php(494): CodeIgniter\CodeIgniter->runController(Object(App\Controllers\Citas))
 6 SYSTEMPATH\CodeIgniter.php(353): CodeIgniter\CodeIgniter->handleRequest(null, Object(Config\Cache), false)
 7 FCPATH\index.php(79): CodeIgniter\CodeIgniter->run()
 8 SYSTEMPATH\Commands\Server\rewrite.php(47): require_once('C:\\Users\\ED HER EST\\Documents\\proyectoFisio\\public\\index.php')
CRITICAL - 2023-11-15 22:53:33 --> Undefined variable $alumno
in APPPATH\Views\usuario\editar.php on line 3.
 1 APPPATH\Views\usuario\editar.php(3): CodeIgniter\Debug\Exceptions->errorHandler(2, 'Undefined variable $alumno', 'C:\\Users\\ED HER EST\\Documents\\proyectoFisio\\app\\Views\\usuario\\editar.php', 3)
 2 SYSTEMPATH\View\View.php(226): include('C:\\Users\\ED HER EST\\Documents\\proyectoFisio\\app\\Views\\usuario\\editar.php')
 3 SYSTEMPATH\View\View.php(229): CodeIgniter\View\View->CodeIgniter\View\{closure}()
 4 SYSTEMPATH\Common.php(1188): CodeIgniter\View\View->render('usuario/editar', [], true)
 5 APPPATH\Controllers\UserController.php(113): view('usuario/editar', [...])
 6 SYSTEMPATH\CodeIgniter.php(919): App\Controllers\UserController->editar('1')
 7 SYSTEMPATH\CodeIgniter.php(494): CodeIgniter\CodeIgniter->runController(Object(App\Controllers\UserController))
 8 SYSTEMPATH\CodeIgniter.php(353): CodeIgniter\CodeIgniter->handleRequest(null, Object(Config\Cache), false)
 9 FCPATH\index.php(79): CodeIgniter\CodeIgniter->run()
10 SYSTEMPATH\Commands\Server\rewrite.php(47): require_once('C:\\Users\\ED HER EST\\Documents\\proyectoFisio\\public\\index.php')
CRITICAL - 2023-11-15 23:00:33 --> Undefined property: stdClass::$id
in APPPATH\Views\usuario\editar.php on line 8.
 1 APPPATH\Views\usuario\editar.php(8): CodeIgniter\Debug\Exceptions->errorHandler(2, 'Undefined property: stdClass::$id', 'C:\\Users\\ED HER EST\\Documents\\proyectoFisio\\app\\Views\\usuario\\editar.php', 8)
 2 SYSTEMPATH\View\View.php(226): include('C:\\Users\\ED HER EST\\Documents\\proyectoFisio\\app\\Views\\usuario\\editar.php')
 3 SYSTEMPATH\View\View.php(229): CodeIgniter\View\View->CodeIgniter\View\{closure}()
 4 SYSTEMPATH\Common.php(1188): CodeIgniter\View\View->render('usuario/editar', [], true)
 5 APPPATH\Controllers\UserController.php(113): view('usuario/editar', [...])
 6 SYSTEMPATH\CodeIgniter.php(919): App\Controllers\UserController->editar('1')
 7 SYSTEMPATH\CodeIgniter.php(494): CodeIgniter\CodeIgniter->runController(Object(App\Controllers\UserController))
 8 SYSTEMPATH\CodeIgniter.php(353): CodeIgniter\CodeIgniter->handleRequest(null, Object(Config\Cache), false)
 9 FCPATH\index.php(79): CodeIgniter\CodeIgniter->run()
10 SYSTEMPATH\Commands\Server\rewrite.php(47): require_once('C:\\Users\\ED HER EST\\Documents\\proyectoFisio\\public\\index.php')
CRITICAL - 2023-11-15 23:00:58 --> Undefined property: stdClass::$apellido_paterno
in APPPATH\Views\usuario\editar.php on line 17.
 1 APPPATH\Views\usuario\editar.php(17): CodeIgniter\Debug\Exceptions->errorHandler(2, 'Undefined property: stdClass::$apellido_paterno', 'C:\\Users\\ED HER EST\\Documents\\proyectoFisio\\app\\Views\\usuario\\editar.php', 17)
 2 SYSTEMPATH\View\View.php(226): include('C:\\Users\\ED HER EST\\Documents\\proyectoFisio\\app\\Views\\usuario\\editar.php')
 3 SYSTEMPATH\View\View.php(229): CodeIgniter\View\View->CodeIgniter\View\{closure}()
 4 SYSTEMPATH\Common.php(1188): CodeIgniter\View\View->render('usuario/editar', [], true)
 5 APPPATH\Controllers\UserController.php(113): view('usuario/editar', [...])
 6 SYSTEMPATH\CodeIgniter.php(919): App\Controllers\UserController->editar('1')
 7 SYSTEMPATH\CodeIgniter.php(494): CodeIgniter\CodeIgniter->runController(Object(App\Controllers\UserController))
 8 SYSTEMPATH\CodeIgniter.php(353): CodeIgniter\CodeIgniter->handleRequest(null, Object(Config\Cache), false)
 9 FCPATH\index.php(79): CodeIgniter\CodeIgniter->run()
10 SYSTEMPATH\Commands\Server\rewrite.php(47): require_once('C:\\Users\\ED HER EST\\Documents\\proyectoFisio\\public\\index.php')
