CRITICAL - 2023-11-23 03:35:57 --> Undefined variable $datosgenerales
in APPPATH\Views\datosGenerales\buscar.php on line 119.
 1 APPPATH\Views\datosGenerales\buscar.php(119): CodeIgniter\Debug\Exceptions->errorHandler(2, 'Undefined variable $datosgenerales', 'C:\\Users\\ED HER EST\\Documents\\proyectoFisio\\app\\Views\\datosGenerales\\buscar.php', 119)
 2 SYSTEMPATH\View\View.php(226): include('C:\\Users\\ED HER EST\\Documents\\proyectoFisio\\app\\Views\\datosGenerales\\buscar.php')
 3 SYSTEMPATH\View\View.php(229): CodeIgniter\View\View->CodeIgniter\View\{closure}()
 4 SYSTEMPATH\Common.php(1188): CodeIgniter\View\View->render('datosgenerales/buscar', [], true)
 5 APPPATH\Controllers\DatosGenerales.php(104): view('datosgenerales/buscar', [...])
 6 SYSTEMPATH\CodeIgniter.php(919): App\Controllers\DatosGenerales->buscar()
 7 SYSTEMPATH\CodeIgniter.php(494): CodeIgniter\CodeIgniter->runController(Object(App\Controllers\DatosGenerales))
 8 SYSTEMPATH\CodeIgniter.php(353): CodeIgniter\CodeIgniter->handleRequest(null, Object(Config\Cache), false)
 9 FCPATH\index.php(79): CodeIgniter\CodeIgniter->run()
10 SYSTEMPATH\Commands\Server\rewrite.php(47): require_once('C:\\Users\\ED HER EST\\Documents\\proyectoFisio\\public\\index.php')
CRITICAL - 2023-11-23 03:36:12 --> Undefined variable $datosgenerales
in APPPATH\Views\datosGenerales\buscar.php on line 119.
 1 APPPATH\Views\datosGenerales\buscar.php(119): CodeIgniter\Debug\Exceptions->errorHandler(2, 'Undefined variable $datosgenerales', 'C:\\Users\\ED HER EST\\Documents\\proyectoFisio\\app\\Views\\datosGenerales\\buscar.php', 119)
 2 SYSTEMPATH\View\View.php(226): include('C:\\Users\\ED HER EST\\Documents\\proyectoFisio\\app\\Views\\datosGenerales\\buscar.php')
 3 SYSTEMPATH\View\View.php(229): CodeIgniter\View\View->CodeIgniter\View\{closure}()
 4 SYSTEMPATH\Common.php(1188): CodeIgniter\View\View->render('datosgenerales/buscar', [], true)
 5 APPPATH\Controllers\DatosGenerales.php(104): view('datosgenerales/buscar', [...])
 6 SYSTEMPATH\CodeIgniter.php(919): App\Controllers\DatosGenerales->buscar()
 7 SYSTEMPATH\CodeIgniter.php(494): CodeIgniter\CodeIgniter->runController(Object(App\Controllers\DatosGenerales))
 8 SYSTEMPATH\CodeIgniter.php(353): CodeIgniter\CodeIgniter->handleRequest(null, Object(Config\Cache), false)
 9 FCPATH\index.php(79): CodeIgniter\CodeIgniter->run()
10 SYSTEMPATH\Commands\Server\rewrite.php(47): require_once('C:\\Users\\ED HER EST\\Documents\\proyectoFisio\\public\\index.php')
CRITICAL - 2023-11-23 03:48:21 --> Undefined variable $datosgenerales
in APPPATH\Views\datosGenerales\buscar.php on line 116.
 1 APPPATH\Views\datosGenerales\buscar.php(116): CodeIgniter\Debug\Exceptions->errorHandler(2, 'Undefined variable $datosgenerales', 'C:\\Users\\ED HER EST\\Documents\\proyectoFisio\\app\\Views\\datosGenerales\\buscar.php', 116)
 2 SYSTEMPATH\View\View.php(226): include('C:\\Users\\ED HER EST\\Documents\\proyectoFisio\\app\\Views\\datosGenerales\\buscar.php')
 3 SYSTEMPATH\View\View.php(229): CodeIgniter\View\View->CodeIgniter\View\{closure}()
 4 SYSTEMPATH\Common.php(1188): CodeIgniter\View\View->render('datosgenerales/buscar', [], true)
 5 APPPATH\Controllers\DatosGenerales.php(104): view('datosgenerales/buscar', [...])
 6 SYSTEMPATH\CodeIgniter.php(919): App\Controllers\DatosGenerales->buscar()
 7 SYSTEMPATH\CodeIgniter.php(494): CodeIgniter\CodeIgniter->runController(Object(App\Controllers\DatosGenerales))
 8 SYSTEMPATH\CodeIgniter.php(353): CodeIgniter\CodeIgniter->handleRequest(null, Object(Config\Cache), false)
 9 FCPATH\index.php(79): CodeIgniter\CodeIgniter->run()
10 SYSTEMPATH\Commands\Server\rewrite.php(47): require_once('C:\\Users\\ED HER EST\\Documents\\proyectoFisio\\public\\index.php')
CRITICAL - 2023-11-23 06:25:48 --> Call to a member function findAll() on null
in APPPATH\Controllers\SignosVitales.php on line 17.
 1 SYSTEMPATH\CodeIgniter.php(919): App\Controllers\SignosVitales->mostrar()
 2 SYSTEMPATH\CodeIgniter.php(494): CodeIgniter\CodeIgniter->runController(Object(App\Controllers\SignosVitales))
 3 SYSTEMPATH\CodeIgniter.php(353): CodeIgniter\CodeIgniter->handleRequest(null, Object(Config\Cache), false)
 4 FCPATH\index.php(79): CodeIgniter\CodeIgniter->run()
 5 SYSTEMPATH\Commands\Server\rewrite.php(47): require_once('C:\\Users\\ED HER EST\\Documents\\proyectoFisio\\public\\index.php')
CRITICAL - 2023-11-23 06:26:24 --> Call to a member function findAll() on null
in APPPATH\Controllers\SignosVitales.php on line 17.
 1 SYSTEMPATH\CodeIgniter.php(919): App\Controllers\SignosVitales->mostrar()
 2 SYSTEMPATH\CodeIgniter.php(494): CodeIgniter\CodeIgniter->runController(Object(App\Controllers\SignosVitales))
 3 SYSTEMPATH\CodeIgniter.php(353): CodeIgniter\CodeIgniter->handleRequest(null, Object(Config\Cache), false)
 4 FCPATH\index.php(79): CodeIgniter\CodeIgniter->run()
 5 SYSTEMPATH\Commands\Server\rewrite.php(47): require_once('C:\\Users\\ED HER EST\\Documents\\proyectoFisio\\public\\index.php')
CRITICAL - 2023-11-23 06:26:37 --> Call to a member function findAll() on null
in APPPATH\Controllers\SignosVitales.php on line 17.
 1 SYSTEMPATH\CodeIgniter.php(919): App\Controllers\SignosVitales->mostrar()
 2 SYSTEMPATH\CodeIgniter.php(494): CodeIgniter\CodeIgniter->runController(Object(App\Controllers\SignosVitales))
 3 SYSTEMPATH\CodeIgniter.php(353): CodeIgniter\CodeIgniter->handleRequest(null, Object(Config\Cache), false)
 4 FCPATH\index.php(79): CodeIgniter\CodeIgniter->run()
 5 SYSTEMPATH\Commands\Server\rewrite.php(47): require_once('C:\\Users\\ED HER EST\\Documents\\proyectoFisio\\public\\index.php')
CRITICAL - 2023-11-23 06:29:05 --> Undefined variable $SignosVitalesModel
in APPPATH\Controllers\SignosVitales.php on line 17.
 1 APPPATH\Controllers\SignosVitales.php(17): CodeIgniter\Debug\Exceptions->errorHandler(2, 'Undefined variable $SignosVitalesModel', 'C:\\Users\\ED HER EST\\Documents\\proyectoFisio\\app\\Controllers\\SignosVitales.php', 17)
 2 SYSTEMPATH\CodeIgniter.php(919): App\Controllers\SignosVitales->mostrar()
 3 SYSTEMPATH\CodeIgniter.php(494): CodeIgniter\CodeIgniter->runController(Object(App\Controllers\SignosVitales))
 4 SYSTEMPATH\CodeIgniter.php(353): CodeIgniter\CodeIgniter->handleRequest(null, Object(Config\Cache), false)
 5 FCPATH\index.php(79): CodeIgniter\CodeIgniter->run()
 6 SYSTEMPATH\Commands\Server\rewrite.php(47): require_once('C:\\Users\\ED HER EST\\Documents\\proyectoFisio\\public\\index.php')
CRITICAL - 2023-11-23 06:29:35 --> Undefined variable $SignosVitalesModel
in APPPATH\Controllers\SignosVitales.php on line 17.
 1 APPPATH\Controllers\SignosVitales.php(17): CodeIgniter\Debug\Exceptions->errorHandler(2, 'Undefined variable $SignosVitalesModel', 'C:\\Users\\ED HER EST\\Documents\\proyectoFisio\\app\\Controllers\\SignosVitales.php', 17)
 2 SYSTEMPATH\CodeIgniter.php(919): App\Controllers\SignosVitales->mostrar()
 3 SYSTEMPATH\CodeIgniter.php(494): CodeIgniter\CodeIgniter->runController(Object(App\Controllers\SignosVitales))
 4 SYSTEMPATH\CodeIgniter.php(353): CodeIgniter\CodeIgniter->handleRequest(null, Object(Config\Cache), false)
 5 FCPATH\index.php(79): CodeIgniter\CodeIgniter->run()
 6 SYSTEMPATH\Commands\Server\rewrite.php(47): require_once('C:\\Users\\ED HER EST\\Documents\\proyectoFisio\\public\\index.php')
CRITICAL - 2023-11-23 06:29:51 --> Undefined variable $SignosVitalesModel
in APPPATH\Controllers\SignosVitales.php on line 17.
 1 APPPATH\Controllers\SignosVitales.php(17): CodeIgniter\Debug\Exceptions->errorHandler(2, 'Undefined variable $SignosVitalesModel', 'C:\\Users\\ED HER EST\\Documents\\proyectoFisio\\app\\Controllers\\SignosVitales.php', 17)
 2 SYSTEMPATH\CodeIgniter.php(919): App\Controllers\SignosVitales->mostrar()
 3 SYSTEMPATH\CodeIgniter.php(494): CodeIgniter\CodeIgniter->runController(Object(App\Controllers\SignosVitales))
 4 SYSTEMPATH\CodeIgniter.php(353): CodeIgniter\CodeIgniter->handleRequest(null, Object(Config\Cache), false)
 5 FCPATH\index.php(79): CodeIgniter\CodeIgniter->run()
 6 SYSTEMPATH\Commands\Server\rewrite.php(47): require_once('C:\\Users\\ED HER EST\\Documents\\proyectoFisio\\public\\index.php')
CRITICAL - 2023-11-23 06:31:25 --> Undefined array key "presionArterial"
in APPPATH\Views\signosvitales\mostrar.php on line 67.
 1 APPPATH\Views\signosvitales\mostrar.php(67): CodeIgniter\Debug\Exceptions->errorHandler(2, 'Undefined array key "presionArterial"', 'C:\\Users\\ED HER EST\\Documents\\proyectoFisio\\app\\Views\\signosvitales\\mostrar.php', 67)
 2 SYSTEMPATH\View\View.php(226): include('C:\\Users\\ED HER EST\\Documents\\proyectoFisio\\app\\Views\\signosvitales\\mostrar.php')
 3 SYSTEMPATH\View\View.php(229): CodeIgniter\View\View->CodeIgniter\View\{closure}()
 4 SYSTEMPATH\Common.php(1188): CodeIgniter\View\View->render('signosvitales/mostrar', [], true)
 5 APPPATH\Controllers\SignosVitales.php(20): view('signosvitales/mostrar', [...])
 6 SYSTEMPATH\CodeIgniter.php(919): App\Controllers\SignosVitales->mostrar()
 7 SYSTEMPATH\CodeIgniter.php(494): CodeIgniter\CodeIgniter->runController(Object(App\Controllers\SignosVitales))
 8 SYSTEMPATH\CodeIgniter.php(353): CodeIgniter\CodeIgniter->handleRequest(null, Object(Config\Cache), false)
 9 FCPATH\index.php(79): CodeIgniter\CodeIgniter->run()
10 SYSTEMPATH\Commands\Server\rewrite.php(47): require_once('C:\\Users\\ED HER EST\\Documents\\proyectoFisio\\public\\index.php')
CRITICAL - 2023-11-23 06:31:27 --> Undefined array key "presionArterial"
in APPPATH\Views\signosvitales\mostrar.php on line 67.
 1 APPPATH\Views\signosvitales\mostrar.php(67): CodeIgniter\Debug\Exceptions->errorHandler(2, 'Undefined array key "presionArterial"', 'C:\\Users\\ED HER EST\\Documents\\proyectoFisio\\app\\Views\\signosvitales\\mostrar.php', 67)
 2 SYSTEMPATH\View\View.php(226): include('C:\\Users\\ED HER EST\\Documents\\proyectoFisio\\app\\Views\\signosvitales\\mostrar.php')
 3 SYSTEMPATH\View\View.php(229): CodeIgniter\View\View->CodeIgniter\View\{closure}()
 4 SYSTEMPATH\Common.php(1188): CodeIgniter\View\View->render('signosvitales/mostrar', [], true)
 5 APPPATH\Controllers\SignosVitales.php(20): view('signosvitales/mostrar', [...])
 6 SYSTEMPATH\CodeIgniter.php(919): App\Controllers\SignosVitales->mostrar()
 7 SYSTEMPATH\CodeIgniter.php(494): CodeIgniter\CodeIgniter->runController(Object(App\Controllers\SignosVitales))
 8 SYSTEMPATH\CodeIgniter.php(353): CodeIgniter\CodeIgniter->handleRequest(null, Object(Config\Cache), false)
 9 FCPATH\index.php(79): CodeIgniter\CodeIgniter->run()
10 SYSTEMPATH\Commands\Server\rewrite.php(47): require_once('C:\\Users\\ED HER EST\\Documents\\proyectoFisio\\public\\index.php')
CRITICAL - 2023-11-23 06:41:44 --> Undefined variable $datosGenerales
in APPPATH\Views\signosvitales\buscar.php on line 116.
 1 APPPATH\Views\signosvitales\buscar.php(116): CodeIgniter\Debug\Exceptions->errorHandler(2, 'Undefined variable $datosGenerales', 'C:\\Users\\ED HER EST\\Documents\\proyectoFisio\\app\\Views\\signosvitales\\buscar.php', 116)
 2 SYSTEMPATH\View\View.php(226): include('C:\\Users\\ED HER EST\\Documents\\proyectoFisio\\app\\Views\\signosvitales\\buscar.php')
 3 SYSTEMPATH\View\View.php(229): CodeIgniter\View\View->CodeIgniter\View\{closure}()
 4 SYSTEMPATH\Common.php(1188): CodeIgniter\View\View->render('signosvitales/buscar', [], true)
 5 APPPATH\Controllers\SignosVitales.php(95): view('signosvitales/buscar', [...])
 6 SYSTEMPATH\CodeIgniter.php(919): App\Controllers\SignosVitales->buscar()
 7 SYSTEMPATH\CodeIgniter.php(494): CodeIgniter\CodeIgniter->runController(Object(App\Controllers\SignosVitales))
 8 SYSTEMPATH\CodeIgniter.php(353): CodeIgniter\CodeIgniter->handleRequest(null, Object(Config\Cache), false)
 9 FCPATH\index.php(79): CodeIgniter\CodeIgniter->run()
10 SYSTEMPATH\Commands\Server\rewrite.php(47): require_once('C:\\Users\\ED HER EST\\Documents\\proyectoFisio\\public\\index.php')
CRITICAL - 2023-11-23 06:46:46 --> Undefined array key "nombre"
in APPPATH\Views\signosvitales\buscar.php on line 119.
 1 APPPATH\Views\signosvitales\buscar.php(119): CodeIgniter\Debug\Exceptions->errorHandler(2, 'Undefined array key "nombre"', 'C:\\Users\\ED HER EST\\Documents\\proyectoFisio\\app\\Views\\signosvitales\\buscar.php', 119)
 2 SYSTEMPATH\View\View.php(226): include('C:\\Users\\ED HER EST\\Documents\\proyectoFisio\\app\\Views\\signosvitales\\buscar.php')
 3 SYSTEMPATH\View\View.php(229): CodeIgniter\View\View->CodeIgniter\View\{closure}()
 4 SYSTEMPATH\Common.php(1188): CodeIgniter\View\View->render('signosvitales/buscar', [], true)
 5 APPPATH\Controllers\SignosVitales.php(95): view('signosvitales/buscar', [...])
 6 SYSTEMPATH\CodeIgniter.php(919): App\Controllers\SignosVitales->buscar()
 7 SYSTEMPATH\CodeIgniter.php(494): CodeIgniter\CodeIgniter->runController(Object(App\Controllers\SignosVitales))
 8 SYSTEMPATH\CodeIgniter.php(353): CodeIgniter\CodeIgniter->handleRequest(null, Object(Config\Cache), false)
 9 FCPATH\index.php(79): CodeIgniter\CodeIgniter->run()
10 SYSTEMPATH\Commands\Server\rewrite.php(47): require_once('C:\\Users\\ED HER EST\\Documents\\proyectoFisio\\public\\index.php')
CRITICAL - 2023-11-23 06:56:42 --> Call to undefined function obtenerNombrePaciente()
in APPPATH\Views\signosvitales\buscar.php on line 119.
 1 SYSTEMPATH\View\View.php(226): include()
 2 SYSTEMPATH\View\View.php(229): CodeIgniter\View\View->CodeIgniter\View\{closure}()
 3 SYSTEMPATH\Common.php(1188): CodeIgniter\View\View->render('signosvitales/buscar', [], true)
 4 APPPATH\Controllers\SignosVitales.php(106): view('signosvitales/buscar', [...])
 5 SYSTEMPATH\CodeIgniter.php(919): App\Controllers\SignosVitales->buscar()
 6 SYSTEMPATH\CodeIgniter.php(494): CodeIgniter\CodeIgniter->runController(Object(App\Controllers\SignosVitales))
 7 SYSTEMPATH\CodeIgniter.php(353): CodeIgniter\CodeIgniter->handleRequest(null, Object(Config\Cache), false)
 8 FCPATH\index.php(79): CodeIgniter\CodeIgniter->run()
 9 SYSTEMPATH\Commands\Server\rewrite.php(47): require_once('C:\\Users\\ED HER EST\\Documents\\proyectoFisio\\public\\index.php')
CRITICAL - 2023-11-23 06:59:44 --> Call to undefined function obtenerNombrePaciente()
in APPPATH\Views\signosvitales\buscar.php on line 119.
 1 SYSTEMPATH\View\View.php(226): include()
 2 SYSTEMPATH\View\View.php(229): CodeIgniter\View\View->CodeIgniter\View\{closure}()
 3 SYSTEMPATH\Common.php(1188): CodeIgniter\View\View->render('signosvitales/buscar', [], true)
 4 APPPATH\Controllers\SignosVitales.php(106): view('signosvitales/buscar', [...])
 5 SYSTEMPATH\CodeIgniter.php(919): App\Controllers\SignosVitales->buscar()
 6 SYSTEMPATH\CodeIgniter.php(494): CodeIgniter\CodeIgniter->runController(Object(App\Controllers\SignosVitales))
 7 SYSTEMPATH\CodeIgniter.php(353): CodeIgniter\CodeIgniter->handleRequest(null, Object(Config\Cache), false)
 8 FCPATH\index.php(79): CodeIgniter\CodeIgniter->run()
 9 SYSTEMPATH\Commands\Server\rewrite.php(47): require_once('C:\\Users\\ED HER EST\\Documents\\proyectoFisio\\public\\index.php')
CRITICAL - 2023-11-23 07:06:40 --> Call to undefined function obtenerNombrePaciente()
in APPPATH\Views\signosvitales\buscar.php on line 120.
 1 SYSTEMPATH\View\View.php(226): include()
 2 SYSTEMPATH\View\View.php(229): CodeIgniter\View\View->CodeIgniter\View\{closure}()
 3 SYSTEMPATH\Common.php(1188): CodeIgniter\View\View->render('signosvitales/buscar', [], true)
 4 APPPATH\Controllers\SignosVitales.php(108): view('signosvitales/buscar', [...])
 5 SYSTEMPATH\CodeIgniter.php(919): App\Controllers\SignosVitales->buscar()
 6 SYSTEMPATH\CodeIgniter.php(494): CodeIgniter\CodeIgniter->runController(Object(App\Controllers\SignosVitales))
 7 SYSTEMPATH\CodeIgniter.php(353): CodeIgniter\CodeIgniter->handleRequest(null, Object(Config\Cache), false)
 8 FCPATH\index.php(79): CodeIgniter\CodeIgniter->run()
 9 SYSTEMPATH\Commands\Server\rewrite.php(47): require_once('C:\\Users\\ED HER EST\\Documents\\proyectoFisio\\public\\index.php')
CRITICAL - 2023-11-23 07:10:52 --> Undefined variable $nombrePaciente
in APPPATH\Views\signosvitales\buscar.php on line 91.
 1 APPPATH\Views\signosvitales\buscar.php(91): CodeIgniter\Debug\Exceptions->errorHandler(2, 'Undefined variable $nombrePaciente', 'C:\\Users\\ED HER EST\\Documents\\proyectoFisio\\app\\Views\\signosvitales\\buscar.php', 91)
 2 SYSTEMPATH\View\View.php(226): include('C:\\Users\\ED HER EST\\Documents\\proyectoFisio\\app\\Views\\signosvitales\\buscar.php')
 3 SYSTEMPATH\View\View.php(229): CodeIgniter\View\View->CodeIgniter\View\{closure}()
 4 SYSTEMPATH\Common.php(1188): CodeIgniter\View\View->render('signosvitales/buscar', [], true)
 5 APPPATH\Controllers\SignosVitales.php(97): view('signosvitales/buscar', [...])
 6 SYSTEMPATH\CodeIgniter.php(919): App\Controllers\SignosVitales->buscar()
 7 SYSTEMPATH\CodeIgniter.php(494): CodeIgniter\CodeIgniter->runController(Object(App\Controllers\SignosVitales))
 8 SYSTEMPATH\CodeIgniter.php(353): CodeIgniter\CodeIgniter->handleRequest(null, Object(Config\Cache), false)
 9 FCPATH\index.php(79): CodeIgniter\CodeIgniter->run()
10 SYSTEMPATH\Commands\Server\rewrite.php(47): require_once('C:\\Users\\ED HER EST\\Documents\\proyectoFisio\\public\\index.php')
